Log file open, 03/05/21 15:30:45
LogInit: Display: Running engine for game: CppProject
LogPlatformFile: Not using cached read wrapper
LogTaskGraph: Started task graph with 5 named threads and 47 total threads with 3 sets of task threads.
LogStats: Stats thread started at 20.685305
LogD3D11RHI: Loaded GFSDK_Aftermath_Lib.x64.dll
LogICUInternationalization: ICU TimeZone Detection - Raw Offset: +9:00, Platform Override: ''
LogPluginManager: Mounting plugin Paper2D
LogPluginManager: Mounting plugin AISupport
LogPluginManager: Mounting plugin LightPropagationVolume
LogPluginManager: Mounting plugin CameraShakePreviewer
LogPluginManager: Mounting plugin ActorLayerUtilities
LogPluginManager: Mounting plugin AnimationSharing
LogPluginManager: Mounting plugin CLionSourceCodeAccess
LogPluginManager: Mounting plugin CodeLiteSourceCodeAccess
LogPluginManager: Mounting plugin GitSourceControl
LogPluginManager: Mounting plugin KDevelopSourceCodeAccess
LogPluginManager: Mounting plugin NullSourceCodeAccess
LogPluginManager: Mounting plugin PerforceSourceControl
LogPluginManager: Mounting plugin PlasticSourceControl
LogPluginManager: Mounting plugin RiderSourceCodeAccess
LogPluginManager: Mounting plugin SubversionSourceControl
LogPluginManager: Mounting plugin UObjectPlugin
LogPluginManager: Mounting plugin VisualStudioCodeSourceCodeAccess
LogPluginManager: Mounting plugin VisualStudioSourceCodeAccess
LogPluginManager: Mounting plugin XCodeSourceCodeAccess
LogPluginManager: Mounting plugin AssetManagerEditor
LogPluginManager: Mounting plugin CryptoKeys
LogPluginManager: Mounting plugin CurveEditorTools
LogPluginManager: Mounting plugin DataValidation
LogPluginManager: Mounting plugin EditorScriptingUtilities
LogPluginManager: Mounting plugin FacialAnimation
LogPluginManager: Mounting plugin GameplayTagsEditor
LogPluginManager: Mounting plugin GeometryMode
LogPluginManager: Mounting plugin MacGraphicsSwitching
LogPluginManager: Mounting plugin MaterialAnalyzer
LogPluginManager: Mounting plugin MobileLauncherProfileWizard
LogPluginManager: Mounting plugin PluginBrowser
LogPluginManager: Mounting plugin SpeedTreeImporter
LogPluginManager: Mounting plugin DatasmithContent
LogPluginManager: Mounting plugin VariantManagerContent
LogPluginManager: Mounting plugin AlembicImporter
LogPluginManager: Mounting plugin AutomationUtils
LogPluginManager: Mounting plugin BackChannel
LogPluginManager: Mounting plugin ChaosCloth
LogPluginManager: Mounting plugin ChaosClothEditor
LogPluginManager: Mounting plugin ChaosEditor
LogPluginManager: Mounting plugin ChaosNiagara
LogPluginManager: Mounting plugin ChaosSolverPlugin
LogPluginManager: Mounting plugin CharacterAI
LogPluginManager: Mounting plugin GeometryCache
LogPluginManager: Mounting plugin GeometryCollectionPlugin
LogPluginManager: Mounting plugin GeometryProcessing
LogPluginManager: Mounting plugin PlanarCut
LogPluginManager: Mounting plugin PlatformCrypto
LogPluginManager: Mounting plugin ProxyLODPlugin
LogPluginManager: Mounting plugin SkeletalReduction
LogPluginManager: Mounting plugin Niagara
LogPluginManager: Mounting plugin MagicLeap
LogPluginManager: Mounting plugin MagicLeapLightEstimation
LogPluginManager: Mounting plugin MagicLeapMedia
LogPluginManager: Mounting plugin MagicLeapPassableWorld
LogPluginManager: Mounting plugin MLSDK
LogPluginManager: Mounting plugin AndroidMedia
LogPluginManager: Mounting plugin AvfMedia
LogPluginManager: Mounting plugin ImgMedia
LogPluginManager: Mounting plugin MediaCompositing
LogPluginManager: Mounting plugin MediaPlayerEditor
LogPluginManager: Mounting plugin WebMMedia
LogPluginManager: Mounting plugin WmfMedia
LogPluginManager: Mounting plugin MeshPainting
LogPluginManager: Mounting plugin TcpMessaging
LogPluginManager: Mounting plugin UdpMessaging
LogPluginManager: Mounting plugin ActorSequence
LogPluginManager: Mounting plugin LevelSequenceEditor
LogPluginManager: Mounting plugin MatineeToLevelSequence
LogPluginManager: Mounting plugin MovieRenderPipeline
LogPluginManager: Mounting plugin TemplateSequence
LogPluginManager: Mounting plugin NetcodeUnitTest
LogPluginManager: Mounting plugin NUTUnrealEngine4
LogPluginManager: Mounting plugin OnlineSubsystemGooglePlay
LogPluginManager: Mounting plugin OnlineSubsystemIOS
LogPluginManager: Mounting plugin OnlineSubsystem
LogPluginManager: Mounting plugin OnlineSubsystemNull
LogPluginManager: Mounting plugin OnlineSubsystemUtils
LogPluginManager: Mounting plugin LauncherChunkInstaller
LogPluginManager: Mounting plugin AndroidDeviceProfileSelector
LogPluginManager: Mounting plugin AndroidMoviePlayer
LogPluginManager: Mounting plugin AndroidPermission
LogPluginManager: Mounting plugin AppleImageUtils
LogPluginManager: Mounting plugin AppleMoviePlayer
LogPluginManager: Mounting plugin ArchVisCharacter
LogPluginManager: Mounting plugin AssetTags
LogPluginManager: Mounting plugin AudioCapture
LogPluginManager: Mounting plugin CableComponent
LogPluginManager: Mounting plugin CustomMeshComponent
LogPluginManager: Mounting plugin EditableMesh
LogPluginManager: Mounting plugin ExampleDeviceProfileSelector
LogPluginManager: Mounting plugin GoogleCloudMessaging
LogPluginManager: Mounting plugin GooglePAD
LogPluginManager: Mounting plugin IOSDeviceProfileSelector
LogPluginManager: Mounting plugin LinuxDeviceProfileSelector
LogPluginManager: Mounting plugin LocationServicesBPLibrary
LogPluginManager: Mounting plugin MobilePatchingUtils
LogPluginManager: Mounting plugin OculusVR
LogPluginManager: Mounting plugin PhysXVehicles
LogPluginManager: Mounting plugin PostSplashScreen
LogPluginManager: Mounting plugin ProceduralMeshComponent
LogPluginManager: Mounting plugin RuntimePhysXCooking
LogPluginManager: Mounting plugin SignificanceManager
LogPluginManager: Mounting plugin SoundFields
LogPluginManager: Mounting plugin SteamVR
LogPluginManager: Mounting plugin Synthesis
LogPluginManager: Mounting plugin WebMMoviePlayer
LogPluginManager: Mounting plugin WindowsMoviePlayer
LogPluginManager: Mounting plugin ScreenshotTools
LogInit: Using libcurl 7.55.1-DEV
LogInit:  - built for x86_64-pc-win32
LogInit:  - supports SSL with OpenSSL/1.1.1
LogInit:  - supports HTTP deflate (compression) using libz 1.2.8
LogInit:  - other features:
LogInit:      CURL_VERSION_SSL
LogInit:      CURL_VERSION_LIBZ
LogInit:      CURL_VERSION_IPV6
LogInit:      CURL_VERSION_ASYNCHDNS
LogInit:      CURL_VERSION_LARGEFILE
LogInit:      CURL_VERSION_IDN
LogInit:  CurlRequestOptions (configurable via config and command line):
LogInit:  - bVerifyPeer = true  - Libcurl will verify peer certificate
LogInit:  - bUseHttpProxy = false  - Libcurl will NOT use HTTP proxy
LogInit:  - bDontReuseConnections = false  - Libcurl will reuse connections
LogInit:  - MaxHostConnections = 16  - Libcurl will limit the number of connections to a host
LogInit:  - LocalHostAddr = Default
LogInit:  - BufferSize = 65536
LogOnline: OSS: Creating online subsystem instance for: NULL
LogInit: WinSock: version 1.1 (2.2), MaxSocks=32767, MaxUdp=65467
LogOnline: OSS: TryLoadSubsystemAndSetDefault: Loaded subsystem for module [NULL]
LogInit: Build: ++UE4+Release-4.25-CL-14469661
LogInit: Engine Version: 4.25.4-14469661+++UE4+Release-4.25
LogInit: Compatible Engine Version: 4.25.0-13144385+++UE4+Release-4.25
LogInit: Net CL: 13144385
LogInit: OS: Windows 10 (Release 2004) (), CPU: AMD Ryzen 7 3700X 8-Core Processor             , GPU: NVIDIA GeForce RTX 2070 SUPER
LogInit: Compiled (64-bit): Oct 11 2020 08:10:49
LogInit: Compiled with Visual C++: 19.24.28315.00
LogInit: Build Configuration: DebugGame
LogInit: Branch Name: ++UE4+Release-4.25
LogInit: Command Line:  -skipcompile
LogInit: Base Directory: D:/Program Files/Epic Games/UE_4.25/Engine/Binaries/Win64/
LogInit: Allocator: TBB
LogInit: Installed Engine Build: 1
LogDevObjectVersion: Number of dev versions registered: 26
LogDevObjectVersion:   Dev-Blueprints (B0D832E4-1F89-4F0D-ACCF-7EB736FD4AA2): 10
LogDevObjectVersion:   Dev-Build (E1C64328-A22C-4D53-A36C-8E866417BD8C): 0
LogDevObjectVersion:   Dev-Core (375EC13C-06E4-48FB-B500-84F0262A717E): 4
LogDevObjectVersion:   Dev-Editor (E4B068ED-F494-42E9-A231-DA0B2E46BB41): 38
LogDevObjectVersion:   Dev-Framework (CFFC743F-43B0-4480-9391-14DF171D2073): 37
LogDevObjectVersion:   Dev-Mobile (B02B49B5-BB20-44E9-A304-32B752E40360): 2
LogDevObjectVersion:   Dev-Networking (A4E4105C-59A1-49B5-A7C5-40C4547EDFEE): 0
LogDevObjectVersion:   Dev-Online (39C831C9-5AE6-47DC-9A44-9C173E1C8E7C): 0
LogDevObjectVersion:   Dev-Physics (78F01B33-EBEA-4F98-B9B4-84EACCB95AA2): 4
LogDevObjectVersion:   Dev-Platform (6631380F-2D4D-43E0-8009-CF276956A95A): 0
LogDevObjectVersion:   Dev-Rendering (12F88B9F-8875-4AFC-A67C-D90C383ABD29): 43
LogDevObjectVersion:   Dev-Sequencer (7B5AE74C-D270-4C10-A958-57980B212A5A): 12
LogDevObjectVersion:   Dev-VR (D7296918-1DD6-4BDD-9DE2-64A83CC13884): 3
LogDevObjectVersion:   Dev-LoadTimes (C2A15278-BFE7-4AFE-6C17-90FF531DF755): 1
LogDevObjectVersion:   Private-Geometry (6EACA3D4-40EC-4CC1-B786-8BED09428FC5): 3
LogDevObjectVersion:   Dev-AnimPhys (29E575DD-E0A3-4627-9D10-D276232CDCEA): 17
LogDevObjectVersion:   Dev-Anim (AF43A65D-7FD3-4947-9873-3E8ED9C1BB05): 7
LogDevObjectVersion:   Dev-ReflectionCapture (6B266CEC-1EC7-4B8F-A30B-E4D90942FC07): 1
LogDevObjectVersion:   Dev-Automation (0DF73D61-A23F-47EA-B727-89E90C41499A): 1
LogDevObjectVersion:   FortniteMain (601D1886-AC64-4F84-AA16-D3DE0DEAC7D6): 31
LogDevObjectVersion:   Dev-Enterprise (9DFFBCD6-494F-0158-E221-12823C92A888): 10
LogDevObjectVersion:   Dev-Niagara (F2AED0AC-9AFE-416F-8664-AA7FFA26D6FC): 1
LogDevObjectVersion:   Dev-Destruction (174F1F0B-B4C6-45A5-B13F-2EE8D0FB917D): 10
LogDevObjectVersion:   Dev-Physics-Ext (35F94A83-E258-406C-A318-09F59610247C): 37
LogDevObjectVersion:   Dev-PhysicsMaterial-Chaos (B68FC16E-8B1B-42E2-B453-215C058844FE): 1
LogDevObjectVersion:   Dev-CineCamera (B2E18506-4273-CFC2-A54E-F4BB758BBA07): 1
LogInit: Presizing for max 25165824 objects, including 0 objects not considered by GC, pre-allocating 0 bytes for permanent pool.
LogConfig: Applying CVar settings from Section [/Script/Engine.StreamingSettings] File [D:/Coding/Unreal_game_programming_BP/CHAPTER06/CppProject/Saved/Config/Windows/Engine.ini]
LogConfig: Setting CVar [[s.MinBulkDataSizeForAsyncLoading:131072]]
LogConfig: Setting CVar [[s.AsyncLoadingThreadEnabled:0]]
LogConfig: Setting CVar [[s.EventDrivenLoaderEnabled:1]]
LogConfig: Setting CVar [[s.WarnIfTimeLimitExceeded:0]]
LogConfig: Setting CVar [[s.TimeLimitExceededMultiplier:1.5]]
LogConfig: Setting CVar [[s.TimeLimitExceededMinTime:0.005]]
LogConfig: Setting CVar [[s.UseBackgroundLevelStreaming:1]]
LogConfig: Setting CVar [[s.PriorityAsyncLoadingExtraTime:15.0]]
LogConfig: Setting CVar [[s.LevelStreamingActorsUpdateTimeLimit:5.0]]
LogConfig: Setting CVar [[s.PriorityLevelStreamingActorsUpdateExtraTime:5.0]]
LogConfig: Setting CVar [[s.LevelStreamingComponentsRegistrationGranularity:10]]
LogConfig: Setting CVar [[s.UnregisterComponentsTimeLimit:1.0]]
LogConfig: Setting CVar [[s.LevelStreamingComponentsUnregistrationGranularity:5]]
LogConfig: Setting CVar [[s.FlushStreamingOnExit:1]]
LogInit: Object subsystem initialized
LogConfig: Setting CVar [[con.DebugEarlyDefault:1]]
LogConfig: Setting CVar [[r.setres:1280x720]]
[2021.03.05-06.31.36:268][  0]LogConfig: Setting CVar [[r.VSync:0]]
[2021.03.05-06.31.36:268][  0]LogConfig: Setting CVar [[r.RHICmdBypass:0]]
[2021.03.05-06.31.36:268][  0]LogConfig: Applying CVar settings from Section [/Script/Engine.RendererSettings] File [D:/Coding/Unreal_game_programming_BP/CHAPTER06/CppProject/Saved/Config/Windows/Engine.ini]
[2021.03.05-06.31.36:268][  0]LogConfig: Setting CVar [[r.GPUCrashDebugging:0]]
[2021.03.05-06.31.36:268][  0]LogConfig: Applying CVar settings from Section [/Script/Engine.RendererOverrideSettings] File [D:/Coding/Unreal_game_programming_BP/CHAPTER06/CppProject/Saved/Config/Windows/Engine.ini]
[2021.03.05-06.31.36:268][  0]LogConfig: Applying CVar settings from Section [/Script/Engine.StreamingSettings] File [D:/Coding/Unreal_game_programming_BP/CHAPTER06/CppProject/Saved/Config/Windows/Engine.ini]
[2021.03.05-06.31.36:268][  0]LogConfig: Setting CVar [[s.MinBulkDataSizeForAsyncLoading:131072]]
[2021.03.05-06.31.36:268][  0]LogConfig: Setting CVar [[s.AsyncLoadingThreadEnabled:0]]
[2021.03.05-06.31.36:268][  0]LogConfig: Setting CVar [[s.EventDrivenLoaderEnabled:1]]
[2021.03.05-06.31.36:268][  0]LogConfig: Setting CVar [[s.WarnIfTimeLimitExceeded:0]]
[2021.03.05-06.31.36:268][  0]LogConfig: Setting CVar [[s.TimeLimitExceededMultiplier:1.5]]
[2021.03.05-06.31.36:268][  0]LogConfig: Setting CVar [[s.TimeLimitExceededMinTime:0.005]]
[2021.03.05-06.31.36:268][  0]LogConfig: Setting CVar [[s.UseBackgroundLevelStreaming:1]]
[2021.03.05-06.31.36:270][  0]LogConfig: Setting CVar [[s.PriorityAsyncLoadingExtraTime:15.0]]
[2021.03.05-06.31.36:270][  0]LogConfig: Setting CVar [[s.LevelStreamingActorsUpdateTimeLimit:5.0]]
[2021.03.05-06.31.36:270][  0]LogConfig: Setting CVar [[s.PriorityLevelStreamingActorsUpdateExtraTime:5.0]]
[2021.03.05-06.31.36:270][  0]LogConfig: Setting CVar [[s.LevelStreamingComponentsRegistrationGranularity:10]]
[2021.03.05-06.31.36:270][  0]LogConfig: Setting CVar [[s.UnregisterComponentsTimeLimit:1.0]]
[2021.03.05-06.31.36:270][  0]LogConfig: Setting CVar [[s.LevelStreamingComponentsUnregistrationGranularity:5]]
[2021.03.05-06.31.36:270][  0]LogConfig: Setting CVar [[s.FlushStreamingOnExit:1]]
[2021.03.05-06.31.36:270][  0]LogConfig: Applying CVar settings from Section [/Script/Engine.GarbageCollectionSettings] File [D:/Coding/Unreal_game_programming_BP/CHAPTER06/CppProject/Saved/Config/Windows/Engine.ini]
[2021.03.05-06.31.36:270][  0]LogConfig: Setting CVar [[gc.MaxObjectsNotConsideredByGC:1]]
[2021.03.05-06.31.36:270][  0]LogConfig: Setting CVar [[gc.SizeOfPermanentObjectPool:0]]
[2021.03.05-06.31.36:270][  0]LogConfig: Setting CVar [[gc.FlushStreamingOnGC:0]]
[2021.03.05-06.31.36:270][  0]LogConfig: Setting CVar [[gc.NumRetriesBeforeForcingGC:10]]
[2021.03.05-06.31.36:270][  0]LogConfig: Setting CVar [[gc.AllowParallelGC:1]]
[2021.03.05-06.31.36:270][  0]LogConfig: Setting CVar [[gc.TimeBetweenPurgingPendingKillObjects:61.1]]
[2021.03.05-06.31.36:270][  0]LogConfig: Setting CVar [[gc.MaxObjectsInEditor:25165824]]
[2021.03.05-06.31.36:270][  0]LogConfig: Setting CVar [[gc.IncrementalBeginDestroyEnabled:1]]
[2021.03.05-06.31.36:270][  0]LogConfig: Setting CVar [[gc.CreateGCClusters:1]]
[2021.03.05-06.31.36:271][  0]LogConfig: Setting CVar [[gc.MinGCClusterSize:5]]
[2021.03.05-06.31.36:271][  0]LogConfig: Setting CVar [[gc.ActorClusteringEnabled:0]]
[2021.03.05-06.31.36:271][  0]LogConfig: Setting CVar [[gc.BlueprintClusteringEnabled:0]]
[2021.03.05-06.31.36:271][  0]LogConfig: Setting CVar [[gc.UseDisregardForGCOnDedicatedServers:0]]
[2021.03.05-06.31.36:271][  0]LogConfig: Applying CVar settings from Section [/Script/Engine.NetworkSettings] File [D:/Coding/Unreal_game_programming_BP/CHAPTER06/CppProject/Saved/Config/Windows/Engine.ini]
[2021.03.05-06.31.36:271][  0]LogConfig: Applying CVar settings from Section [/Script/UnrealEd.CookerSettings] File [D:/Coding/Unreal_game_programming_BP/CHAPTER06/CppProject/Saved/Config/Windows/Engine.ini]
[2021.03.05-06.31.38:084][  0]LogConfig: Applying CVar settings from Section [ViewDistanceQuality@3] File [D:/Coding/Unreal_game_programming_BP/CHAPTER06/CppProject/Saved/Config/Windows/Scalability.ini]
[2021.03.05-06.31.38:084][  0]LogConfig: Setting CVar [[r.SkeletalMeshLODBias:0]]
[2021.03.05-06.31.38:084][  0]LogConfig: Setting CVar [[r.ViewDistanceScale:1.0]]
[2021.03.05-06.31.38:084][  0]LogConfig: Applying CVar settings from Section [AntiAliasingQuality@3] File [D:/Coding/Unreal_game_programming_BP/CHAPTER06/CppProject/Saved/Config/Windows/Scalability.ini]
[2021.03.05-06.31.38:084][  0]LogConfig: Setting CVar [[r.PostProcessAAQuality:4]]
[2021.03.05-06.31.38:084][  0]LogConfig: Applying CVar settings from Section [ShadowQuality@3] File [D:/Coding/Unreal_game_programming_BP/CHAPTER06/CppProject/Saved/Config/Windows/Scalability.ini]
[2021.03.05-06.31.38:084][  0]LogConfig: Setting CVar [[r.LightFunctionQuality:1]]
[2021.03.05-06.31.38:084][  0]LogConfig: Setting CVar [[r.ShadowQuality:5]]
[2021.03.05-06.31.38:084][  0]LogConfig: Setting CVar [[r.Shadow.CSM.MaxCascades:10]]
[2021.03.05-06.31.38:084][  0]LogConfig: Setting CVar [[r.Shadow.MaxResolution:2048]]
[2021.03.05-06.31.38:084][  0]LogConfig: Setting CVar [[r.Shadow.MaxCSMResolution:2048]]
[2021.03.05-06.31.38:084][  0]LogConfig: Setting CVar [[r.Shadow.RadiusThreshold:0.01]]
[2021.03.05-06.31.38:085][  0]LogConfig: Setting CVar [[r.Shadow.DistanceScale:1.0]]
[2021.03.05-06.31.38:085][  0]LogConfig: Setting CVar [[r.Shadow.CSM.TransitionScale:1.0]]
[2021.03.05-06.31.38:085][  0]LogConfig: Setting CVar [[r.Shadow.PreShadowResolutionFactor:1.0]]
[2021.03.05-06.31.38:085][  0]LogConfig: Setting CVar [[r.DistanceFieldShadowing:1]]
[2021.03.05-06.31.38:085][  0]LogConfig: Setting CVar [[r.DistanceFieldAO:1]]
[2021.03.05-06.31.38:085][  0]LogConfig: Setting CVar [[r.AOQuality:2]]
[2021.03.05-06.31.38:085][  0]LogConfig: Setting CVar [[r.VolumetricFog:1]]
[2021.03.05-06.31.38:085][  0]LogConfig: Setting CVar [[r.VolumetricFog.GridPixelSize:8]]
[2021.03.05-06.31.38:085][  0]LogConfig: Setting CVar [[r.VolumetricFog.GridSizeZ:128]]
[2021.03.05-06.31.38:085][  0]LogConfig: Setting CVar [[r.VolumetricFog.HistoryMissSupersampleCount:4]]
[2021.03.05-06.31.38:085][  0]LogConfig: Setting CVar [[r.LightMaxDrawDistanceScale:1]]
[2021.03.05-06.31.38:085][  0]LogConfig: Setting CVar [[r.CapsuleShadows:1]]
[2021.03.05-06.31.38:085][  0]LogConfig: Applying CVar settings from Section [PostProcessQuality@3] File [D:/Coding/Unreal_game_programming_BP/CHAPTER06/CppProject/Saved/Config/Windows/Scalability.ini]
[2021.03.05-06.31.38:085][  0]LogConfig: Setting CVar [[r.MotionBlurQuality:4]]
[2021.03.05-06.31.38:085][  0]LogConfig: Setting CVar [[r.AmbientOcclusionMipLevelFactor:0.4]]
[2021.03.05-06.31.38:085][  0]LogConfig: Setting CVar [[r.AmbientOcclusionMaxQuality:100]]
[2021.03.05-06.31.38:086][  0]LogConfig: Setting CVar [[r.AmbientOcclusionLevels:-1]]
[2021.03.05-06.31.38:086][  0]LogConfig: Setting CVar [[r.AmbientOcclusionRadiusScale:1.0]]
[2021.03.05-06.31.38:086][  0]LogConfig: Setting CVar [[r.DepthOfFieldQuality:2]]
[2021.03.05-06.31.38:086][  0]LogConfig: Setting CVar [[r.RenderTargetPoolMin:400]]
[2021.03.05-06.31.38:086][  0]LogConfig: Setting CVar [[r.LensFlareQuality:2]]
[2021.03.05-06.31.38:086][  0]LogConfig: Setting CVar [[r.SceneColorFringeQuality:1]]
[2021.03.05-06.31.38:086][  0]LogConfig: Setting CVar [[r.EyeAdaptationQuality:2]]
[2021.03.05-06.31.38:086][  0]LogConfig: Setting CVar [[r.BloomQuality:5]]
[2021.03.05-06.31.38:086][  0]LogConfig: Setting CVar [[r.FastBlurThreshold:100]]
[2021.03.05-06.31.38:086][  0]LogConfig: Setting CVar [[r.Upscale.Quality:3]]
[2021.03.05-06.31.38:086][  0]LogConfig: Setting CVar [[r.Tonemapper.GrainQuantization:1]]
[2021.03.05-06.31.38:086][  0]LogConfig: Setting CVar [[r.LightShaftQuality:1]]
[2021.03.05-06.31.38:086][  0]LogConfig: Setting CVar [[r.Filter.SizeScale:1]]
[2021.03.05-06.31.38:086][  0]LogConfig: Setting CVar [[r.Tonemapper.Quality:5]]
[2021.03.05-06.31.38:086][  0]LogConfig: Setting CVar [[r.DOF.Gather.AccumulatorQuality:1        ; higher gathering accumulator quality]]
[2021.03.05-06.31.38:086][  0]LogConfig: Setting CVar [[r.DOF.Gather.PostfilterMethod:1          ; Median3x3 postfilering method]]
[2021.03.05-06.31.38:086][  0]LogConfig: Setting CVar [[r.DOF.Gather.EnableBokehSettings:0       ; no bokeh simulation when gathering]]
[2021.03.05-06.31.38:086][  0]LogConfig: Setting CVar [[r.DOF.Gather.RingCount:4                 ; medium number of samples when gathering]]
[2021.03.05-06.31.38:086][  0]LogConfig: Setting CVar [[r.DOF.Scatter.ForegroundCompositing:1    ; additive foreground scattering]]
[2021.03.05-06.31.38:087][  0]LogConfig: Setting CVar [[r.DOF.Scatter.BackgroundCompositing:2    ; additive background scattering]]
[2021.03.05-06.31.38:087][  0]LogConfig: Setting CVar [[r.DOF.Scatter.EnableBokehSettings:1      ; bokeh simulation when scattering]]
[2021.03.05-06.31.38:087][  0]LogConfig: Setting CVar [[r.DOF.Scatter.MaxSpriteRatio:0.1         ; only a maximum of 10% of scattered bokeh]]
[2021.03.05-06.31.38:087][  0]LogConfig: Setting CVar [[r.DOF.Recombine.Quality:1                ; cheap slight out of focus]]
[2021.03.05-06.31.38:087][  0]LogConfig: Setting CVar [[r.DOF.Recombine.EnableBokehSettings:0    ; no bokeh simulation on slight out of focus]]
[2021.03.05-06.31.38:087][  0]LogConfig: Setting CVar [[r.DOF.TemporalAAQuality:1                ; more stable temporal accumulation]]
[2021.03.05-06.31.38:087][  0]LogConfig: Setting CVar [[r.DOF.Kernel.MaxForegroundRadius:0.025]]
[2021.03.05-06.31.38:087][  0]LogConfig: Setting CVar [[r.DOF.Kernel.MaxBackgroundRadius:0.025]]
[2021.03.05-06.31.38:087][  0]LogConfig: Applying CVar settings from Section [TextureQuality@3] File [D:/Coding/Unreal_game_programming_BP/CHAPTER06/CppProject/Saved/Config/Windows/Scalability.ini]
[2021.03.05-06.31.38:087][  0]LogConfig: Setting CVar [[r.Streaming.MipBias:0]]
[2021.03.05-06.31.38:087][  0]LogConfig: Setting CVar [[r.Streaming.AmortizeCPUToGPUCopy:0]]
[2021.03.05-06.31.38:087][  0]LogConfig: Setting CVar [[r.Streaming.MaxNumTexturesToStreamPerFrame:0]]
[2021.03.05-06.31.38:087][  0]LogConfig: Setting CVar [[r.Streaming.Boost:1]]
[2021.03.05-06.31.38:087][  0]LogConfig: Setting CVar [[r.MaxAnisotropy:8]]
[2021.03.05-06.31.38:087][  0]LogConfig: Setting CVar [[r.VT.MaxAnisotropy:8]]
[2021.03.05-06.31.38:087][  0]LogConfig: Setting CVar [[r.Streaming.LimitPoolSizeToVRAM:0]]
[2021.03.05-06.31.38:088][  0]LogConfig: Setting CVar [[r.Streaming.PoolSize:1000]]
[2021.03.05-06.31.38:088][  0]LogConfig: Setting CVar [[r.Streaming.MaxEffectiveScreenSize:0]]
[2021.03.05-06.31.38:088][  0]LogConfig: Applying CVar settings from Section [EffectsQuality@3] File [D:/Coding/Unreal_game_programming_BP/CHAPTER06/CppProject/Saved/Config/Windows/Scalability.ini]
[2021.03.05-06.31.38:088][  0]LogConfig: Setting CVar [[r.TranslucencyLightingVolumeDim:64]]
[2021.03.05-06.31.38:088][  0]LogConfig: Setting CVar [[r.RefractionQuality:2]]
[2021.03.05-06.31.38:088][  0]LogConfig: Setting CVar [[r.SSR.Quality:3]]
[2021.03.05-06.31.38:088][  0]LogConfig: Setting CVar [[r.SSR.HalfResSceneColor:0]]
[2021.03.05-06.31.38:088][  0]LogConfig: Setting CVar [[r.SceneColorFormat:4]]
[2021.03.05-06.31.38:088][  0]LogConfig: Setting CVar [[r.DetailMode:2]]
[2021.03.05-06.31.38:088][  0]LogConfig: Setting CVar [[r.TranslucencyVolumeBlur:1]]
[2021.03.05-06.31.38:088][  0]LogConfig: Setting CVar [[r.MaterialQualityLevel:1 ; High quality]]
[2021.03.05-06.31.38:088][  0]LogConfig: Setting CVar [[r.SSS.Scale:1]]
[2021.03.05-06.31.38:088][  0]LogConfig: Setting CVar [[r.SSS.SampleSet:2]]
[2021.03.05-06.31.38:088][  0]LogConfig: Setting CVar [[r.SSS.Quality:1]]
[2021.03.05-06.31.38:088][  0]LogConfig: Setting CVar [[r.SSS.HalfRes:0]]
[2021.03.05-06.31.38:089][  0]LogConfig: Setting CVar [[r.SSGI.Quality:3]]
[2021.03.05-06.31.38:089][  0]LogConfig: Setting CVar [[r.EmitterSpawnRateScale:1.0]]
[2021.03.05-06.31.38:089][  0]LogConfig: Setting CVar [[r.ParticleLightQuality:2]]
[2021.03.05-06.31.38:089][  0]LogConfig: Setting CVar [[r.SkyAtmosphere.AerialPerspectiveLUT.FastApplyOnOpaque:1 ; Always have FastSkyLUT 1 in this case to avoid wrong sky]]
[2021.03.05-06.31.38:089][  0]LogConfig: Setting CVar [[r.SkyAtmosphere.AerialPerspectiveLUT.SampleCountPerSlice:1]]
[2021.03.05-06.31.38:089][  0]LogConfig: Setting CVar [[r.SkyAtmosphere.AerialPerspectiveLUT.DepthResolution:16.0]]
[2021.03.05-06.31.38:089][  0]LogConfig: Setting CVar [[r.SkyAtmosphere.FastSkyLUT:1]]
[2021.03.05-06.31.38:089][  0]LogConfig: Setting CVar [[r.SkyAtmosphere.FastSkyLUT.SampleCountMin:4.0]]
[2021.03.05-06.31.38:089][  0]LogConfig: Setting CVar [[r.SkyAtmosphere.FastSkyLUT.SampleCountMax:32.0]]
[2021.03.05-06.31.38:089][  0]LogConfig: Setting CVar [[r.SkyAtmosphere.SampleCountMin:4.0]]
[2021.03.05-06.31.38:089][  0]LogConfig: Setting CVar [[r.SkyAtmosphere.SampleCountMax:32.0]]
[2021.03.05-06.31.38:089][  0]LogConfig: Setting CVar [[r.SkyAtmosphere.TransmittanceLUT.UseSmallFormat:0]]
[2021.03.05-06.31.38:089][  0]LogConfig: Setting CVar [[r.SkyAtmosphere.TransmittanceLUT.SampleCount:10.0]]
[2021.03.05-06.31.38:089][  0]LogConfig: Setting CVar [[r.SkyAtmosphere.MultiScatteringLUT.SampleCount:15.0]]
[2021.03.05-06.31.38:089][  0]LogConfig: Applying CVar settings from Section [FoliageQuality@3] File [D:/Coding/Unreal_game_programming_BP/CHAPTER06/CppProject/Saved/Config/Windows/Scalability.ini]
[2021.03.05-06.31.38:089][  0]LogConfig: Setting CVar [[foliage.DensityScale:1.0]]
[2021.03.05-06.31.38:089][  0]LogConfig: Setting CVar [[grass.DensityScale:1.0]]
[2021.03.05-06.31.38:089][  0]LogConfig: Applying CVar settings from Section [ShadingQuality@3] File [D:/Coding/Unreal_game_programming_BP/CHAPTER06/CppProject/Saved/Config/Windows/Scalability.ini]
[2021.03.05-06.31.38:090][  0]LogConfig: Setting CVar [[r.HairStrands.SkyLighting.SampleCount:16]]
[2021.03.05-06.31.38:090][  0]LogConfig: Setting CVar [[r.HairStrands.SkyLighting.JitterIntegration:0]]
[2021.03.05-06.31.38:090][  0]LogConfig: Setting CVar [[r.HairStrands.SkyAO.SampleCount:16]]
[2021.03.05-06.31.38:090][  0]LogConfig: Setting CVar [[r.HairStrands.DeepShadow.SuperSampling:0]]
[2021.03.05-06.31.38:090][  0]LogConfig: Setting CVar [[r.HairStrands.VisibilityPPLL:0]]
[2021.03.05-06.31.38:090][  0]LogConfig: Setting CVar [[r.HairStrands.RasterizationScale:0.5]]
[2021.03.05-06.31.38:090][  0]LogConfig: Setting CVar [[r.HairStrands.VelocityRasterizationScale:1]]
[2021.03.05-06.31.38:090][  0]LogInit: Selected Device Profile: [Windows]
[2021.03.05-06.31.38:090][  0]LogInit: Applying CVar settings loaded from the selected device profile: [Windows]
[2021.03.05-06.31.38:090][  0]LogHAL: Display: Platform has ~ 32 GB [34287513600 / 34359738368 / 32], which maps to Largest [LargestMinGB=32, LargerMinGB=12, DefaultMinGB=8, SmallerMinGB=6, SmallestMinGB=0)
[2021.03.05-06.31.38:090][  0]LogInit: Going up to parent DeviceProfile []
[2021.03.05-06.31.38:090][  0]LogConfig: Applying CVar settings from Section [ViewDistanceQuality@3] File [D:/Coding/Unreal_game_programming_BP/CHAPTER06/CppProject/Saved/Config/Windows/Scalability.ini]
[2021.03.05-06.31.38:090][  0]LogConfig: Setting CVar [[r.SkeletalMeshLODBias:0]]
[2021.03.05-06.31.38:090][  0]LogConfig: Setting CVar [[r.ViewDistanceScale:1.0]]
[2021.03.05-06.31.38:090][  0]LogConfig: Applying CVar settings from Section [AntiAliasingQuality@3] File [D:/Coding/Unreal_game_programming_BP/CHAPTER06/CppProject/Saved/Config/Windows/Scalability.ini]
[2021.03.05-06.31.38:090][  0]LogConfig: Setting CVar [[r.PostProcessAAQuality:4]]
[2021.03.05-06.31.38:091][  0]LogConfig: Applying CVar settings from Section [ShadowQuality@3] File [D:/Coding/Unreal_game_programming_BP/CHAPTER06/CppProject/Saved/Config/Windows/Scalability.ini]
[2021.03.05-06.31.38:091][  0]LogConfig: Setting CVar [[r.LightFunctionQuality:1]]
[2021.03.05-06.31.38:091][  0]LogConfig: Setting CVar [[r.ShadowQuality:5]]
[2021.03.05-06.31.38:091][  0]LogConfig: Setting CVar [[r.Shadow.CSM.MaxCascades:10]]
[2021.03.05-06.31.38:091][  0]LogConfig: Setting CVar [[r.Shadow.MaxResolution:2048]]
[2021.03.05-06.31.38:091][  0]LogConfig: Setting CVar [[r.Shadow.MaxCSMResolution:2048]]
[2021.03.05-06.31.38:091][  0]LogConfig: Setting CVar [[r.Shadow.RadiusThreshold:0.01]]
[2021.03.05-06.31.38:091][  0]LogConfig: Setting CVar [[r.Shadow.DistanceScale:1.0]]
[2021.03.05-06.31.38:091][  0]LogConfig: Setting CVar [[r.Shadow.CSM.TransitionScale:1.0]]
[2021.03.05-06.31.38:091][  0]LogConfig: Setting CVar [[r.Shadow.PreShadowResolutionFactor:1.0]]
[2021.03.05-06.31.38:091][  0]LogConfig: Setting CVar [[r.DistanceFieldShadowing:1]]
[2021.03.05-06.31.38:091][  0]LogConfig: Setting CVar [[r.DistanceFieldAO:1]]
[2021.03.05-06.31.38:091][  0]LogConfig: Setting CVar [[r.AOQuality:2]]
[2021.03.05-06.31.38:091][  0]LogConfig: Setting CVar [[r.VolumetricFog:1]]
[2021.03.05-06.31.38:091][  0]LogConfig: Setting CVar [[r.VolumetricFog.GridPixelSize:8]]
[2021.03.05-06.31.38:091][  0]LogConfig: Setting CVar [[r.VolumetricFog.GridSizeZ:128]]
[2021.03.05-06.31.38:091][  0]LogConfig: Setting CVar [[r.VolumetricFog.HistoryMissSupersampleCount:4]]
[2021.03.05-06.31.38:092][  0]LogConfig: Setting CVar [[r.LightMaxDrawDistanceScale:1]]
[2021.03.05-06.31.38:092][  0]LogConfig: Setting CVar [[r.CapsuleShadows:1]]
[2021.03.05-06.31.38:092][  0]LogConfig: Applying CVar settings from Section [PostProcessQuality@3] File [D:/Coding/Unreal_game_programming_BP/CHAPTER06/CppProject/Saved/Config/Windows/Scalability.ini]
[2021.03.05-06.31.38:092][  0]LogConfig: Setting CVar [[r.MotionBlurQuality:4]]
[2021.03.05-06.31.38:092][  0]LogConfig: Setting CVar [[r.AmbientOcclusionMipLevelFactor:0.4]]
[2021.03.05-06.31.38:092][  0]LogConfig: Setting CVar [[r.AmbientOcclusionMaxQuality:100]]
[2021.03.05-06.31.38:092][  0]LogConfig: Setting CVar [[r.AmbientOcclusionLevels:-1]]
[2021.03.05-06.31.38:092][  0]LogConfig: Setting CVar [[r.AmbientOcclusionRadiusScale:1.0]]
[2021.03.05-06.31.38:092][  0]LogConfig: Setting CVar [[r.DepthOfFieldQuality:2]]
[2021.03.05-06.31.38:092][  0]LogConfig: Setting CVar [[r.RenderTargetPoolMin:400]]
[2021.03.05-06.31.38:092][  0]LogConfig: Setting CVar [[r.LensFlareQuality:2]]
[2021.03.05-06.31.38:092][  0]LogConfig: Setting CVar [[r.SceneColorFringeQuality:1]]
[2021.03.05-06.31.38:092][  0]LogConfig: Setting CVar [[r.EyeAdaptationQuality:2]]
[2021.03.05-06.31.38:092][  0]LogConfig: Setting CVar [[r.BloomQuality:5]]
[2021.03.05-06.31.38:092][  0]LogConfig: Setting CVar [[r.FastBlurThreshold:100]]
[2021.03.05-06.31.38:092][  0]LogConfig: Setting CVar [[r.Upscale.Quality:3]]
[2021.03.05-06.31.38:092][  0]LogConfig: Setting CVar [[r.Tonemapper.GrainQuantization:1]]
[2021.03.05-06.31.38:092][  0]LogConfig: Setting CVar [[r.LightShaftQuality:1]]
[2021.03.05-06.31.38:093][  0]LogConfig: Setting CVar [[r.Filter.SizeScale:1]]
[2021.03.05-06.31.38:093][  0]LogConfig: Setting CVar [[r.Tonemapper.Quality:5]]
[2021.03.05-06.31.38:093][  0]LogConfig: Setting CVar [[r.DOF.Gather.AccumulatorQuality:1        ; higher gathering accumulator quality]]
[2021.03.05-06.31.38:093][  0]LogConfig: Setting CVar [[r.DOF.Gather.PostfilterMethod:1          ; Median3x3 postfilering method]]
[2021.03.05-06.31.38:093][  0]LogConfig: Setting CVar [[r.DOF.Gather.EnableBokehSettings:0       ; no bokeh simulation when gathering]]
[2021.03.05-06.31.38:093][  0]LogConfig: Setting CVar [[r.DOF.Gather.RingCount:4                 ; medium number of samples when gathering]]
[2021.03.05-06.31.38:093][  0]LogConfig: Setting CVar [[r.DOF.Scatter.ForegroundCompositing:1    ; additive foreground scattering]]
[2021.03.05-06.31.38:093][  0]LogConfig: Setting CVar [[r.DOF.Scatter.BackgroundCompositing:2    ; additive background scattering]]
[2021.03.05-06.31.38:093][  0]LogConfig: Setting CVar [[r.DOF.Scatter.EnableBokehSettings:1      ; bokeh simulation when scattering]]
[2021.03.05-06.31.38:093][  0]LogConfig: Setting CVar [[r.DOF.Scatter.MaxSpriteRatio:0.1         ; only a maximum of 10% of scattered bokeh]]
[2021.03.05-06.31.38:093][  0]LogConfig: Setting CVar [[r.DOF.Recombine.Quality:1                ; cheap slight out of focus]]
[2021.03.05-06.31.38:093][  0]LogConfig: Setting CVar [[r.DOF.Recombine.EnableBokehSettings:0    ; no bokeh simulation on slight out of focus]]
[2021.03.05-06.31.38:093][  0]LogConfig: Setting CVar [[r.DOF.TemporalAAQuality:1                ; more stable temporal accumulation]]
[2021.03.05-06.31.38:093][  0]LogConfig: Setting CVar [[r.DOF.Kernel.MaxForegroundRadius:0.025]]
[2021.03.05-06.31.38:093][  0]LogConfig: Setting CVar [[r.DOF.Kernel.MaxBackgroundRadius:0.025]]
[2021.03.05-06.31.38:093][  0]LogConfig: Applying CVar settings from Section [TextureQuality@3] File [D:/Coding/Unreal_game_programming_BP/CHAPTER06/CppProject/Saved/Config/Windows/Scalability.ini]
[2021.03.05-06.31.38:093][  0]LogConfig: Setting CVar [[r.Streaming.MipBias:0]]
[2021.03.05-06.31.38:094][  0]LogConfig: Setting CVar [[r.Streaming.AmortizeCPUToGPUCopy:0]]
[2021.03.05-06.31.38:094][  0]LogConfig: Setting CVar [[r.Streaming.MaxNumTexturesToStreamPerFrame:0]]
[2021.03.05-06.31.38:094][  0]LogConfig: Setting CVar [[r.Streaming.Boost:1]]
[2021.03.05-06.31.38:094][  0]LogConfig: Setting CVar [[r.MaxAnisotropy:8]]
[2021.03.05-06.31.38:094][  0]LogConfig: Setting CVar [[r.VT.MaxAnisotropy:8]]
[2021.03.05-06.31.38:094][  0]LogConfig: Setting CVar [[r.Streaming.LimitPoolSizeToVRAM:0]]
[2021.03.05-06.31.38:094][  0]LogConfig: Setting CVar [[r.Streaming.PoolSize:1000]]
[2021.03.05-06.31.38:094][  0]LogConfig: Setting CVar [[r.Streaming.MaxEffectiveScreenSize:0]]
[2021.03.05-06.31.38:094][  0]LogConfig: Applying CVar settings from Section [EffectsQuality@3] File [D:/Coding/Unreal_game_programming_BP/CHAPTER06/CppProject/Saved/Config/Windows/Scalability.ini]
[2021.03.05-06.31.38:094][  0]LogConfig: Setting CVar [[r.TranslucencyLightingVolumeDim:64]]
[2021.03.05-06.31.38:094][  0]LogConfig: Setting CVar [[r.RefractionQuality:2]]
[2021.03.05-06.31.38:094][  0]LogConfig: Setting CVar [[r.SSR.Quality:3]]
[2021.03.05-06.31.38:094][  0]LogConfig: Setting CVar [[r.SSR.HalfResSceneColor:0]]
[2021.03.05-06.31.38:094][  0]LogConfig: Setting CVar [[r.SceneColorFormat:4]]
[2021.03.05-06.31.38:094][  0]LogConfig: Setting CVar [[r.DetailMode:2]]
[2021.03.05-06.31.38:094][  0]LogConfig: Setting CVar [[r.TranslucencyVolumeBlur:1]]
[2021.03.05-06.31.38:094][  0]LogConfig: Setting CVar [[r.MaterialQualityLevel:1 ; High quality]]
[2021.03.05-06.31.38:094][  0]LogConfig: Setting CVar [[r.SSS.Scale:1]]
[2021.03.05-06.31.38:095][  0]LogConfig: Setting CVar [[r.SSS.SampleSet:2]]
[2021.03.05-06.31.38:095][  0]LogConfig: Setting CVar [[r.SSS.Quality:1]]
[2021.03.05-06.31.38:095][  0]LogConfig: Setting CVar [[r.SSS.HalfRes:0]]
[2021.03.05-06.31.38:095][  0]LogConfig: Setting CVar [[r.SSGI.Quality:3]]
[2021.03.05-06.31.38:095][  0]LogConfig: Setting CVar [[r.EmitterSpawnRateScale:1.0]]
[2021.03.05-06.31.38:095][  0]LogConfig: Setting CVar [[r.ParticleLightQuality:2]]
[2021.03.05-06.31.38:095][  0]LogConfig: Setting CVar [[r.SkyAtmosphere.AerialPerspectiveLUT.FastApplyOnOpaque:1 ; Always have FastSkyLUT 1 in this case to avoid wrong sky]]
[2021.03.05-06.31.38:095][  0]LogConfig: Setting CVar [[r.SkyAtmosphere.AerialPerspectiveLUT.SampleCountPerSlice:1]]
[2021.03.05-06.31.38:095][  0]LogConfig: Setting CVar [[r.SkyAtmosphere.AerialPerspectiveLUT.DepthResolution:16.0]]
[2021.03.05-06.31.38:095][  0]LogConfig: Setting CVar [[r.SkyAtmosphere.FastSkyLUT:1]]
[2021.03.05-06.31.38:095][  0]LogConfig: Setting CVar [[r.SkyAtmosphere.FastSkyLUT.SampleCountMin:4.0]]
[2021.03.05-06.31.38:095][  0]LogConfig: Setting CVar [[r.SkyAtmosphere.FastSkyLUT.SampleCountMax:32.0]]
[2021.03.05-06.31.38:095][  0]LogConfig: Setting CVar [[r.SkyAtmosphere.SampleCountMin:4.0]]
[2021.03.05-06.31.38:095][  0]LogConfig: Setting CVar [[r.SkyAtmosphere.SampleCountMax:32.0]]
[2021.03.05-06.31.38:095][  0]LogConfig: Setting CVar [[r.SkyAtmosphere.TransmittanceLUT.UseSmallFormat:0]]
[2021.03.05-06.31.38:095][  0]LogConfig: Setting CVar [[r.SkyAtmosphere.TransmittanceLUT.SampleCount:10.0]]
[2021.03.05-06.31.38:095][  0]LogConfig: Setting CVar [[r.SkyAtmosphere.MultiScatteringLUT.SampleCount:15.0]]
[2021.03.05-06.31.38:096][  0]LogConfig: Applying CVar settings from Section [FoliageQuality@3] File [D:/Coding/Unreal_game_programming_BP/CHAPTER06/CppProject/Saved/Config/Windows/Scalability.ini]
[2021.03.05-06.31.38:096][  0]LogConfig: Setting CVar [[foliage.DensityScale:1.0]]
[2021.03.05-06.31.38:096][  0]LogConfig: Setting CVar [[grass.DensityScale:1.0]]
[2021.03.05-06.31.38:096][  0]LogConfig: Applying CVar settings from Section [ShadingQuality@3] File [D:/Coding/Unreal_game_programming_BP/CHAPTER06/CppProject/Saved/Config/Windows/Scalability.ini]
[2021.03.05-06.31.38:096][  0]LogConfig: Setting CVar [[r.HairStrands.SkyLighting.SampleCount:16]]
[2021.03.05-06.31.38:096][  0]LogConfig: Setting CVar [[r.HairStrands.SkyLighting.JitterIntegration:0]]
[2021.03.05-06.31.38:096][  0]LogConfig: Setting CVar [[r.HairStrands.SkyAO.SampleCount:16]]
[2021.03.05-06.31.38:096][  0]LogConfig: Setting CVar [[r.HairStrands.DeepShadow.SuperSampling:0]]
[2021.03.05-06.31.38:096][  0]LogConfig: Setting CVar [[r.HairStrands.VisibilityPPLL:0]]
[2021.03.05-06.31.38:096][  0]LogConfig: Setting CVar [[r.HairStrands.RasterizationScale:0.5]]
[2021.03.05-06.31.38:096][  0]LogConfig: Setting CVar [[r.HairStrands.VelocityRasterizationScale:1]]
[2021.03.05-06.31.38:096][  0]LogConfig: Applying CVar settings from Section [Startup] File [../../../Engine/Config/ConsoleVariables.ini]
[2021.03.05-06.31.38:096][  0]LogConfig: Setting CVar [[net.UseAdaptiveNetUpdateFrequency:0]]
[2021.03.05-06.31.38:097][  0]LogConfig: Setting CVar [[p.chaos.AllowCreatePhysxBodies:1]]
[2021.03.05-06.31.38:097][  0]LogConfig: Setting CVar [[fx.SkipVectorVMBackendOptimizations:1]]
[2021.03.05-06.31.38:097][  0]LogConfig: Applying CVar settings from Section [ConsoleVariables] File [D:/Coding/Unreal_game_programming_BP/CHAPTER06/CppProject/Saved/Config/Windows/Engine.ini]
[2021.03.05-06.31.38:097][  0]LogInit: Computer: DESKTOP-SRPFT0I
[2021.03.05-06.31.38:097][  0]LogInit: User: demon
[2021.03.05-06.31.38:097][  0]LogInit: CPU Page size=4096, Cores=8
[2021.03.05-06.31.38:097][  0]LogInit: High frequency timer resolution =10.000000 MHz
[2021.03.05-06.31.38:097][  0]LogMemory: Memory total: Physical=31.9GB (32GB approx)
[2021.03.05-06.31.38:097][  0]LogMemory: Platform Memory Stats for Windows
[2021.03.05-06.31.38:097][  0]LogMemory: Process Physical Memory: 116.91 MB used, 116.92 MB peak
[2021.03.05-06.31.38:097][  0]LogMemory: Process Virtual Memory: 98.05 MB used, 98.05 MB peak
[2021.03.05-06.31.38:097][  0]LogMemory: Physical Memory: 12916.88 MB used,  19782.24 MB free, 32699.12 MB total
[2021.03.05-06.31.38:097][  0]LogMemory: Virtual Memory: 5186.73 MB used,  134212544.00 MB free, 134217728.00 MB total
[2021.03.05-06.31.40:402][  0]LogWindows: WindowsPlatformFeatures enabled
[2021.03.05-06.31.46:163][  0]LogInit: Physics initialised using underlying interface: PhysX
[2021.03.05-06.31.46:164][  0]LogInit: Using OS detected language (en-US).
[2021.03.05-06.31.46:164][  0]LogInit: Using OS detected locale (en-US).
[2021.03.05-06.31.46:165][  0]LogTextLocalizationManager: No specific localization for 'en-US' exists, so the 'en' localization will be used.
[2021.03.05-06.31.46:303][  0]LogInit: Setting process to per monitor DPI aware
[2021.03.05-06.32.29:224][  0]LogSlate: New Slate User Created.  User Index 0, Is Virtual User: 0
[2021.03.05-06.32.29:224][  0]LogSlate: Slate User Registered.  User Index 0, Is Virtual User: 0
[2021.03.05-06.32.30:636][  0]LogHMD: Failed to initialize OpenVR with code 110
[2021.03.05-06.32.30:636][  0]LogD3D11RHI: D3D11 min allowed feature level: 11_0
[2021.03.05-06.32.30:636][  0]LogD3D11RHI: D3D11 max allowed feature level: 11_0
[2021.03.05-06.32.30:636][  0]LogD3D11RHI: D3D11 adapters:
[2021.03.05-06.32.38:569][  0]LogD3D11RHI:    0. 'NVIDIA GeForce RTX 2070 SUPER' (Feature Level 11_0)
[2021.03.05-06.32.38:569][  0]LogD3D11RHI:       8011/0/16349 MB DedicatedVideo/DedicatedSystem/SharedSystem, Outputs:1, VendorId:0x10de
[2021.03.05-06.32.45:362][  0]LogD3D11RHI:    1. 'Microsoft Basic Render Driver' (Feature Level 11_0)
[2021.03.05-06.32.45:362][  0]LogD3D11RHI:       0/0/16349 MB DedicatedVideo/DedicatedSystem/SharedSystem, Outputs:0, VendorId:0x1414
[2021.03.05-06.32.45:362][  0]LogD3D11RHI: Chosen D3D11 Adapter: 0
[2021.03.05-06.32.45:368][  0]LogD3D11RHI: Creating new Direct3DDevice
[2021.03.05-06.32.45:369][  0]LogD3D11RHI:     GPU DeviceId: 0x1e84 (for the marketing name, search the web for "GPU Device Id")
[2021.03.05-06.32.45:369][  0]LogWindows: EnumDisplayDevices:
[2021.03.05-06.32.45:369][  0]LogWindows:    0. 'NVIDIA GeForce RTX 2070 SUPER' (P:1 D:1)
[2021.03.05-06.32.45:369][  0]LogWindows:    1. 'NVIDIA GeForce RTX 2070 SUPER' (P:0 D:0)
[2021.03.05-06.32.45:369][  0]LogWindows:    2. 'NVIDIA GeForce RTX 2070 SUPER' (P:0 D:0)
[2021.03.05-06.32.45:370][  0]LogWindows:    3. 'NVIDIA GeForce RTX 2070 SUPER' (P:0 D:0)
[2021.03.05-06.32.45:370][  0]LogWindows: DebugString: FoundDriverCount:4 
[2021.03.05-06.32.45:370][  0]LogD3D11RHI:     Adapter Name: NVIDIA GeForce RTX 2070 SUPER
[2021.03.05-06.32.45:370][  0]LogD3D11RHI:   Driver Version: 460.89 (internal:27.21.14.6089, unified:460.89)
[2021.03.05-06.32.45:370][  0]LogD3D11RHI:      Driver Date: 12-11-2020
[2021.03.05-06.32.45:370][  0]LogRHI: Texture pool is 5607 MB (70% of 8011 MB)
[2021.03.05-06.32.45:475][  0]LogD3D11RHI: RHI has support for 64 bit atomics
[2021.03.05-06.32.45:476][  0]LogD3D11RHI: Async texture creation enabled
[2021.03.05-06.32.45:476][  0]LogD3D11RHI: Array index from any shader is supported
[2021.03.05-06.32.45:494][  0]LogD3D11RHI: GPU Timing Frequency: 1000.000000 (Debug: 2 1)
[2021.03.05-06.32.46:242][  0]LogTargetPlatformManager: Display: Loaded TargetPlatform 'AllDesktop'
[2021.03.05-06.32.46:954][  0]LogTargetPlatformManager: Display: Loaded TargetPlatform 'Android'
[2021.03.05-06.32.46:955][  0]LogTargetPlatformManager: Display: Loaded TargetPlatform 'Android_ASTC'
[2021.03.05-06.32.46:955][  0]LogTargetPlatformManager: Display: Loaded TargetPlatform 'Android_DXT'
[2021.03.05-06.32.46:955][  0]LogTargetPlatformManager: Display: Loaded TargetPlatform 'Android_ETC2'
[2021.03.05-06.32.46:955][  0]LogTargetPlatformManager: Display: Loaded TargetPlatform 'AndroidClient'
[2021.03.05-06.32.46:955][  0]LogTargetPlatformManager: Display: Loaded TargetPlatform 'Android_ASTCClient'
[2021.03.05-06.32.46:955][  0]LogTargetPlatformManager: Display: Loaded TargetPlatform 'Android_DXTClient'
[2021.03.05-06.32.46:955][  0]LogTargetPlatformManager: Display: Loaded TargetPlatform 'Android_ETC2Client'
[2021.03.05-06.32.46:955][  0]LogTargetPlatformManager: Display: Loaded TargetPlatform 'Android_Multi'
[2021.03.05-06.32.46:955][  0]LogTargetPlatformManager: Display: Loaded TargetPlatform 'Android_MultiClient'
[2021.03.05-06.32.48:640][  0]LogTargetPlatformManager: Display: Loaded TargetPlatform 'IOSClient'
[2021.03.05-06.32.48:640][  0]LogTargetPlatformManager: Display: Loaded TargetPlatform 'IOS'
[2021.03.05-06.32.49:207][  0]LogTargetPlatformManager: Display: Loaded TargetPlatform 'Linux'
[2021.03.05-06.32.49:854][  0]LogTargetPlatformManager: Display: Loaded TargetPlatform 'LinuxNoEditor'
[2021.03.05-06.32.50:423][  0]LogTargetPlatformManager: Display: Loaded TargetPlatform 'LinuxClient'
[2021.03.05-06.32.50:991][  0]LogTargetPlatformManager: Display: Loaded TargetPlatform 'LinuxServer'
[2021.03.05-06.32.51:584][  0]LogTargetPlatformManager: Display: Loaded TargetPlatform 'LinuxAArch64NoEditor'
[2021.03.05-06.32.52:140][  0]LogTargetPlatformManager: Display: Loaded TargetPlatform 'LinuxAArch64Client'
[2021.03.05-06.32.52:689][  0]LogTargetPlatformManager: Display: Loaded TargetPlatform 'LinuxAArch64Server'
[2021.03.05-06.32.53:275][  0]LogTargetPlatformManager: Display: Loaded TargetPlatform 'Lumin'
[2021.03.05-06.32.53:275][  0]LogTargetPlatformManager: Display: Loaded TargetPlatform 'LuminClient'
[2021.03.05-06.32.53:844][  0]LogTargetPlatformManager: Display: Loaded TargetPlatform 'TVOSClient'
[2021.03.05-06.32.53:844][  0]LogTargetPlatformManager: Display: Loaded TargetPlatform 'TVOS'
[2021.03.05-06.32.54:452][  0]LogTargetPlatformManager: Display: Loaded TargetPlatform 'WindowsNoEditor'
[2021.03.05-06.32.55:007][  0]LogTargetPlatformManager: Display: Loaded TargetPlatform 'Windows'
[2021.03.05-06.32.55:564][  0]LogTargetPlatformManager: Display: Loaded TargetPlatform 'WindowsClient'
[2021.03.05-06.32.56:108][  0]LogTargetPlatformManager: Display: Loaded TargetPlatform 'WindowsServer'
[2021.03.05-06.32.56:108][  0]LogTargetPlatformManager: Display: Building Assets For Windows
[2021.03.05-06.32.57:737][  0]LogAudioDebug: Display: Lib vorbis DLL was dynamically loaded.
[2021.03.05-06.33.19:220][  0]LogShaderCompilers: Guid format shader working directory is -27 characters bigger than the processId version (../../../../../../Coding/Unreal_game_programming_BP/CHAPTER06/CppProject/Intermediate/Shaders/WorkingDirectory/24756/).
[2021.03.05-06.33.19:220][  0]LogShaderCompilers: Cleaned the shader compiler working directory 'C:/Users/demon/AppData/Local/Temp/UnrealShaderWorkingDir/83EA74834E83D7CC4F86AAAFC7CDD110/'.
[2021.03.05-06.33.19:221][  0]LogXGEController: Cannot use XGE Controller as Incredibuild is not installed on this machine.
[2021.03.05-06.33.19:221][  0]LogShaderCompilers: Cannot use XGE Shader Compiler as Incredibuild is not installed on this machine.
[2021.03.05-06.33.19:221][  0]LogShaderCompilers: Display: Using Local Shader Compiler.
[2021.03.05-06.33.19:789][  0]LogDerivedDataCache: Display: Max Cache Size: 512 MB
[2021.03.05-06.33.19:825][  0]LogDerivedDataCache: Loaded boot cache 0.04s 76MB C:/Users/demon/AppData/Local/UnrealEngine/4.25/DerivedDataCache/Boot.ddc.
[2021.03.05-06.33.19:825][  0]LogDerivedDataCache: Display: Loaded Boot cache: C:/Users/demon/AppData/Local/UnrealEngine/4.25/DerivedDataCache/Boot.ddc
[2021.03.05-06.33.19:825][  0]LogDerivedDataCache: FDerivedDataBackendGraph:  Pak pak cache file ../../../../../../Coding/Unreal_game_programming_BP/CHAPTER06/CppProject/DerivedDataCache/DDC.ddp not found, will not use a pak cache.
[2021.03.05-06.33.19:825][  0]LogDerivedDataCache: Unable to find inner node Pak for hierarchical cache Hierarchy.
[2021.03.05-06.33.19:825][  0]LogDerivedDataCache: FDerivedDataBackendGraph:  CompressedPak pak cache file ../../../../../../Coding/Unreal_game_programming_BP/CHAPTER06/CppProject/DerivedDataCache/Compressed.ddp not found, will not use a pak cache.
[2021.03.05-06.33.19:825][  0]LogDerivedDataCache: Unable to find inner node CompressedPak for hierarchical cache Hierarchy.
[2021.03.05-06.33.19:835][  0]LogDerivedDataCache: Display: Pak cache opened for reading ../../../Engine/DerivedDataCache/Compressed.ddp.
[2021.03.05-06.33.19:835][  0]LogDerivedDataCache: FDerivedDataBackendGraph:  EnterprisePak pak cache file ../../../Enterprise/DerivedDataCache/Compressed.ddp not found, will not use a pak cache.
[2021.03.05-06.33.19:835][  0]LogDerivedDataCache: Unable to find inner node EnterprisePak for hierarchical cache Hierarchy.
[2021.03.05-06.33.19:838][  0]LogDerivedDataCache: Using Local data cache path C:/Users/demon/AppData/Local/UnrealEngine/Common/DerivedDataCache: Writable
[2021.03.05-06.33.19:838][  0]LogDerivedDataCache: Shared data cache path not found in *engine.ini, will not use an Shared cache.
[2021.03.05-06.33.19:838][  0]LogDerivedDataCache: Unable to find inner node Shared for hierarchical cache Hierarchy.
[2021.03.05-06.33.19:880][  0]LogSlate: Using FreeType 2.10.0
[2021.03.05-06.33.19:880][  0]LogSlate: SlateFontServices - WITH_FREETYPE: 1, WITH_HARFBUZZ: 1
[2021.03.05-06.33.20:466][  0]LogAssetRegistry: FAssetRegistry took 0.0036 seconds to start up
[2021.03.05-06.33.20:655][  0]LogInit: Selected Device Profile: [Windows]
[2021.03.05-06.33.26:297][  0]LogMeshReduction: Using QuadricMeshReduction for automatic static mesh reduction
[2021.03.05-06.33.26:297][  0]LogMeshReduction: Using SimplygonMeshReduction for automatic skeletal mesh reduction
[2021.03.05-06.33.26:297][  0]LogMeshReduction: Using ProxyLODMeshReduction for automatic mesh merging
[2021.03.05-06.33.26:297][  0]LogMeshReduction: No distributed automatic mesh merging module available
[2021.03.05-06.33.26:297][  0]LogMeshMerging: No distributed automatic mesh merging module available
[2021.03.05-06.33.26:869][  0]LogNetVersion: CppProject 1.0.0, NetCL: 13144385, EngineNetVer: 14, GameNetVer: 0 (Checksum: 1798419465)
[2021.03.05-06.33.27:201][  0]LogAISub: UAISubsystem::UAISubsystem AISubsystem (0000023F8B6BD280), frame # 0
[2021.03.05-06.33.27:202][  0]LogAISub: UAISubsystem::UAISubsystem AIPerceptionSystem (0000023F8D6D4900), frame # 0
[2021.03.05-06.33.27:203][  0]LogAISub: UAISubsystem::UAISubsystem EnvQueryManager (0000023F8D6FE600), frame # 0
[2021.03.05-06.33.27:234][  0]LogPackageLocalizationCache: Processed 19 localized package path(s) for 1 prioritized culture(s) in 0.025460 seconds
[2021.03.05-06.33.27:239][  0]LogUObjectArray: 15917 objects as part of root set at end of initial load.
[2021.03.05-06.33.27:239][  0]LogUObjectAllocator: 3965568 out of 0 bytes used by permanent object pool.
[2021.03.05-06.33.27:239][  0]LogUObjectArray: CloseDisregardForGC: 0/0 objects in disregard for GC pool
[2021.03.05-06.34.06:378][  0]LogTcpMessaging: Initializing TcpMessaging bridge
[2021.03.05-06.34.06:932][  0]LogUdpMessaging: Initializing bridge on interface 0.0.0.0:0 to multicast group 230.0.0.1:6666.
[2021.03.05-06.34.17:013][  0]SourceControl: Source control is disabled
[2021.03.05-06.34.17:013][  0]SourceControl: Source control is disabled
[2021.03.05-06.34.17:562][  0]SourceControl: Source control is disabled
[2021.03.05-06.34.18:117][  0]SourceControl: Source control is disabled
[2021.03.05-06.34.19:273][  0]SourceControl: Source control is disabled
[2021.03.05-06.34.53:842][  0]LogAndroidPermission: UAndroidPermissionCallbackProxy::GetInstance
[2021.03.05-06.34.57:147][  0]LogAudioCaptureCore: Display: No Audio Capture implementations found. Audio input will be silent.
[2021.03.05-06.34.57:148][  0]LogAudioCaptureCore: Display: No Audio Capture implementations found. Audio input will be silent.
[2021.03.05-06.35.01:588][  0]LogOcInput: OculusInput pre-init called
[2021.03.05-06.35.02:684][  0]LogWindows: Failed to load 'OVRPlugin.dll' (GetLastError=126)
[2021.03.05-06.35.02:684][  0]LogWindows: File 'OVRPlugin.dll' does not exist
[2021.03.05-06.35.06:630][  0]LogEngine: Initializing Engine...
[2021.03.05-06.35.06:631][  0]LogHMD: Failed to initialize OpenVR with code 110
[2021.03.05-06.35.06:631][  0]LogMagicLeap: Warning: VR disabled because ZI is not enabled.  To enable, in the editor, Edit -> Project Settings -> Plugins -> Magic Leap Plugin -> Enable Zero Iteration
[2021.03.05-06.35.06:632][  0]LogStats: UGameplayTagsManager::InitializeManager -  0.000 s
[2021.03.05-06.35.06:709][  0]LogInit: Initializing FReadOnlyCVARCache
[2021.03.05-06.35.07:276][  0]LogAIModule: Creating AISystem for world Untitled
[2021.03.05-06.35.07:276][  0]LogAISub: UAISubsystem::UAISubsystem EnvQueryManager (0000023F90A5BC00), frame # 0
[2021.03.05-06.35.07:276][  0]LogAISub: UAISubsystem::UAISubsystem AIPerceptionSystem (0000023F90AB5800), frame # 0
[2021.03.05-06.35.07:834][  0]LogAudioMixer: Display: Audio Mixer Platform Settings:
[2021.03.05-06.35.07:834][  0]LogAudioMixer: Display: 	Sample Rate:						  48000
[2021.03.05-06.35.07:834][  0]LogAudioMixer: Display: 	Callback Buffer Frame Size Requested: 1024
[2021.03.05-06.35.07:834][  0]LogAudioMixer: Display: 	Callback Buffer Frame Size To Use:	  1024
[2021.03.05-06.35.07:835][  0]LogAudioMixer: Display: 	Number of buffers to queue:			  2
[2021.03.05-06.35.07:835][  0]LogAudioMixer: Display: 	Max Channels (voices):				  32
[2021.03.05-06.35.07:835][  0]LogAudioMixer: Display: 	Number of Async Source Workers:		  0
[2021.03.05-06.35.07:835][  0]LogAudio: Display: AudioDevice MaxSources: 32
[2021.03.05-06.35.07:835][  0]LogAudio: Display: Using built-in audio occlusion.
[2021.03.05-06.35.07:835][  0]LogAudioMixer: Display: Initializing audio mixer.
[2021.03.05-06.35.13:853][  0]LogAudioMixer: Display: 0: FrontLeft
[2021.03.05-06.35.13:853][  0]LogAudioMixer: Display: 1: FrontRight
[2021.03.05-06.35.16:167][  0]LogAudioMixer: Display: Using Audio Device 스피커 (2- USB Audio Device)
[2021.03.05-06.35.16:168][  0]LogAudioMixer: Display: Initializing Sound Submixes...
[2021.03.05-06.35.16:169][  0]LogAudioMixer: Display: Creating Master Submix 'MasterSubmixDefault'
[2021.03.05-06.35.16:169][  0]LogAudioMixer: Display: Creating Master Submix 'MasterReverbSubmixDefault'
[2021.03.05-06.35.16:170][  0]LogAudioMixer: Display: Creating Master Submix 'MasterEQSubmixDefault'
[2021.03.05-06.35.16:172][  0]LogInit: FAudioDevice initialized.
[2021.03.05-06.35.16:172][  0]LogNetVersion: Set ProjectVersion to 1.0.0.0. Version Checksum will be recalculated on next use.
[2021.03.05-06.35.16:221][  0]LogDerivedDataCache: Saved boot cache 0.05s 76MB C:/Users/demon/AppData/Local/UnrealEngine/4.25/DerivedDataCache/Boot.ddc.
[2021.03.05-06.35.16:225][  0]LogInit: Texture streaming: Enabled
[2021.03.05-06.35.18:465][  0]LogEngineSessionManager: EngineSessionManager initialized
[2021.03.05-06.35.18:465][  0]LogEditorSessionSummary: Verbose: Initializing EditorSessionSummaryWriter for editor session tracking
[2021.03.05-06.35.18:466][  0]LogEditorSessionSummary: EditorSessionSummaryWriter initialized
[2021.03.05-06.35.19:637][  0]LogInit: Transaction tracking system initialized
[2021.03.05-06.35.22:976][  0]BlueprintLog: New page: Editor Load
[2021.03.05-06.35.33:190][  0]LocalizationService: Localization service is disabled
[2021.03.05-06.35.43:200][  0]LogCook: Display: Max memory allowance for cook 16384mb min free memory 0mb
[2021.03.05-06.35.43:200][  0]LogCook: Display: Mobile HDR setting 1
[2021.03.05-06.35.44:291][  0]LogFileCache: Scanning file cache for directory 'D:/Coding/Unreal_game_programming_BP/CHAPTER06/CppProject/Content/' took 0.00s
[2021.03.05-06.36.02:724][  0]SourceControl: Source control is disabled
[2021.03.05-06.36.18:490][  0]LogSlate: Took 0.000113 seconds to synchronously load lazily loaded font '../../../Engine/Content/Slate/Fonts/Roboto-Regular.ttf' (155K)
[2021.03.05-06.36.42:813][  0]LogSlate: Window 'Restore Packages' being destroyed
[2021.03.05-06.36.42:815][  0]LogWindowsTextInputMethodSystem: Display: IME system now activated using TSF (Microsoft IME).
[2021.03.05-06.36.42:880][  0]LogWindowsTextInputMethodSystem: Display: IME system now activated using TSF (Microsoft IME).
[2021.03.05-06.36.45:495][  0]LogSlate: Window 'Unable to Check Out From Source Control!' being destroyed
[2021.03.05-06.36.45:497][  0]LogWindowsTextInputMethodSystem: Display: IME system now activated using TSF (Microsoft IME).
[2021.03.05-06.36.45:502][  0]Message dialog closed, result: Ok, title: Unable to Check Out From Source Control!, text: The following assets could not be successfully checked out from source control:
/Game/ThirdPersonBP/Maps/ThirdPersonExampleMap
[2021.03.05-06.36.45:520][  0]LogWindowsTextInputMethodSystem: Display: IME system now activated using TSF (Microsoft IME).
[2021.03.05-06.36.46:374][  0]LogSlate: Window 'Failed to restore packages!' being destroyed
[2021.03.05-06.36.46:376][  0]LogWindowsTextInputMethodSystem: Display: IME system now activated using TSF (Microsoft IME).
[2021.03.05-06.36.46:381][  0]Message dialog closed, result: Ok, title: Failed to restore packages!, text: The following packages could not be restored:
/Game/ThirdPersonBP/Maps/ThirdPersonExampleMap
[2021.03.05-06.36.46:389][  0]LogWindowsTextInputMethodSystem: Display: IME system now activated using TSF (Microsoft IME).
[2021.03.05-06.36.46:391][  0]LogUnrealEdMisc: Loading editor; pre map load, took 407.373
[2021.03.05-06.36.46:392][  0]Cmd: MAP LOAD FILE="../../../../../../Coding/Unreal_game_programming_BP/CHAPTER06/CppProject/Content/ThirdPersonBP/Maps/ThirdPersonExampleMap.umap" TEMPLATE=0 SHOWPROGRESS=1 FEATURELEVEL=3
[2021.03.05-06.36.46:392][  0]LightingResults: New page: Lighting Build
[2021.03.05-06.36.46:393][  0]LogWorld: UWorld::CleanupWorld for Untitled, bSessionEnded=true, bCleanupResources=true
[2021.03.05-06.36.46:393][  0]LogSlate: InvalidateAllWidgets triggered.  All widgets were invalidated
[2021.03.05-06.36.46:393][  0]MapCheck: New page: Map Check
[2021.03.05-06.36.46:393][  0]LightingResults: New page: Lighting Build
[2021.03.05-06.36.46:420][  0]LogAISub: UAISubsystem::~UAISubsystem EnvQueryManager (0000023F90A5BC00), frame # 0
[2021.03.05-06.36.46:420][  0]LogAISub: UAISubsystem::~UAISubsystem AIPerceptionSystem (0000023F90AB5800), frame # 0
[2021.03.05-06.36.46:421][  0]LogUObjectHash: Compacting FUObjectHashTables data took   0.68ms
[2021.03.05-06.36.46:602][  0]LogAIModule: Creating AISystem for world ThirdPersonExampleMap
[2021.03.05-06.36.46:602][  0]LogAISub: UAISubsystem::UAISubsystem EnvQueryManager (0000023F87C1BE00), frame # 0
[2021.03.05-06.36.46:602][  0]LogAISub: UAISubsystem::UAISubsystem AIPerceptionSystem (0000023F961C4680), frame # 0
[2021.03.05-06.36.46:607][  0]LogEditorServer: Finished looking for orphan Actors (0.000 secs)
[2021.03.05-06.36.46:621][  0]LogUObjectHash: Compacting FUObjectHashTables data took   0.94ms
[2021.03.05-06.36.46:622][  0]Cmd: MAP CHECKDEP NOCLEARLOG
[2021.03.05-06.36.46:622][  0]MapCheck: Map check complete: 0 Error(s), 0 Warning(s), took 0.126ms to complete.
[2021.03.05-06.36.46:622][  0]LogFileHelpers: Loading map 'ThirdPersonExampleMap' took 0.230
[2021.03.05-06.36.46:624][  0]LogUnrealEdMisc: Total Editor Startup Time, took 407.606
[2021.03.05-06.36.46:689][  0]LogSlate: Updating window title bar state: overlay mode, drag disabled, window buttons hidden, title bar hidden
[2021.03.05-06.36.46:695][  0]LogSlate: Updating window title bar state: overlay mode, drag disabled, window buttons hidden, title bar hidden
[2021.03.05-06.36.46:700][  0]LogSlate: Updating window title bar state: overlay mode, drag disabled, window buttons hidden, title bar hidden
[2021.03.05-06.36.46:706][  0]LogSlate: Updating window title bar state: overlay mode, drag disabled, window buttons hidden, title bar hidden
[2021.03.05-06.36.47:251][  0]LogCollectionManager: Loaded 0 collections in 0.000577 seconds
[2021.03.05-06.36.47:268][  0]LogFileCache: Scanning file cache for directory 'D:/Coding/Unreal_game_programming_BP/CHAPTER06/CppProject/Saved/Collections/' took 0.00s
[2021.03.05-06.36.47:268][  0]LogFileCache: Scanning file cache for directory 'D:/Coding/Unreal_game_programming_BP/CHAPTER06/CppProject/Content/Developers/demon/Collections/' took 0.00s
[2021.03.05-06.36.47:268][  0]LogFileCache: Scanning file cache for directory 'D:/Coding/Unreal_game_programming_BP/CHAPTER06/CppProject/Content/Collections/' took 0.00s
[2021.03.05-06.36.47:268][  0]LogContentBrowser: Native class hierarchy populated in 0.0084 seconds. Added 3428 classes and 823 folders.
[2021.03.05-06.36.47:272][  0]LogContentBrowser: Native class hierarchy updated for 'WidgetCarousel' in 0.0003 seconds. Added 0 classes and 0 folders.
[2021.03.05-06.36.47:301][  0]LogContentBrowser: Native class hierarchy updated for 'AddContentDialog' in 0.0003 seconds. Added 0 classes and 0 folders.
[2021.03.05-06.36.47:323][  0]LogContentBrowser: Native class hierarchy updated for 'SceneOutliner' in 0.0004 seconds. Added 2 classes and 0 folders.
[2021.03.05-06.36.47:402][  0]LogSlate: Took 0.000136 seconds to synchronously load lazily loaded font '../../../Engine/Content/Slate/Fonts/Roboto-Bold.ttf' (160K)
[2021.03.05-06.36.47:406][  0]LogSlate: Took 0.000096 seconds to synchronously load lazily loaded font '../../../Engine/Content/Editor/Slate/Fonts/FontAwesome.ttf' (139K)
[2021.03.05-06.36.47:429][  0]LogRenderer: Reallocating scene render targets to support 1076x592 Format 10 NumSamples 1 (Frame:1).
[2021.03.05-06.36.48:141][  0]LogContentBrowser: Native class hierarchy updated for 'HierarchicalLODOutliner' in 0.0003 seconds. Added 0 classes and 0 folders.
[2021.03.05-06.36.48:141][  0]LogLoad: (Engine Initialization) Total time: 409.12 seconds
[2021.03.05-06.36.48:141][  0]LogLoad: (Engine Initialization) Total Blueprint compile time: 0.00 seconds
[2021.03.05-06.36.48:176][  0]LogAssetRegistry: Asset discovery search completed in 207.7124 seconds
[2021.03.05-06.36.48:180][  0]LogCollectionManager: Fixed up redirectors for 0 collections in 0.000002 seconds (updated 0 objects)
[2021.03.05-06.36.48:182][  0]LogContentStreaming: Texture pool size now 1000 MB
[2021.03.05-06.36.48:208][  0]LogSlate: Took 0.000120 seconds to synchronously load lazily loaded font '../../../Engine/Content/Slate/Fonts/Roboto-Light.ttf' (167K)
[2021.03.05-06.37.04:105][626]LogTemp: Repeating last play command: Selected Viewport
[2021.03.05-06.37.04:118][626]LogPlayLevel: PlayLevel: No blueprints needed recompiling
[2021.03.05-06.37.04:118][626]PIE: New page: PIE session: ThirdPersonExampleMap (Mar 6, 2021, 12:37:04 AM)
[2021.03.05-06.37.04:120][626]LogOnline: OSS: Creating online subsystem instance for: NULL
[2021.03.05-06.37.04:122][626]LogOnline: OSS: TryLoadSubsystemAndSetDefault: Loaded subsystem for module [NULL]
[2021.03.05-06.37.04:122][626]LogPlayLevel: Creating play world package: /Game/ThirdPersonBP/Maps/UEDPIE_0_ThirdPersonExampleMap
[2021.03.05-06.37.04:133][626]LogPlayLevel: PIE: StaticDuplicateObject took: (0.010676s)
[2021.03.05-06.37.04:134][626]LogAIModule: Creating AISystem for world ThirdPersonExampleMap
[2021.03.05-06.37.04:134][626]LogAISub: UAISubsystem::UAISubsystem EnvQueryManager (0000023FA601FE00), frame # 626
[2021.03.05-06.37.04:135][626]LogAISub: UAISubsystem::UAISubsystem AIPerceptionSystem (0000023FFC6DA700), frame # 626
[2021.03.05-06.37.04:135][626]LogPlayLevel: PIE: World Init took: (0.002415s)
[2021.03.05-06.37.04:135][626]LogPlayLevel: PIE: Created PIE world by copying editor world from /Game/ThirdPersonBP/Maps/ThirdPersonExampleMap.ThirdPersonExampleMap to /Game/ThirdPersonBP/Maps/UEDPIE_0_ThirdPersonExampleMap.ThirdPersonExampleMap (0.013520s)
[2021.03.05-06.37.04:151][626]LogUObjectHash: Compacting FUObjectHashTables data took   0.76ms
[2021.03.05-06.37.04:152][626]LogAudioMixer: Display: Audio Mixer Platform Settings:
[2021.03.05-06.37.04:152][626]LogAudioMixer: Display: 	Sample Rate:						  48000
[2021.03.05-06.37.04:152][626]LogAudioMixer: Display: 	Callback Buffer Frame Size Requested: 1024
[2021.03.05-06.37.04:152][626]LogAudioMixer: Display: 	Callback Buffer Frame Size To Use:	  1024
[2021.03.05-06.37.04:153][626]LogAudioMixer: Display: 	Number of buffers to queue:			  2
[2021.03.05-06.37.04:153][626]LogAudioMixer: Display: 	Max Channels (voices):				  32
[2021.03.05-06.37.04:153][626]LogAudioMixer: Display: 	Number of Async Source Workers:		  0
[2021.03.05-06.37.04:153][626]LogAudio: Display: AudioDevice MaxSources: 32
[2021.03.05-06.37.04:153][626]LogAudio: Display: Using built-in audio occlusion.
[2021.03.05-06.37.04:154][626]LogAudioMixer: Display: Initializing audio mixer.
[2021.03.05-06.37.04:157][626]LogAudioMixer: Display: 0: FrontLeft
[2021.03.05-06.37.04:158][626]LogAudioMixer: Display: 1: FrontRight
[2021.03.05-06.37.04:198][626]LogAudioMixer: Display: Using Audio Device 스피커 (2- USB Audio Device)
[2021.03.05-06.37.04:198][626]LogAudioMixer: Display: Initializing Sound Submixes...
[2021.03.05-06.37.04:198][626]LogAudioMixer: Display: Creating Master Submix 'MasterSubmixDefault'
[2021.03.05-06.37.04:198][626]LogAudioMixer: Display: Creating Master Submix 'MasterReverbSubmixDefault'
[2021.03.05-06.37.04:199][626]LogAudioMixer: Display: Creating Master Submix 'MasterEQSubmixDefault'
[2021.03.05-06.37.04:211][626]LogInit: FAudioDevice initialized.
[2021.03.05-06.37.04:224][626]LogLoad: Game class is 'ThirdPersonGameMode_C'
[2021.03.05-06.37.04:226][626]LogWorld: Bringing World /Game/ThirdPersonBP/Maps/UEDPIE_0_ThirdPersonExampleMap.ThirdPersonExampleMap up for play (max tick rate 0) at 2021.03.05-15.37.04
[2021.03.05-06.37.04:226][626]LogWorld: Bringing up level for play took: 0.001649
[2021.03.05-06.37.04:227][626]LogOnline: OSS: Creating online subsystem instance for: :Context_2
[2021.03.05-06.37.04:231][626]LogContentBrowser: Native class hierarchy updated for 'MovieSceneCapture' in 0.0004 seconds. Added 20 classes and 0 folders.
[2021.03.05-06.37.04:231][626]PIE: Server logged in
[2021.03.05-06.37.04:233][626]PIE: Play in editor total start time 0.116 seconds.
