Log file open, 04/25/15 22:42:44
LogInit:Display: Running engine for game: SampleProject
LogInit: Version: 4.7.6-2513093+++depot+UE4-Releases+4.7
LogInit: API Version: 2455222
LogInit: Compiled (64-bit): Apr 15 2015 12:09:54
LogInit: Compiled with Visual C++: 18.00.21005.01
LogInit: Build Configuration: Development
LogInit: Branch Name: ++depot+UE4-Releases+4.7
LogInit: Command line:  
LogInit: Base directory: C:/Program Files/Epic Games/4.7/Engine/Binaries/Win64/
LogInit: Rocket: 1
[2015.04.25-13.42.44:303][  0]LogTaskGraph: Started task graph with 3 named threads and 6 total threads.
[2015.04.25-13.42.44:379][  0]LogOnline:Warning: No default platform service specified for OnlineSubsystem
[2015.04.25-13.42.44:426][  0]LogInit: Presizing for 0 objects not considered by GC, pre-allocating 0 bytes.
[2015.04.25-13.42.44:434][  0]LogInit: Object subsystem initialized
[2015.04.25-13.42.44:439][  0]LogInit: Selected Device Profile: [Windows]
[2015.04.25-13.42.44:439][  0]LogInit: Applying CVar settings loaded from the selected device profile: [Windows]
[2015.04.25-13.42.44:448][  0]LogInit: Computer: JUNJUN-HOME-PC
[2015.04.25-13.42.44:448][  0]LogInit: User: junjunhome
[2015.04.25-13.42.44:448][  0]LogInit: CPU Page size=4096, Cores=4
[2015.04.25-13.42.44:448][  0]LogInit: High frequency timer resolution =3.410117 MHz
[2015.04.25-13.42.44:448][  0]LogMemory: Memory total: Physical=7.9GB (8GB approx) Virtual=8192.0GB
[2015.04.25-13.42.44:449][  0]LogMemory: Platform Memory Stats for Windows
[2015.04.25-13.42.44:449][  0]LogMemory: Process Physical Memory: 47.68 MB used, 47.68 MB peak
[2015.04.25-13.42.44:449][  0]LogMemory: Process Virtual Memory: 25.49 MB used, 25.50 MB peak
[2015.04.25-13.42.44:449][  0]LogMemory: Physical Memory: 3183.25 MB used, 8091.94 MB total
[2015.04.25-13.42.44:449][  0]LogMemory: Virtual Memory: 280.45 MB used, 8388608.00 MB total
[2015.04.25-13.42.44:554][  0]LogD3D11RHI: Found D3D11 adapter 0: NVIDIA GeForce GTX 750 (Feature Level 11_0)
[2015.04.25-13.42.44:554][  0]LogD3D11RHI: Adapter has 953MB of dedicated video memory, 0MB of dedicated system memory, and 3072MB of shared system memory, 1 output[s]
[2015.04.25-13.42.44:554][  0]LogD3D11RHI: Chosen D3D11 Adapter Id = 0
[2015.04.25-13.42.44:561][  0]LogRHI: Texture pool is 667 MB (70% of 953 MB)
[2015.04.25-13.42.44:574][  0]LogD3D11RHI: Async texture creation enabled
[2015.04.25-13.42.44:861][  0]LogTextLocalizationManager:Warning: Loading localization resources contain conflicting entries for (Namespace:UICommands, Key:Save_ToolTip):
Resource: (C:/Program Files/Epic Games/4.7/Engine/Content/Localization/Editor/ko/Editor.locres) Hash: (-29098895) String: (현재 레벨을 디스크에 저장합니다.)
Resource: (C:/Program Files/Epic Games/4.7/Engine/Content/Localization/Engine/ko/Engine.locres) Hash: (-1280300587) String: (선택된 데이터를 vlog 파일에 저장합니다.)
[2015.04.25-13.42.44:861][  0]LogTextLocalizationManager:Warning: Loading localization resources contain conflicting entries for (Namespace:ContentBrowser, Key:ImportAssetToolTip):
Resource: (C:/Program Files/Epic Games/4.7/Engine/Content/Localization/Editor/ko/Editor.locres) Hash: (-630476809) String: ({0} 에 임포트...)
Resource: (C:/Program Files/Epic Games/4.7/Engine/Content/Localization/Editor/ko/Editor.locres) Hash: (1271782899) String: (파일에서 이 폴더로 애셋을 임포트합니다.)
[2015.04.25-13.42.44:946][  0]LogContentStreaming: Texture pool size is 0.000000MB
[2015.04.25-13.42.47:771][  0]LogTargetPlatformManager:Display: Building Assets For Windows
[2015.04.25-13.42.48:628][  0]LogTargetPlatformManager:Display: Building Assets For Windows
[2015.04.25-13.42.48:718][  0]LogDerivedDataCache:Display: Max Cache Size: 512 MB
[2015.04.25-13.42.48:771][  0]LogDerivedDataCache: Loaded boot cache 0.05s 39MB C:/Users/junjun-home/AppData/Local/UnrealEngine/4.7/DerivedDataCache/Boot.ddc.
[2015.04.25-13.42.48:771][  0]LogDerivedDataCache:Display: Loaded Boot cache: C:/Users/junjun-home/AppData/Local/UnrealEngine/4.7/DerivedDataCache/Boot.ddc
[2015.04.25-13.42.48:771][  0]LogDerivedDataCache: FDerivedDataBackendGraph:  Pak pak cache file ../../../../../../Users/junjun-home/Desktop/번역/언리얼/예제소스 전달할꺼/CHAPTER04/CHAPTER04/LESSON05/Before/DerivedDataCache/DDC.ddp not found, will not use a pak cache.
[2015.04.25-13.42.48:772][  0]LogDerivedDataCache: Unable to find inner node Pak for hierarchical cache Hierarchy.
[2015.04.25-13.42.48:871][  0]LogDerivedDataCache:Display: Pak cache opened for reading ../../../Engine/DerivedDataCache/Compressed.ddp.
[2015.04.25-13.42.48:883][  0]LogDerivedDataCache: Using Local data cache path C:/Users/junjun-home/AppData/Local/UnrealEngine/Common/DerivedDataCache: Writable
[2015.04.25-13.42.49:306][  0]LogMeshUtilities: No automatic mesh reduction module available
[2015.04.25-13.42.49:306][  0]LogMeshUtilities: No automatic mesh merging module available
[2015.04.25-13.42.49:789][  0]LogInit: WinSock: version 1.1 (2.2), MaxSocks=32767, MaxUdp=65467
[2015.04.25-13.42.49:939][  0]LogSlate:Warning: Failed to load font data from '../../../Engine/Content/Slate/Fonts/Roboto-Italic.ttf'
[2015.04.25-13.42.51:321][  0]UdpMessaging: Initializing bridge on interface 0.0.0.0:0 to multicast group 230.0.0.1:6666.
[2015.04.25-13.42.51:722][  0]SourceControl: 정보 소스 콘트롤이 꺼졌습니다.
[2015.04.25-13.42.51:723][  0]SourceControl: 정보 소스 콘트롤이 꺼졌습니다.
[2015.04.25-13.42.51:723][  0]SourceControl: 정보 소스 콘트롤이 꺼졌습니다.
[2015.04.25-13.42.51:723][  0]LogSourceControl: RunCommandInternalRaw: 'git version'
[2015.04.25-13.42.51:723][  0]LogSourceControl: RunCommandInternalRaw: ExecProcess ReturnCode=2 OutResults=''
[2015.04.25-13.42.51:738][  0]SourceControl: 정보 소스 콘트롤이 꺼졌습니다.
[2015.04.25-13.42.52:129][  0]LogObj: 24232 objects as part of root set at end of initial load.
[2015.04.25-13.42.52:129][  0]LogUObjectAllocator: 5137168 out of 0 bytes used by permanent object pool.
[2015.04.25-13.42.52:237][  0]LogEngine: Initializing Engine...
[2015.04.25-13.42.54:431][  0]LogInit: XAudio2 using '헤드폰(2- High Definition Audio 장치)' : 2 channels at 44.1 kHz using 16 bits per sample (channel mask 0x3)
[2015.04.25-13.42.54:452][  0]LogInit: FAudioDevice initialized.
[2015.04.25-13.42.54:522][  0]LogAIModule: Creating AISystem for world NewWorld
[2015.04.25-13.42.54:554][  0]LogDerivedDataCache: Saved boot cache 0.03s 39MB C:/Users/junjun-home/AppData/Local/UnrealEngine/4.7/DerivedDataCache/Boot.ddc.
[2015.04.25-13.42.54:559][  0]LogInit: Texture streaming: Enabled
[2015.04.25-13.42.54:688][  0]LogAnalytics: Creating configured Analytics provider AnalyticsET
[2015.04.25-13.42.54:689][  0]LogAnalytics: ET APIKey = Rocket.Release. APIServer = http://et2.epicgames.com/ET2/. AppVersion = 4.7.6-2513093+++depot+UE4-Releases+4.7
[2015.04.25-13.42.54:689][  0]LogAnalytics: ET APIKey = Rocket.Release. DataRouterUploadURL = https://datarouter-public-service-gamedev.ol.epicgames.net/datarouter/api/v1/public/data. AppVersion = 4.7.6-2513093+++depot+UE4-Releases+4.7
[2015.04.25-13.42.54:689][  0]LogAnalytics: SetUserId 9ce84d604f2ae3d66832f789be706050|52348e7d624a4e20bdc8b8c9e40b49d6|87e4463d-5e20-4bea-ac24-a3630256c1dd
[2015.04.25-13.42.54:689][  0]LogAnalytics: AnalyticsET::StartSession [Rocket.Release]
[2015.04.25-13.42.55:275][  0]LogInit: Transaction tracking system initialized
[2015.04.25-13.42.55:660][  0]BlueprintLog: New page: 에디터 로드
[2015.04.25-13.42.55:717][  0]LogAssetRegistry: FAssetRegistry took 0.0095 seconds to start up
[2015.04.25-13.42.55:718][  0]LogDirectoryWatcher:Warning: Failed to begin reading directory changes for ../../../Engine/Plugins/Experimental/CharacterAI/Content/. Error: 0
[2015.04.25-13.42.56:651][  0]LogTargetPlatformManager:Display: Building Assets For Windows
[2015.04.25-13.42.57:145][  0]LogTargetPlatformManager:Display: Building Assets For Windows
[2015.04.25-13.42.57:698][  0]LogLinker:Warning: Asset '../../../Engine/Content/Tutorial/Mobile/InstallingiTunesTutorial.uasset' has been saved with empty engine version. The asset will be loaded but may be incompatible.
[2015.04.25-13.42.57:780][  0]LogSlate:Warning: Failed to load font data from '../../../Engine/Content/Editor/Slate/Fonts/Roboto-Regular.ttf'
[2015.04.25-13.42.57:781][  0]LogSlate:Warning: Failed to load font data from '../../../Engine/Content/Editor/Slate/Fonts/Roboto-Bold.ttf'
[2015.04.25-13.42.57:799][  0]LogConsoleResponse:Display: 
[2015.04.25-13.42.57:986][  0]LogCook:Display: Done creating registry. It took  0.00s.
[2015.04.25-13.42.58:306][  0]SourceControl: 정보 소스 콘트롤이 꺼졌습니다.
[2015.04.25-13.42.58:306][  0]Cmd: MAP LOAD FILE="../../../../../../Users/junjun-home/Desktop/번역/언리얼/예제소스 전달할꺼/CHAPTER04/CHAPTER04/LESSON05/Before/Content/Map/Untitled.umap" TEMPLATE=0 SHOWPROGRESS=1 FEATURELEVEL=3
[2015.04.25-13.42.58:308][  0]LightingResults: New page: 라이팅 빌드
[2015.04.25-13.42.58:328][  0]MapCheck: New page: 맵 체크
[2015.04.25-13.42.58:328][  0]LightingResults: New page: 라이팅 빌드
[2015.04.25-13.42.58:341][  0]LogParticles: Destroying 0 GPU particle simulations for FXSystem 0x00000000146AC720
[2015.04.25-13.42.59:487][  0]LogEditorServer: Finished looking for orphan Actors (0.000 secs)
[2015.04.25-13.42.59:491][  0]LogAIModule: Creating AISystem for world Untitled
[2015.04.25-13.42.59:491][  0]Cmd: MAP CHECKDEP
[2015.04.25-13.42.59:491][  0]MapCheck: New page: Untitled - 2015. 4. 26. 오전 7:42:59
[2015.04.25-13.42.59:680][  0]MapCheck: 정보 맵 체크 완료: 오류 0 회, 경고 0 회, 소요 시간 188.526ms.
[2015.04.25-13.42.59:680][  0]LogFileHelpers: Loading map 'Untitled' took 1.374
[2015.04.25-13.42.59:875][  0]LogCollectionManager: Loaded 0 collections in 0.002262 seconds
[2015.04.25-13.42.59:891][  0]LogContentBrowser: Native class hierarchy populated in 0.0163 seconds. Added 1696 classes and 261 folders.
[2015.04.25-13.42.59:955][  0]LogContentBrowser: Native class hierarchy updated for 'SceneOutliner' in 0.0052 seconds. Added 1 classes and 2 folders.
[2015.04.25-13.43.00:041][  0]LogCrashTracker: Crashtracker disabled due to settings.
[2015.04.25-13.43.00:042][  0]LogSlate:Warning: Failed to load font data from 'Veranda'
[2015.04.25-13.43.00:049][  0]LogUObjectGlobals:Warning: 'Class 없음.' 오브젝트를 찾는 데 실패했습니다.
[2015.04.25-13.43.00:077][  0]LogLoad: Full Startup: 17.98 seconds (BP compile: 0.10 seconds)
[2015.04.25-13.43.00:650][  0]LogRenderer:Warning: Reallocating scene render targets to support 1160x600 (Frame:2).
[2015.04.25-13.43.02:494][  6]LogAssetRegistry: Asset discovery search completed in 6.7872 seconds
[2015.04.25-13.43.03:725][116]LogPlayLevel: PIE:  No blueprints needed recompiling
[2015.04.25-13.43.03:725][116]PIE: New page: PIE 세션: Untitled (2015. 4. 26. 오전 7:43:03)
[2015.04.25-13.43.03:728][116]LogPlayLevel: PIE: StaticDuplicateObject took: (0.002391s)
[2015.04.25-13.43.03:729][116]LogPlayLevel: PIE: World Init took: (0.000872s)
[2015.04.25-13.43.03:729][116]LogPlayLevel: PIE: Created PIE world by copying editor world from /Game/Map/Untitled.Untitled to /Game/Map/UEDPIE_0_Untitled.Untitled (0.003508s)
[2015.04.25-13.43.03:786][116]LogWorld: Game class is 'GameMode'
[2015.04.25-13.43.03:789][116]LogAIModule: Creating AISystem for world Untitled
[2015.04.25-13.43.03:793][116]LogWorld: Bringing World /Game/Map/UEDPIE_0_Untitled.Untitled up for play (max tick rate 0) at 2015.04.25-22.43.03
[2015.04.25-13.43.03:794][116]LogWorld: Bringing up level for play took: 0.004141
[2015.04.25-13.43.03:799][116]PIE: 정보 /Game/Map/UEDPIE_0_Untitled 에 대한 에디터에서 플레이 시작 시간: 0.403
[2015.04.25-13.43.05:016][242]LogParticles: Destroying 0 GPU particle simulations for FXSystem 0x00000000172B7560
[2015.04.25-13.43.09:619][740]LogPlayLevel: PIE:  No blueprints needed recompiling
[2015.04.25-13.43.09:620][740]PIE: New page: SIE 세션: Untitled (2015. 4. 26. 오전 7:43:09)
[2015.04.25-13.43.09:623][740]LogPlayLevel: PIE: StaticDuplicateObject took: (0.002393s)
[2015.04.25-13.43.09:624][740]LogPlayLevel: PIE: World Init took: (0.000861s)
[2015.04.25-13.43.09:624][740]LogPlayLevel: PIE: Created PIE world by copying editor world from /Game/Map/Untitled.Untitled to /Game/Map/UEDPIE_0_Untitled.Untitled (0.003477s)
[2015.04.25-13.43.09:670][740]LogWorld: Game class is 'GameMode'
[2015.04.25-13.43.09:674][740]LogAIModule: Creating AISystem for world Untitled
[2015.04.25-13.43.09:682][740]LogWorld: Bringing World /Game/Map/UEDPIE_0_Untitled.Untitled up for play (max tick rate 0) at 2015.04.25-22.43.09
[2015.04.25-13.43.09:683][740]LogWorld: Bringing up level for play took: 0.007362
[2015.04.25-13.43.09:685][740]PIE: 정보 /Game/Map/UEDPIE_0_Untitled 에 대한 에디터에서 플레이 시작 시간: 0.29
[2015.04.25-13.43.11:491][904]LogParticles: Destroying 0 GPU particle simulations for FXSystem 0x000000000B8049A0
[2015.04.25-13.43.17:521][155]LogEditorViewport: Clicking on Actor (LMB): StaticMeshActor (SM_Template_Map_Floor)
[2015.04.25-13.43.20:510][401]Cmd: QUIT_EDITOR
[2015.04.25-13.43.20:713][401]LogExit: Preparing to exit.
[2015.04.25-13.43.21:437][401]LogExit: Editor shut down
[2015.04.25-13.43.21:438][401]LogExit: Transaction tracking system shut down
[2015.04.25-13.43.21:439][401]LogParticles: Destroying 0 GPU particle simulations for FXSystem 0x00000000101245E0
[2015.04.25-13.43.21:440][401]LogParticles: Destroying 0 GPU particle simulations for FXSystem 0x00000000172B59E0
[2015.04.25-13.43.21:440][401]LogParticles: Destroying 0 GPU particle simulations for FXSystem 0x0000000024547240
[2015.04.25-13.43.21:485][401]LogParticles: Destroying 0 GPU particle simulations for FXSystem 0x0000000024547560
[2015.04.25-13.43.21:485][401]LogExit: Object subsystem successfully closed.
[2015.04.25-13.43.21:559][401]LogModuleManager: Shutting down and abandoning module CrashTracker (177)
[2015.04.25-13.43.21:559][401]LogModuleManager: Shutting down and abandoning module SuperSearch (176)
[2015.04.25-13.43.21:559][401]LogModuleManager: Shutting down and abandoning module SceneOutliner (175)
[2015.04.25-13.43.21:559][401]LogModuleManager: Shutting down and abandoning module EditorWidgets (174)
[2015.04.25-13.43.21:559][401]LogModuleManager: Shutting down and abandoning module CollectionManager (173)
[2015.04.25-13.43.21:559][401]LogModuleManager: Shutting down and abandoning module StatsViewer (172)
[2015.04.25-13.43.21:559][401]LogModuleManager: Shutting down and abandoning module FoliageEdit (171)
[2015.04.25-13.43.21:559][401]LogModuleManager: Shutting down and abandoning module LandscapeEditor (170)
[2015.04.25-13.43.21:559][401]LogModuleManager: Shutting down and abandoning module MeshPaint (169)
[2015.04.25-13.43.21:559][401]LogModuleManager: Shutting down and abandoning module ActorPickerMode (168)
[2015.04.25-13.43.21:559][401]LogModuleManager: Shutting down and abandoning module GeometryMode (167)
[2015.04.25-13.43.21:559][401]LogModuleManager: Shutting down and abandoning module TextureAlignMode (166)
[2015.04.25-13.43.21:559][401]LogModuleManager: Shutting down and abandoning module BspMode (165)
[2015.04.25-13.43.21:559][401]LogModuleManager: Shutting down and abandoning module PlacementMode (164)
[2015.04.25-13.43.21:559][401]LogModuleManager: Shutting down and abandoning module AutomationWorker (163)
[2015.04.25-13.43.21:559][401]LogModuleManager: Shutting down and abandoning module CharacterAI (162)
[2015.04.25-13.43.21:559][401]LogModuleManager: Shutting down and abandoning module SmartSnapping (161)
[2015.04.25-13.43.21:559][401]LogModuleManager: Shutting down and abandoning module ViewportSnapping (160)
[2015.04.25-13.43.21:559][401]LogModuleManager: Shutting down and abandoning module LogVisualizer (159)
[2015.04.25-13.43.21:559][401]LogModuleManager: Shutting down and abandoning module GameProjectGeneration (158)
[2015.04.25-13.43.21:559][401]LogModuleManager: Shutting down and abandoning module IntroTutorials (157)
[2015.04.25-13.43.21:559][401]LogModuleManager: Shutting down and abandoning module EditorLiveStreaming (156)
[2015.04.25-13.43.21:559][401]LogModuleManager: Shutting down and abandoning module HardwareTargeting (155)
[2015.04.25-13.43.21:559][401]LogModuleManager: Shutting down and abandoning module DeviceProfileEditor (154)
[2015.04.25-13.43.21:559][401]LogModuleManager: Shutting down and abandoning module UndoHistory (153)
[2015.04.25-13.43.21:559][401]LogModuleManager: Shutting down and abandoning module GameplayTagsEditor (152)
[2015.04.25-13.43.21:559][401]LogModuleManager: Shutting down and abandoning module UserFeedback (151)
[2015.04.25-13.43.21:559][401]LogModuleManager: Shutting down and abandoning module XmlParser (150)
[2015.04.25-13.43.21:559][401]LogModuleManager: Shutting down and abandoning module Blutility (149)
[2015.04.25-13.43.21:559][401]LogModuleManager: Shutting down and abandoning module IOSPlatformEditor (148)
[2015.04.25-13.43.21:559][401]LogModuleManager: Shutting down and abandoning module IOSRuntimeSettings (147)
[2015.04.25-13.43.21:559][401]LogModuleManager: Shutting down and abandoning module AndroidDeviceDetection (146)
[2015.04.25-13.43.22:457][401]LogModuleManager: Shutting down and abandoning module AndroidPlatformEditor (145)
[2015.04.25-13.43.22:457][401]LogModuleManager: Shutting down and abandoning module AndroidRuntimeSettings (144)
[2015.04.25-13.43.22:457][401]LogModuleManager: Shutting down and abandoning module ProjectTargetPlatformEditor (143)
[2015.04.25-13.43.22:457][401]LogModuleManager: Shutting down and abandoning module ProjectSettingsViewer (142)
[2015.04.25-13.43.22:457][401]LogModuleManager: Shutting down and abandoning module InputBindingEditor (141)
[2015.04.25-13.43.22:458][401]LogModuleManager: Shutting down and abandoning module EditorSettingsViewer (140)
[2015.04.25-13.43.22:458][401]LogModuleManager: Shutting down and abandoning module SettingsEditor (139)
[2015.04.25-13.43.22:458][401]LogModuleManager: Shutting down and abandoning module ProjectLauncher (138)
[2015.04.25-13.43.22:458][401]LogModuleManager: Shutting down and abandoning module SessionFrontend (137)
[2015.04.25-13.43.22:458][401]LogModuleManager: Shutting down and abandoning module ProfilerClient (136)
[2015.04.25-13.43.22:458][401]LogModuleManager: Shutting down and abandoning module TargetDeviceServices (135)
[2015.04.25-13.43.22:458][401]LogModuleManager: Shutting down and abandoning module DeviceManager (134)
[2015.04.25-13.43.22:459][401]LogModuleManager: Shutting down and abandoning module AutomationController (133)
[2015.04.25-13.43.22:459][401]LogModuleManager: Shutting down and abandoning module AutomationWindow (132)
[2015.04.25-13.43.22:459][401]LogModuleManager: Shutting down and abandoning module Layers (131)
[2015.04.25-13.43.22:459][401]LogModuleManager: Shutting down and abandoning module ComponentVisualizers (130)
[2015.04.25-13.43.22:459][401]LogModuleManager: Shutting down and abandoning module DetailCustomizations (129)
[2015.04.25-13.43.22:459][401]LogModuleManager: Shutting down and abandoning module PackagesDialog (128)
[2015.04.25-13.43.22:459][401]LogModuleManager: Shutting down and abandoning module AssetRegistry (127)
[2015.04.25-13.43.22:515][401]LogModuleManager: Shutting down and abandoning module Persona (126)
[2015.04.25-13.43.22:515][401]LogModuleManager: Shutting down and abandoning module SlateReflector (125)
[2015.04.25-13.43.22:515][401]LogModuleManager: Shutting down and abandoning module LevelEditor (124)
[2015.04.25-13.43.22:517][401]LogModuleManager: Shutting down and abandoning module Kismet (123)
[2015.04.25-13.43.22:517][401]LogModuleManager: Shutting down and abandoning module GraphEditor (122)
[2015.04.25-13.43.22:517][401]LogModuleManager: Shutting down and abandoning module ClassViewer (121)
[2015.04.25-13.43.22:517][401]LogModuleManager: Shutting down and abandoning module Toolbox (120)
[2015.04.25-13.43.22:517][401]LogModuleManager: Shutting down and abandoning module ModuleUI (119)
[2015.04.25-13.43.22:517][401]LogModuleManager: Shutting down and abandoning module MovieSceneTools (118)
[2015.04.25-13.43.22:517][401]LogModuleManager: Shutting down and abandoning module OutputLog (117)
[2015.04.25-13.43.22:517][401]LogModuleManager: Shutting down and abandoning module GammaUI (116)
[2015.04.25-13.43.22:517][401]LogModuleManager: Shutting down and abandoning module Documentation (115)
[2015.04.25-13.43.22:517][401]LogModuleManager: Shutting down and abandoning module GameLiveStreaming (114)
[2015.04.25-13.43.22:517][401]LogModuleManager: Shutting down and abandoning module StreamingPauseRendering (113)
[2015.04.25-13.43.22:517][401]LogModuleManager: Shutting down and abandoning module HTTP (112)
[2015.04.25-13.43.22:518][401]LogModuleManager: Shutting down and abandoning module AnalyticsET (111)
[2015.04.25-13.43.22:518][401]LogModuleManager: Shutting down and abandoning module Analytics (110)
[2015.04.25-13.43.22:518][401]LogModuleManager: Shutting down and abandoning module AITestSuite (109)
[2015.04.25-13.43.22:518][401]LogModuleManager: Shutting down and abandoning module GameplayDebugger (108)
[2015.04.25-13.43.22:518][401]LogModuleManager: Shutting down and abandoning module AIModule (107)
[2015.04.25-13.43.22:518][401]LogModuleManager: Shutting down and abandoning module ProfilerService (106)
[2015.04.25-13.43.22:701][401]LogModuleManager: Shutting down and abandoning module TaskGraph (105)
[2015.04.25-13.43.22:701][401]LogModuleManager: Shutting down and abandoning module SlateRemote (104)
[2015.04.25-13.43.22:701][401]LogModuleManager: Shutting down and abandoning module ScriptEditorPlugin (103)
[2015.04.25-13.43.22:701][401]LogModuleManager: Shutting down and abandoning module CustomMeshComponent (102)
[2015.04.25-13.43.22:701][401]LogModuleManager: Shutting down and abandoning module CableComponent (101)
[2015.04.25-13.43.22:701][401]LogModuleManager: Shutting down and abandoning module MessagingDebugger (100)
[2015.04.25-13.43.22:701][401]LogModuleManager: Shutting down and abandoning module MediaPlayerEditor (99)
[2015.04.25-13.43.22:701][401]LogModuleManager: Shutting down and abandoning module SpeedTreeImporter (98)
[2015.04.25-13.43.22:701][401]LogModuleManager: Shutting down and abandoning module PluginsEditor (97)
[2015.04.25-13.43.22:701][401]LogModuleManager: Shutting down and abandoning module MainFrame (96)
[2015.04.25-13.43.22:702][401]LogModuleManager: Shutting down and abandoning module EpicSurvey (95)
[2015.04.25-13.43.22:702][401]LogModuleManager: Shutting down and abandoning module DesktopPlatform (94)
[2015.04.25-13.43.22:702][401]LogModuleManager: Shutting down and abandoning module DirectoryWatcher (93)
[2015.04.25-13.43.22:702][401]LogModuleManager: Shutting down and abandoning module HotReload (92)
[2015.04.25-13.43.22:702][401]LogModuleManager: Shutting down and abandoning module VisualStudioSourceCodeAccess (91)
[2015.04.25-13.43.22:702][401]LogModuleManager: Shutting down and abandoning module UObjectPlugin (90)
[2015.04.25-13.43.22:702][401]LogModuleManager: Shutting down and abandoning module SubversionSourceControl (89)
[2015.04.25-13.43.22:702][401]LogModuleManager: Shutting down and abandoning module PerforceSourceControl (88)
[2015.04.25-13.43.22:702][401]LogModuleManager: Shutting down and abandoning module SourceControl (87)
[2015.04.25-13.43.22:702][401]LogModuleManager: Shutting down and abandoning module GitSourceControl (86)
[2015.04.25-13.43.22:703][401]LogModuleManager: Shutting down and abandoning module BlankPlugin (85)
[2015.04.25-13.43.22:703][401]LogModuleManager: Shutting down and abandoning module PaperTiledImporter (84)
[2015.04.25-13.43.22:703][401]LogModuleManager: Shutting down and abandoning module PaperJsonImporter (83)
[2015.04.25-13.43.22:703][401]LogModuleManager: Shutting down and abandoning module ContentBrowser (82)
[2015.04.25-13.43.22:704][401]LogModuleManager: Shutting down and abandoning module Paper2DEditor (81)
[2015.04.25-13.43.22:705][401]LogModuleManager: Shutting down and abandoning module ScriptPlugin (80)
[2015.04.25-13.43.22:705][401]LogModuleManager: Shutting down and abandoning module UdpMessaging (79)
[2015.04.25-13.43.22:805][401]LogModuleManager: Shutting down and abandoning module Paper2D (78)
[2015.04.25-13.43.22:805][401]LogModuleManager: Shutting down and abandoning module WindowsMoviePlayer (77)
[2015.04.25-13.43.22:811][401]LogModuleManager: Shutting down and abandoning module Media (76)
[2015.04.25-13.43.22:811][401]LogModuleManager: Shutting down and abandoning module WmfMedia (75)
[2015.04.25-13.43.22:811][401]LogModuleManager: Shutting down and abandoning module OnlineBlueprintSupport (74)
[2015.04.25-13.43.22:812][401]LogModuleManager: Shutting down and abandoning module PropertyEditor (73)
[2015.04.25-13.43.22:812][401]LogModuleManager: Shutting down and abandoning module BehaviorTreeEditor (72)
[2015.04.25-13.43.22:812][401]LogModuleManager: Shutting down and abandoning module FunctionalTesting (71)
[2015.04.25-13.43.22:812][401]LogModuleManager: Shutting down and abandoning module CollisionAnalyzer (70)
[2015.04.25-13.43.22:812][401]LogModuleManager: Shutting down and abandoning module WorkspaceMenuStructure (69)
[2015.04.25-13.43.22:812][401]LogModuleManager: Shutting down and abandoning module MessageLog (68)
[2015.04.25-13.43.22:812][401]LogModuleManager: Shutting down and abandoning module Sequencer (67)
[2015.04.25-13.43.22:812][401]LogModuleManager: Shutting down and abandoning module AssetTools (66)
[2015.04.25-13.43.22:812][401]LogModuleManager: Shutting down and abandoning module UMGEditor (65)
[2015.04.25-13.43.22:812][401]LogModuleManager: Shutting down and abandoning module UMG (64)
[2015.04.25-13.43.22:812][401]LogModuleManager: Shutting down and abandoning module Slate (63)
[2015.04.25-13.43.22:812][401]LogModuleManager: Shutting down and abandoning module EditorStyle (62)
[2015.04.25-13.43.22:831][401]LogModuleManager: Shutting down and abandoning module SessionServices (61)
[2015.04.25-13.43.22:831][401]LogModuleManager: Shutting down and abandoning module SourceCodeAccess (60)
[2015.04.25-13.43.22:831][401]LogModuleManager: Shutting down and abandoning module HeadMountedDisplay (59)
[2015.04.25-13.43.22:831][401]LogModuleManager: Shutting down and abandoning module XAudio2 (58)
[2015.04.25-13.43.22:831][401]LogModuleManager: Shutting down and abandoning module Networking (56)
[2015.04.25-13.43.22:831][401]LogModuleManager: Shutting down and abandoning module Core (55)
[2015.04.25-13.43.22:831][401]LogModuleManager: Shutting down and abandoning module KismetCompiler (54)
[2015.04.25-13.43.22:831][401]LogModuleManager: Shutting down and abandoning module PhysXFormats (53)
[2015.04.25-13.43.22:831][401]LogModuleManager: Shutting down and abandoning module MeshUtilities (52)
[2015.04.25-13.43.22:831][401]LogModuleManager: Shutting down and abandoning module DerivedDataCache (51)
[2015.04.25-13.43.22:894][401]LogDerivedDataCache: Shutdown
[2015.04.25-13.43.22:894][401]LogModuleManager: Shutting down and abandoning module ShaderFormatOpenGL (50)
[2015.04.25-13.43.22:894][401]LogModuleManager: Shutting down and abandoning module ShaderFormatD3D (49)
[2015.04.25-13.43.22:894][401]LogModuleManager: Shutting down and abandoning module MetalShaderFormat (48)
[2015.04.25-13.43.22:894][401]LogModuleManager: Shutting down and abandoning module TextureFormatUncompressed (47)
[2015.04.25-13.43.22:894][401]LogModuleManager: Shutting down and abandoning module TextureFormatPVR (46)
[2015.04.25-13.43.22:894][401]LogModuleManager: Shutting down and abandoning module TextureFormatIntelISPCTexComp (45)
[2015.04.25-13.43.22:894][401]LogModuleManager: Shutting down and abandoning module TextureFormatDXT (44)
[2015.04.25-13.43.22:895][401]LogModuleManager: Shutting down and abandoning module ImageWrapper (43)
[2015.04.25-13.43.22:895][401]LogModuleManager: Shutting down and abandoning module TextureFormatASTC (42)
[2015.04.25-13.43.22:895][401]LogModuleManager: Shutting down and abandoning module TextureFormatAndroid (41)
[2015.04.25-13.43.22:895][401]LogModuleManager: Shutting down and abandoning module AudioFormatOpus (40)
[2015.04.25-13.43.22:895][401]LogModuleManager: Shutting down and abandoning module AudioFormatOgg (39)
[2015.04.25-13.43.22:895][401]LogModuleManager: Shutting down and abandoning module AudioFormatADPCM (38)
[2015.04.25-13.43.22:895][401]LogModuleManager: Shutting down and abandoning module LinuxTargetPlatform (37)
[2015.04.25-13.43.22:895][401]LogModuleManager: Shutting down and abandoning module LinuxServerTargetPlatform (36)
[2015.04.25-13.43.22:895][401]LogModuleManager: Shutting down and abandoning module LinuxNoEditorTargetPlatform (35)
[2015.04.25-13.43.22:895][401]LogModuleManager: Shutting down and abandoning module Messaging (34)
[2015.04.25-13.43.22:895][401]LogModuleManager: Shutting down and abandoning module IOSTargetPlatform (33)
[2015.04.25-13.43.22:895][401]LogModuleManager: Shutting down and abandoning module HTML5TargetPlatform (32)
[2015.04.25-13.43.22:895][401]LogModuleManager: Shutting down and abandoning module Android_PVRTCTargetPlatform (31)
[2015.04.25-13.43.22:895][401]LogModuleManager: Shutting down and abandoning module Android_ETC2TargetPlatform (30)
[2015.04.25-13.43.22:895][401]LogModuleManager: Shutting down and abandoning module Android_ETC1TargetPlatform (29)
[2015.04.25-13.43.22:895][401]LogModuleManager: Shutting down and abandoning module Android_ES31TargetPlatform (28)
[2015.04.25-13.43.22:895][401]LogModuleManager: Shutting down and abandoning module Android_DXTTargetPlatform (27)
[2015.04.25-13.43.22:895][401]LogModuleManager: Shutting down and abandoning module Android_ATCTargetPlatform (26)
[2015.04.25-13.43.22:895][401]LogModuleManager: Shutting down and abandoning module AndroidTargetPlatform (25)
[2015.04.25-13.43.22:895][401]LogModuleManager: Shutting down and abandoning module WindowsTargetPlatform (24)
[2015.04.25-13.43.22:895][401]LogModuleManager: Shutting down and abandoning module WindowsServerTargetPlatform (23)
[2015.04.25-13.43.22:895][401]LogModuleManager: Shutting down and abandoning module WindowsNoEditorTargetPlatform (22)
[2015.04.25-13.43.22:895][401]LogModuleManager: Shutting down and abandoning module WindowsClientTargetPlatform (21)
[2015.04.25-13.43.22:895][401]LogModuleManager: Shutting down and abandoning module TargetPlatform (20)
[2015.04.25-13.43.22:895][401]LogModuleManager: Shutting down and abandoning module InputCore (19)
[2015.04.25-13.43.22:896][401]LogModuleManager: Shutting down and abandoning module Settings (18)
[2015.04.25-13.43.22:896][401]LogModuleManager: Shutting down and abandoning module OnlineSubsystem (16)
[2015.04.25-13.43.22:896][401]LogModuleManager: Shutting down and abandoning module OculusRift (15)
[2015.04.25-13.43.22:896][401]LogModuleManager: Shutting down and abandoning module ExampleDeviceProfileSelector (14)
[2015.04.25-13.43.22:896][401]LogModuleManager: Shutting down and abandoning module TextureCompressor (13)
[2015.04.25-13.43.22:896][401]LogModuleManager: Shutting down and abandoning module ShaderCore (12)
[2015.04.25-13.43.22:896][401]LogModuleManager: Shutting down and abandoning module Landscape (11)
[2015.04.25-13.43.22:896][401]LogModuleManager: Shutting down and abandoning module SlateRHIRenderer (10)
[2015.04.25-13.43.22:899][401]LogModuleManager: Shutting down and abandoning module OpenGLDrv (9)
[2015.04.25-13.43.22:899][401]LogModuleManager: Shutting down and abandoning module D3D11RHI (8)
[2015.04.25-13.43.22:899][401]LogModuleManager: Shutting down and abandoning module Renderer (7)
[2015.04.25-13.43.22:899][401]LogModuleManager: Shutting down and abandoning module Engine (6)
[2015.04.25-13.43.22:899][401]LogModuleManager: Shutting down and abandoning module CoreUObject (5)
[2015.04.25-13.43.22:899][401]LogModuleManager: Shutting down and abandoning module NetworkFile (4)
[2015.04.25-13.43.22:899][401]LogModuleManager: Shutting down and abandoning module StreamingFile (3)
[2015.04.25-13.43.22:899][401]LogModuleManager: Shutting down and abandoning module SandboxFile (2)
[2015.04.25-13.43.22:899][401]LogModuleManager: Shutting down and abandoning module PakFile (1)
[2015.04.25-13.43.22:900][401]LogExit: Exiting.
[2015.04.25-13.43.22:951][401]Log file closed, 04/25/15 22:43:22
