Log file open, 03/09/21 00:44:17
LogInit: Display: Running engine for game: SideScrollGame
LogPlatformFile: Not using cached read wrapper
LogTaskGraph: Started task graph with 5 named threads and 47 total threads with 3 sets of task threads.
LogStats: Stats thread started at 3.684806
LogD3D11RHI: Loaded GFSDK_Aftermath_Lib.x64.dll
LogICUInternationalization: ICU TimeZone Detection - Raw Offset: +9:00, Platform Override: ''
LogPluginManager: Mounting plugin Paper2D
LogPluginManager: Mounting plugin AISupport
LogPluginManager: Mounting plugin LightPropagationVolume
LogPluginManager: Mounting plugin CameraShakePreviewer
LogPluginManager: Mounting plugin ActorLayerUtilities
LogPluginManager: Mounting plugin AnimationSharing
LogPluginManager: Mounting plugin CLionSourceCodeAccess
LogPluginManager: Mounting plugin CodeLiteSourceCodeAccess
LogPluginManager: Mounting plugin GitSourceControl
LogPluginManager: Mounting plugin KDevelopSourceCodeAccess
LogPluginManager: Mounting plugin NullSourceCodeAccess
LogPluginManager: Mounting plugin PerforceSourceControl
LogPluginManager: Mounting plugin PlasticSourceControl
LogPluginManager: Mounting plugin RiderSourceCodeAccess
LogPluginManager: Mounting plugin SubversionSourceControl
LogPluginManager: Mounting plugin UObjectPlugin
LogPluginManager: Mounting plugin VisualStudioCodeSourceCodeAccess
LogPluginManager: Mounting plugin VisualStudioSourceCodeAccess
LogPluginManager: Mounting plugin XCodeSourceCodeAccess
LogPluginManager: Mounting plugin AssetManagerEditor
LogPluginManager: Mounting plugin CryptoKeys
LogPluginManager: Mounting plugin CurveEditorTools
LogPluginManager: Mounting plugin DataValidation
LogPluginManager: Mounting plugin EditorScriptingUtilities
LogPluginManager: Mounting plugin FacialAnimation
LogPluginManager: Mounting plugin GameplayTagsEditor
LogPluginManager: Mounting plugin GeometryMode
LogPluginManager: Mounting plugin MacGraphicsSwitching
LogPluginManager: Mounting plugin MaterialAnalyzer
LogPluginManager: Mounting plugin MobileLauncherProfileWizard
LogPluginManager: Mounting plugin PluginBrowser
LogPluginManager: Mounting plugin SpeedTreeImporter
LogPluginManager: Mounting plugin DatasmithContent
LogPluginManager: Mounting plugin VariantManagerContent
LogPluginManager: Mounting plugin AlembicImporter
LogPluginManager: Mounting plugin AutomationUtils
LogPluginManager: Mounting plugin BackChannel
LogPluginManager: Mounting plugin ChaosCloth
LogPluginManager: Mounting plugin ChaosClothEditor
LogPluginManager: Mounting plugin ChaosEditor
LogPluginManager: Mounting plugin ChaosNiagara
LogPluginManager: Mounting plugin ChaosSolverPlugin
LogPluginManager: Mounting plugin CharacterAI
LogPluginManager: Mounting plugin GeometryCache
LogPluginManager: Mounting plugin GeometryCollectionPlugin
LogPluginManager: Mounting plugin GeometryProcessing
LogPluginManager: Mounting plugin PlanarCut
LogPluginManager: Mounting plugin PlatformCrypto
LogPluginManager: Mounting plugin ProxyLODPlugin
LogPluginManager: Mounting plugin SkeletalReduction
LogPluginManager: Mounting plugin Niagara
LogPluginManager: Mounting plugin MagicLeap
LogPluginManager: Mounting plugin MagicLeapLightEstimation
LogPluginManager: Mounting plugin MagicLeapMedia
LogPluginManager: Mounting plugin MagicLeapPassableWorld
LogPluginManager: Mounting plugin MLSDK
LogPluginManager: Mounting plugin AndroidMedia
LogPluginManager: Mounting plugin AvfMedia
LogPluginManager: Mounting plugin ImgMedia
LogPluginManager: Mounting plugin MediaCompositing
LogPluginManager: Mounting plugin MediaPlayerEditor
LogPluginManager: Mounting plugin WebMMedia
LogPluginManager: Mounting plugin WmfMedia
LogPluginManager: Mounting plugin MeshPainting
LogPluginManager: Mounting plugin TcpMessaging
LogPluginManager: Mounting plugin UdpMessaging
LogPluginManager: Mounting plugin ActorSequence
LogPluginManager: Mounting plugin LevelSequenceEditor
LogPluginManager: Mounting plugin MatineeToLevelSequence
LogPluginManager: Mounting plugin MovieRenderPipeline
LogPluginManager: Mounting plugin TemplateSequence
LogPluginManager: Mounting plugin NetcodeUnitTest
LogPluginManager: Mounting plugin NUTUnrealEngine4
LogPluginManager: Mounting plugin OnlineSubsystemGooglePlay
LogPluginManager: Mounting plugin OnlineSubsystemIOS
LogPluginManager: Mounting plugin OnlineSubsystem
LogPluginManager: Mounting plugin OnlineSubsystemNull
LogPluginManager: Mounting plugin OnlineSubsystemUtils
LogPluginManager: Mounting plugin LauncherChunkInstaller
LogPluginManager: Mounting plugin AndroidDeviceProfileSelector
LogPluginManager: Mounting plugin AndroidMoviePlayer
LogPluginManager: Mounting plugin AndroidPermission
LogPluginManager: Mounting plugin AppleImageUtils
LogPluginManager: Mounting plugin AppleMoviePlayer
LogPluginManager: Mounting plugin ArchVisCharacter
LogPluginManager: Mounting plugin AssetTags
LogPluginManager: Mounting plugin AudioCapture
LogPluginManager: Mounting plugin CableComponent
LogPluginManager: Mounting plugin CustomMeshComponent
LogPluginManager: Mounting plugin EditableMesh
LogPluginManager: Mounting plugin ExampleDeviceProfileSelector
LogPluginManager: Mounting plugin GoogleCloudMessaging
LogPluginManager: Mounting plugin GooglePAD
LogPluginManager: Mounting plugin IOSDeviceProfileSelector
LogPluginManager: Mounting plugin LinuxDeviceProfileSelector
LogPluginManager: Mounting plugin LocationServicesBPLibrary
LogPluginManager: Mounting plugin MobilePatchingUtils
LogPluginManager: Mounting plugin OculusVR
LogPluginManager: Mounting plugin PhysXVehicles
LogPluginManager: Mounting plugin PostSplashScreen
LogPluginManager: Mounting plugin ProceduralMeshComponent
LogPluginManager: Mounting plugin RuntimePhysXCooking
LogPluginManager: Mounting plugin SignificanceManager
LogPluginManager: Mounting plugin SoundFields
LogPluginManager: Mounting plugin SteamVR
LogPluginManager: Mounting plugin Synthesis
LogPluginManager: Mounting plugin WebMMoviePlayer
LogPluginManager: Mounting plugin WindowsMoviePlayer
LogPluginManager: Mounting plugin ScreenshotTools
LogInit: Using libcurl 7.55.1-DEV
LogInit:  - built for x86_64-pc-win32
LogInit:  - supports SSL with OpenSSL/1.1.1
LogInit:  - supports HTTP deflate (compression) using libz 1.2.8
LogInit:  - other features:
LogInit:      CURL_VERSION_SSL
LogInit:      CURL_VERSION_LIBZ
LogInit:      CURL_VERSION_IPV6
LogInit:      CURL_VERSION_ASYNCHDNS
LogInit:      CURL_VERSION_LARGEFILE
LogInit:      CURL_VERSION_IDN
LogInit:  CurlRequestOptions (configurable via config and command line):
LogInit:  - bVerifyPeer = true  - Libcurl will verify peer certificate
LogInit:  - bUseHttpProxy = false  - Libcurl will NOT use HTTP proxy
LogInit:  - bDontReuseConnections = false  - Libcurl will reuse connections
LogInit:  - MaxHostConnections = 16  - Libcurl will limit the number of connections to a host
LogInit:  - LocalHostAddr = Default
LogInit:  - BufferSize = 65536
LogOnline: OSS: Creating online subsystem instance for: NULL
LogInit: WinSock: version 1.1 (2.2), MaxSocks=32767, MaxUdp=65467
LogOnline: OSS: TryLoadSubsystemAndSetDefault: Loaded subsystem for module [NULL]
LogInit: Build: ++UE4+Release-4.25-CL-14469661
LogInit: Engine Version: 4.25.4-14469661+++UE4+Release-4.25
LogInit: Compatible Engine Version: 4.25.0-13144385+++UE4+Release-4.25
LogInit: Net CL: 13144385
LogInit: OS: Windows 10 (Release 2004) (), CPU: AMD Ryzen 7 3700X 8-Core Processor             , GPU: NVIDIA GeForce RTX 2070 SUPER
LogInit: Compiled (64-bit): Oct 11 2020 08:10:49
LogInit: Compiled with Visual C++: 19.24.28315.00
LogInit: Build Configuration: Development
LogInit: Branch Name: ++UE4+Release-4.25
LogInit: Command Line: 
LogInit: Base Directory: D:/Program Files/Epic Games/UE_4.25/Engine/Binaries/Win64/
LogInit: Allocator: TBB
LogInit: Installed Engine Build: 1
LogDevObjectVersion: Number of dev versions registered: 26
LogDevObjectVersion:   Dev-Blueprints (B0D832E4-1F89-4F0D-ACCF-7EB736FD4AA2): 10
LogDevObjectVersion:   Dev-Build (E1C64328-A22C-4D53-A36C-8E866417BD8C): 0
LogDevObjectVersion:   Dev-Core (375EC13C-06E4-48FB-B500-84F0262A717E): 4
LogDevObjectVersion:   Dev-Editor (E4B068ED-F494-42E9-A231-DA0B2E46BB41): 38
LogDevObjectVersion:   Dev-Framework (CFFC743F-43B0-4480-9391-14DF171D2073): 37
LogDevObjectVersion:   Dev-Mobile (B02B49B5-BB20-44E9-A304-32B752E40360): 2
LogDevObjectVersion:   Dev-Networking (A4E4105C-59A1-49B5-A7C5-40C4547EDFEE): 0
LogDevObjectVersion:   Dev-Online (39C831C9-5AE6-47DC-9A44-9C173E1C8E7C): 0
LogDevObjectVersion:   Dev-Physics (78F01B33-EBEA-4F98-B9B4-84EACCB95AA2): 4
LogDevObjectVersion:   Dev-Platform (6631380F-2D4D-43E0-8009-CF276956A95A): 0
LogDevObjectVersion:   Dev-Rendering (12F88B9F-8875-4AFC-A67C-D90C383ABD29): 43
LogDevObjectVersion:   Dev-Sequencer (7B5AE74C-D270-4C10-A958-57980B212A5A): 12
LogDevObjectVersion:   Dev-VR (D7296918-1DD6-4BDD-9DE2-64A83CC13884): 3
LogDevObjectVersion:   Dev-LoadTimes (C2A15278-BFE7-4AFE-6C17-90FF531DF755): 1
LogDevObjectVersion:   Private-Geometry (6EACA3D4-40EC-4CC1-B786-8BED09428FC5): 3
LogDevObjectVersion:   Dev-AnimPhys (29E575DD-E0A3-4627-9D10-D276232CDCEA): 17
LogDevObjectVersion:   Dev-Anim (AF43A65D-7FD3-4947-9873-3E8ED9C1BB05): 7
LogDevObjectVersion:   Dev-ReflectionCapture (6B266CEC-1EC7-4B8F-A30B-E4D90942FC07): 1
LogDevObjectVersion:   Dev-Automation (0DF73D61-A23F-47EA-B727-89E90C41499A): 1
LogDevObjectVersion:   FortniteMain (601D1886-AC64-4F84-AA16-D3DE0DEAC7D6): 31
LogDevObjectVersion:   Dev-Enterprise (9DFFBCD6-494F-0158-E221-12823C92A888): 10
LogDevObjectVersion:   Dev-Niagara (F2AED0AC-9AFE-416F-8664-AA7FFA26D6FC): 1
LogDevObjectVersion:   Dev-Destruction (174F1F0B-B4C6-45A5-B13F-2EE8D0FB917D): 10
LogDevObjectVersion:   Dev-Physics-Ext (35F94A83-E258-406C-A318-09F59610247C): 37
LogDevObjectVersion:   Dev-PhysicsMaterial-Chaos (B68FC16E-8B1B-42E2-B453-215C058844FE): 1
LogDevObjectVersion:   Dev-CineCamera (B2E18506-4273-CFC2-A54E-F4BB758BBA07): 1
LogInit: Presizing for max 25165824 objects, including 0 objects not considered by GC, pre-allocating 0 bytes for permanent pool.
LogConfig: Applying CVar settings from Section [/Script/Engine.StreamingSettings] File [D:/Coding/Unreal_game_programming_BP/CHAPTER09/SideScrollGame/Saved/Config/Windows/Engine.ini]
LogConfig: Setting CVar [[s.MinBulkDataSizeForAsyncLoading:131072]]
LogConfig: Setting CVar [[s.AsyncLoadingThreadEnabled:0]]
LogConfig: Setting CVar [[s.EventDrivenLoaderEnabled:1]]
LogConfig: Setting CVar [[s.WarnIfTimeLimitExceeded:0]]
LogConfig: Setting CVar [[s.TimeLimitExceededMultiplier:1.5]]
LogConfig: Setting CVar [[s.TimeLimitExceededMinTime:0.005]]
LogConfig: Setting CVar [[s.UseBackgroundLevelStreaming:1]]
LogConfig: Setting CVar [[s.PriorityAsyncLoadingExtraTime:15.0]]
LogConfig: Setting CVar [[s.LevelStreamingActorsUpdateTimeLimit:5.0]]
LogConfig: Setting CVar [[s.PriorityLevelStreamingActorsUpdateExtraTime:5.0]]
LogConfig: Setting CVar [[s.LevelStreamingComponentsRegistrationGranularity:10]]
LogConfig: Setting CVar [[s.UnregisterComponentsTimeLimit:1.0]]
LogConfig: Setting CVar [[s.LevelStreamingComponentsUnregistrationGranularity:5]]
LogConfig: Setting CVar [[s.FlushStreamingOnExit:1]]
LogInit: Object subsystem initialized
LogConfig: Setting CVar [[con.DebugEarlyDefault:1]]
LogConfig: Setting CVar [[r.setres:1280x720]]
[2021.03.08-15.44.20:279][  0]LogConfig: Setting CVar [[r.VSync:0]]
[2021.03.08-15.44.20:279][  0]LogConfig: Setting CVar [[r.RHICmdBypass:0]]
[2021.03.08-15.44.20:280][  0]LogConfig: Applying CVar settings from Section [/Script/Engine.RendererSettings] File [D:/Coding/Unreal_game_programming_BP/CHAPTER09/SideScrollGame/Saved/Config/Windows/Engine.ini]
[2021.03.08-15.44.20:280][  0]LogConfig: Setting CVar [[r.GPUCrashDebugging:0]]
[2021.03.08-15.44.20:280][  0]LogConfig: Applying CVar settings from Section [/Script/Engine.RendererOverrideSettings] File [D:/Coding/Unreal_game_programming_BP/CHAPTER09/SideScrollGame/Saved/Config/Windows/Engine.ini]
[2021.03.08-15.44.20:280][  0]LogConfig: Applying CVar settings from Section [/Script/Engine.StreamingSettings] File [D:/Coding/Unreal_game_programming_BP/CHAPTER09/SideScrollGame/Saved/Config/Windows/Engine.ini]
[2021.03.08-15.44.20:280][  0]LogConfig: Setting CVar [[s.MinBulkDataSizeForAsyncLoading:131072]]
[2021.03.08-15.44.20:280][  0]LogConfig: Setting CVar [[s.AsyncLoadingThreadEnabled:0]]
[2021.03.08-15.44.20:280][  0]LogConfig: Setting CVar [[s.EventDrivenLoaderEnabled:1]]
[2021.03.08-15.44.20:280][  0]LogConfig: Setting CVar [[s.WarnIfTimeLimitExceeded:0]]
[2021.03.08-15.44.20:280][  0]LogConfig: Setting CVar [[s.TimeLimitExceededMultiplier:1.5]]
[2021.03.08-15.44.20:280][  0]LogConfig: Setting CVar [[s.TimeLimitExceededMinTime:0.005]]
[2021.03.08-15.44.20:280][  0]LogConfig: Setting CVar [[s.UseBackgroundLevelStreaming:1]]
[2021.03.08-15.44.20:280][  0]LogConfig: Setting CVar [[s.PriorityAsyncLoadingExtraTime:15.0]]
[2021.03.08-15.44.20:280][  0]LogConfig: Setting CVar [[s.LevelStreamingActorsUpdateTimeLimit:5.0]]
[2021.03.08-15.44.20:280][  0]LogConfig: Setting CVar [[s.PriorityLevelStreamingActorsUpdateExtraTime:5.0]]
[2021.03.08-15.44.20:280][  0]LogConfig: Setting CVar [[s.LevelStreamingComponentsRegistrationGranularity:10]]
[2021.03.08-15.44.20:280][  0]LogConfig: Setting CVar [[s.UnregisterComponentsTimeLimit:1.0]]
[2021.03.08-15.44.20:280][  0]LogConfig: Setting CVar [[s.LevelStreamingComponentsUnregistrationGranularity:5]]
[2021.03.08-15.44.20:280][  0]LogConfig: Setting CVar [[s.FlushStreamingOnExit:1]]
[2021.03.08-15.44.20:280][  0]LogConfig: Applying CVar settings from Section [/Script/Engine.GarbageCollectionSettings] File [D:/Coding/Unreal_game_programming_BP/CHAPTER09/SideScrollGame/Saved/Config/Windows/Engine.ini]
[2021.03.08-15.44.20:280][  0]LogConfig: Setting CVar [[gc.MaxObjectsNotConsideredByGC:1]]
[2021.03.08-15.44.20:280][  0]LogConfig: Setting CVar [[gc.SizeOfPermanentObjectPool:0]]
[2021.03.08-15.44.20:280][  0]LogConfig: Setting CVar [[gc.FlushStreamingOnGC:0]]
[2021.03.08-15.44.20:280][  0]LogConfig: Setting CVar [[gc.NumRetriesBeforeForcingGC:10]]
[2021.03.08-15.44.20:280][  0]LogConfig: Setting CVar [[gc.AllowParallelGC:1]]
[2021.03.08-15.44.20:280][  0]LogConfig: Setting CVar [[gc.TimeBetweenPurgingPendingKillObjects:61.1]]
[2021.03.08-15.44.20:280][  0]LogConfig: Setting CVar [[gc.MaxObjectsInEditor:25165824]]
[2021.03.08-15.44.20:280][  0]LogConfig: Setting CVar [[gc.IncrementalBeginDestroyEnabled:1]]
[2021.03.08-15.44.20:280][  0]LogConfig: Setting CVar [[gc.CreateGCClusters:1]]
[2021.03.08-15.44.20:280][  0]LogConfig: Setting CVar [[gc.MinGCClusterSize:5]]
[2021.03.08-15.44.20:280][  0]LogConfig: Setting CVar [[gc.ActorClusteringEnabled:0]]
[2021.03.08-15.44.20:280][  0]LogConfig: Setting CVar [[gc.BlueprintClusteringEnabled:0]]
[2021.03.08-15.44.20:280][  0]LogConfig: Setting CVar [[gc.UseDisregardForGCOnDedicatedServers:0]]
[2021.03.08-15.44.20:280][  0]LogConfig: Applying CVar settings from Section [/Script/Engine.NetworkSettings] File [D:/Coding/Unreal_game_programming_BP/CHAPTER09/SideScrollGame/Saved/Config/Windows/Engine.ini]
[2021.03.08-15.44.20:280][  0]LogConfig: Applying CVar settings from Section [/Script/UnrealEd.CookerSettings] File [D:/Coding/Unreal_game_programming_BP/CHAPTER09/SideScrollGame/Saved/Config/Windows/Engine.ini]
[2021.03.08-15.44.20:323][  0]LogConfig: Applying CVar settings from Section [ViewDistanceQuality@3] File [D:/Coding/Unreal_game_programming_BP/CHAPTER09/SideScrollGame/Saved/Config/Windows/Scalability.ini]
[2021.03.08-15.44.20:323][  0]LogConfig: Setting CVar [[r.SkeletalMeshLODBias:0]]
[2021.03.08-15.44.20:323][  0]LogConfig: Setting CVar [[r.ViewDistanceScale:1.0]]
[2021.03.08-15.44.20:323][  0]LogConfig: Applying CVar settings from Section [AntiAliasingQuality@3] File [D:/Coding/Unreal_game_programming_BP/CHAPTER09/SideScrollGame/Saved/Config/Windows/Scalability.ini]
[2021.03.08-15.44.20:323][  0]LogConfig: Setting CVar [[r.PostProcessAAQuality:4]]
[2021.03.08-15.44.20:323][  0]LogConfig: Applying CVar settings from Section [ShadowQuality@3] File [D:/Coding/Unreal_game_programming_BP/CHAPTER09/SideScrollGame/Saved/Config/Windows/Scalability.ini]
[2021.03.08-15.44.20:323][  0]LogConfig: Setting CVar [[r.LightFunctionQuality:1]]
[2021.03.08-15.44.20:323][  0]LogConfig: Setting CVar [[r.ShadowQuality:5]]
[2021.03.08-15.44.20:323][  0]LogConfig: Setting CVar [[r.Shadow.CSM.MaxCascades:10]]
[2021.03.08-15.44.20:323][  0]LogConfig: Setting CVar [[r.Shadow.MaxResolution:2048]]
[2021.03.08-15.44.20:324][  0]LogConfig: Setting CVar [[r.Shadow.MaxCSMResolution:2048]]
[2021.03.08-15.44.20:324][  0]LogConfig: Setting CVar [[r.Shadow.RadiusThreshold:0.01]]
[2021.03.08-15.44.20:324][  0]LogConfig: Setting CVar [[r.Shadow.DistanceScale:1.0]]
[2021.03.08-15.44.20:324][  0]LogConfig: Setting CVar [[r.Shadow.CSM.TransitionScale:1.0]]
[2021.03.08-15.44.20:324][  0]LogConfig: Setting CVar [[r.Shadow.PreShadowResolutionFactor:1.0]]
[2021.03.08-15.44.20:324][  0]LogConfig: Setting CVar [[r.DistanceFieldShadowing:1]]
[2021.03.08-15.44.20:324][  0]LogConfig: Setting CVar [[r.DistanceFieldAO:1]]
[2021.03.08-15.44.20:324][  0]LogConfig: Setting CVar [[r.AOQuality:2]]
[2021.03.08-15.44.20:324][  0]LogConfig: Setting CVar [[r.VolumetricFog:1]]
[2021.03.08-15.44.20:324][  0]LogConfig: Setting CVar [[r.VolumetricFog.GridPixelSize:8]]
[2021.03.08-15.44.20:324][  0]LogConfig: Setting CVar [[r.VolumetricFog.GridSizeZ:128]]
[2021.03.08-15.44.20:324][  0]LogConfig: Setting CVar [[r.VolumetricFog.HistoryMissSupersampleCount:4]]
[2021.03.08-15.44.20:324][  0]LogConfig: Setting CVar [[r.LightMaxDrawDistanceScale:1]]
[2021.03.08-15.44.20:324][  0]LogConfig: Setting CVar [[r.CapsuleShadows:1]]
[2021.03.08-15.44.20:324][  0]LogConfig: Applying CVar settings from Section [PostProcessQuality@3] File [D:/Coding/Unreal_game_programming_BP/CHAPTER09/SideScrollGame/Saved/Config/Windows/Scalability.ini]
[2021.03.08-15.44.20:324][  0]LogConfig: Setting CVar [[r.MotionBlurQuality:4]]
[2021.03.08-15.44.20:324][  0]LogConfig: Setting CVar [[r.AmbientOcclusionMipLevelFactor:0.4]]
[2021.03.08-15.44.20:324][  0]LogConfig: Setting CVar [[r.AmbientOcclusionMaxQuality:100]]
[2021.03.08-15.44.20:324][  0]LogConfig: Setting CVar [[r.AmbientOcclusionLevels:-1]]
[2021.03.08-15.44.20:324][  0]LogConfig: Setting CVar [[r.AmbientOcclusionRadiusScale:1.0]]
[2021.03.08-15.44.20:324][  0]LogConfig: Setting CVar [[r.DepthOfFieldQuality:2]]
[2021.03.08-15.44.20:324][  0]LogConfig: Setting CVar [[r.RenderTargetPoolMin:400]]
[2021.03.08-15.44.20:324][  0]LogConfig: Setting CVar [[r.LensFlareQuality:2]]
[2021.03.08-15.44.20:324][  0]LogConfig: Setting CVar [[r.SceneColorFringeQuality:1]]
[2021.03.08-15.44.20:324][  0]LogConfig: Setting CVar [[r.EyeAdaptationQuality:2]]
[2021.03.08-15.44.20:324][  0]LogConfig: Setting CVar [[r.BloomQuality:5]]
[2021.03.08-15.44.20:324][  0]LogConfig: Setting CVar [[r.FastBlurThreshold:100]]
[2021.03.08-15.44.20:324][  0]LogConfig: Setting CVar [[r.Upscale.Quality:3]]
[2021.03.08-15.44.20:324][  0]LogConfig: Setting CVar [[r.Tonemapper.GrainQuantization:1]]
[2021.03.08-15.44.20:324][  0]LogConfig: Setting CVar [[r.LightShaftQuality:1]]
[2021.03.08-15.44.20:324][  0]LogConfig: Setting CVar [[r.Filter.SizeScale:1]]
[2021.03.08-15.44.20:324][  0]LogConfig: Setting CVar [[r.Tonemapper.Quality:5]]
[2021.03.08-15.44.20:324][  0]LogConfig: Setting CVar [[r.DOF.Gather.AccumulatorQuality:1        ; higher gathering accumulator quality]]
[2021.03.08-15.44.20:324][  0]LogConfig: Setting CVar [[r.DOF.Gather.PostfilterMethod:1          ; Median3x3 postfilering method]]
[2021.03.08-15.44.20:324][  0]LogConfig: Setting CVar [[r.DOF.Gather.EnableBokehSettings:0       ; no bokeh simulation when gathering]]
[2021.03.08-15.44.20:324][  0]LogConfig: Setting CVar [[r.DOF.Gather.RingCount:4                 ; medium number of samples when gathering]]
[2021.03.08-15.44.20:324][  0]LogConfig: Setting CVar [[r.DOF.Scatter.ForegroundCompositing:1    ; additive foreground scattering]]
[2021.03.08-15.44.20:324][  0]LogConfig: Setting CVar [[r.DOF.Scatter.BackgroundCompositing:2    ; additive background scattering]]
[2021.03.08-15.44.20:324][  0]LogConfig: Setting CVar [[r.DOF.Scatter.EnableBokehSettings:1      ; bokeh simulation when scattering]]
[2021.03.08-15.44.20:324][  0]LogConfig: Setting CVar [[r.DOF.Scatter.MaxSpriteRatio:0.1         ; only a maximum of 10% of scattered bokeh]]
[2021.03.08-15.44.20:324][  0]LogConfig: Setting CVar [[r.DOF.Recombine.Quality:1                ; cheap slight out of focus]]
[2021.03.08-15.44.20:324][  0]LogConfig: Setting CVar [[r.DOF.Recombine.EnableBokehSettings:0    ; no bokeh simulation on slight out of focus]]
[2021.03.08-15.44.20:324][  0]LogConfig: Setting CVar [[r.DOF.TemporalAAQuality:1                ; more stable temporal accumulation]]
[2021.03.08-15.44.20:324][  0]LogConfig: Setting CVar [[r.DOF.Kernel.MaxForegroundRadius:0.025]]
[2021.03.08-15.44.20:324][  0]LogConfig: Setting CVar [[r.DOF.Kernel.MaxBackgroundRadius:0.025]]
[2021.03.08-15.44.20:324][  0]LogConfig: Applying CVar settings from Section [TextureQuality@3] File [D:/Coding/Unreal_game_programming_BP/CHAPTER09/SideScrollGame/Saved/Config/Windows/Scalability.ini]
[2021.03.08-15.44.20:324][  0]LogConfig: Setting CVar [[r.Streaming.MipBias:0]]
[2021.03.08-15.44.20:324][  0]LogConfig: Setting CVar [[r.Streaming.AmortizeCPUToGPUCopy:0]]
[2021.03.08-15.44.20:324][  0]LogConfig: Setting CVar [[r.Streaming.MaxNumTexturesToStreamPerFrame:0]]
[2021.03.08-15.44.20:324][  0]LogConfig: Setting CVar [[r.Streaming.Boost:1]]
[2021.03.08-15.44.20:324][  0]LogConfig: Setting CVar [[r.MaxAnisotropy:8]]
[2021.03.08-15.44.20:324][  0]LogConfig: Setting CVar [[r.VT.MaxAnisotropy:8]]
[2021.03.08-15.44.20:324][  0]LogConfig: Setting CVar [[r.Streaming.LimitPoolSizeToVRAM:0]]
[2021.03.08-15.44.20:324][  0]LogConfig: Setting CVar [[r.Streaming.PoolSize:1000]]
[2021.03.08-15.44.20:324][  0]LogConfig: Setting CVar [[r.Streaming.MaxEffectiveScreenSize:0]]
[2021.03.08-15.44.20:324][  0]LogConfig: Applying CVar settings from Section [EffectsQuality@3] File [D:/Coding/Unreal_game_programming_BP/CHAPTER09/SideScrollGame/Saved/Config/Windows/Scalability.ini]
[2021.03.08-15.44.20:324][  0]LogConfig: Setting CVar [[r.TranslucencyLightingVolumeDim:64]]
[2021.03.08-15.44.20:324][  0]LogConfig: Setting CVar [[r.RefractionQuality:2]]
[2021.03.08-15.44.20:324][  0]LogConfig: Setting CVar [[r.SSR.Quality:3]]
[2021.03.08-15.44.20:324][  0]LogConfig: Setting CVar [[r.SSR.HalfResSceneColor:0]]
[2021.03.08-15.44.20:324][  0]LogConfig: Setting CVar [[r.SceneColorFormat:4]]
[2021.03.08-15.44.20:324][  0]LogConfig: Setting CVar [[r.DetailMode:2]]
[2021.03.08-15.44.20:324][  0]LogConfig: Setting CVar [[r.TranslucencyVolumeBlur:1]]
[2021.03.08-15.44.20:324][  0]LogConfig: Setting CVar [[r.MaterialQualityLevel:1 ; High quality]]
[2021.03.08-15.44.20:324][  0]LogConfig: Setting CVar [[r.SSS.Scale:1]]
[2021.03.08-15.44.20:324][  0]LogConfig: Setting CVar [[r.SSS.SampleSet:2]]
[2021.03.08-15.44.20:324][  0]LogConfig: Setting CVar [[r.SSS.Quality:1]]
[2021.03.08-15.44.20:324][  0]LogConfig: Setting CVar [[r.SSS.HalfRes:0]]
[2021.03.08-15.44.20:324][  0]LogConfig: Setting CVar [[r.SSGI.Quality:3]]
[2021.03.08-15.44.20:324][  0]LogConfig: Setting CVar [[r.EmitterSpawnRateScale:1.0]]
[2021.03.08-15.44.20:324][  0]LogConfig: Setting CVar [[r.ParticleLightQuality:2]]
[2021.03.08-15.44.20:324][  0]LogConfig: Setting CVar [[r.SkyAtmosphere.AerialPerspectiveLUT.FastApplyOnOpaque:1 ; Always have FastSkyLUT 1 in this case to avoid wrong sky]]
[2021.03.08-15.44.20:324][  0]LogConfig: Setting CVar [[r.SkyAtmosphere.AerialPerspectiveLUT.SampleCountPerSlice:1]]
[2021.03.08-15.44.20:324][  0]LogConfig: Setting CVar [[r.SkyAtmosphere.AerialPerspectiveLUT.DepthResolution:16.0]]
[2021.03.08-15.44.20:324][  0]LogConfig: Setting CVar [[r.SkyAtmosphere.FastSkyLUT:1]]
[2021.03.08-15.44.20:324][  0]LogConfig: Setting CVar [[r.SkyAtmosphere.FastSkyLUT.SampleCountMin:4.0]]
[2021.03.08-15.44.20:324][  0]LogConfig: Setting CVar [[r.SkyAtmosphere.FastSkyLUT.SampleCountMax:32.0]]
[2021.03.08-15.44.20:324][  0]LogConfig: Setting CVar [[r.SkyAtmosphere.SampleCountMin:4.0]]
[2021.03.08-15.44.20:324][  0]LogConfig: Setting CVar [[r.SkyAtmosphere.SampleCountMax:32.0]]
[2021.03.08-15.44.20:324][  0]LogConfig: Setting CVar [[r.SkyAtmosphere.TransmittanceLUT.UseSmallFormat:0]]
[2021.03.08-15.44.20:324][  0]LogConfig: Setting CVar [[r.SkyAtmosphere.TransmittanceLUT.SampleCount:10.0]]
[2021.03.08-15.44.20:324][  0]LogConfig: Setting CVar [[r.SkyAtmosphere.MultiScatteringLUT.SampleCount:15.0]]
[2021.03.08-15.44.20:324][  0]LogConfig: Applying CVar settings from Section [FoliageQuality@3] File [D:/Coding/Unreal_game_programming_BP/CHAPTER09/SideScrollGame/Saved/Config/Windows/Scalability.ini]
[2021.03.08-15.44.20:324][  0]LogConfig: Setting CVar [[foliage.DensityScale:1.0]]
[2021.03.08-15.44.20:324][  0]LogConfig: Setting CVar [[grass.DensityScale:1.0]]
[2021.03.08-15.44.20:324][  0]LogConfig: Applying CVar settings from Section [ShadingQuality@3] File [D:/Coding/Unreal_game_programming_BP/CHAPTER09/SideScrollGame/Saved/Config/Windows/Scalability.ini]
[2021.03.08-15.44.20:324][  0]LogConfig: Setting CVar [[r.HairStrands.SkyLighting.SampleCount:16]]
[2021.03.08-15.44.20:324][  0]LogConfig: Setting CVar [[r.HairStrands.SkyLighting.JitterIntegration:0]]
[2021.03.08-15.44.20:324][  0]LogConfig: Setting CVar [[r.HairStrands.SkyAO.SampleCount:16]]
[2021.03.08-15.44.20:325][  0]LogConfig: Setting CVar [[r.HairStrands.DeepShadow.SuperSampling:0]]
[2021.03.08-15.44.20:325][  0]LogConfig: Setting CVar [[r.HairStrands.VisibilityPPLL:0]]
[2021.03.08-15.44.20:325][  0]LogConfig: Setting CVar [[r.HairStrands.RasterizationScale:0.5]]
[2021.03.08-15.44.20:325][  0]LogConfig: Setting CVar [[r.HairStrands.VelocityRasterizationScale:1]]
[2021.03.08-15.44.20:335][  0]LogInit: Selected Device Profile: [Windows]
[2021.03.08-15.44.20:335][  0]LogInit: Applying CVar settings loaded from the selected device profile: [Windows]
[2021.03.08-15.44.20:351][  0]LogHAL: Display: Platform has ~ 32 GB [34287513600 / 34359738368 / 32], which maps to Largest [LargestMinGB=32, LargerMinGB=12, DefaultMinGB=8, SmallerMinGB=6, SmallestMinGB=0)
[2021.03.08-15.44.20:351][  0]LogInit: Going up to parent DeviceProfile []
[2021.03.08-15.44.20:351][  0]LogConfig: Applying CVar settings from Section [ViewDistanceQuality@3] File [D:/Coding/Unreal_game_programming_BP/CHAPTER09/SideScrollGame/Saved/Config/Windows/Scalability.ini]
[2021.03.08-15.44.20:351][  0]LogConfig: Setting CVar [[r.SkeletalMeshLODBias:0]]
[2021.03.08-15.44.20:351][  0]LogConfig: Setting CVar [[r.ViewDistanceScale:1.0]]
[2021.03.08-15.44.20:351][  0]LogConfig: Applying CVar settings from Section [AntiAliasingQuality@3] File [D:/Coding/Unreal_game_programming_BP/CHAPTER09/SideScrollGame/Saved/Config/Windows/Scalability.ini]
[2021.03.08-15.44.20:351][  0]LogConfig: Setting CVar [[r.PostProcessAAQuality:4]]
[2021.03.08-15.44.20:351][  0]LogConfig: Applying CVar settings from Section [ShadowQuality@3] File [D:/Coding/Unreal_game_programming_BP/CHAPTER09/SideScrollGame/Saved/Config/Windows/Scalability.ini]
[2021.03.08-15.44.20:351][  0]LogConfig: Setting CVar [[r.LightFunctionQuality:1]]
[2021.03.08-15.44.20:351][  0]LogConfig: Setting CVar [[r.ShadowQuality:5]]
[2021.03.08-15.44.20:351][  0]LogConfig: Setting CVar [[r.Shadow.CSM.MaxCascades:10]]
[2021.03.08-15.44.20:351][  0]LogConfig: Setting CVar [[r.Shadow.MaxResolution:2048]]
[2021.03.08-15.44.20:351][  0]LogConfig: Setting CVar [[r.Shadow.MaxCSMResolution:2048]]
[2021.03.08-15.44.20:351][  0]LogConfig: Setting CVar [[r.Shadow.RadiusThreshold:0.01]]
[2021.03.08-15.44.20:351][  0]LogConfig: Setting CVar [[r.Shadow.DistanceScale:1.0]]
[2021.03.08-15.44.20:351][  0]LogConfig: Setting CVar [[r.Shadow.CSM.TransitionScale:1.0]]
[2021.03.08-15.44.20:351][  0]LogConfig: Setting CVar [[r.Shadow.PreShadowResolutionFactor:1.0]]
[2021.03.08-15.44.20:351][  0]LogConfig: Setting CVar [[r.DistanceFieldShadowing:1]]
[2021.03.08-15.44.20:351][  0]LogConfig: Setting CVar [[r.DistanceFieldAO:1]]
[2021.03.08-15.44.20:351][  0]LogConfig: Setting CVar [[r.AOQuality:2]]
[2021.03.08-15.44.20:351][  0]LogConfig: Setting CVar [[r.VolumetricFog:1]]
[2021.03.08-15.44.20:351][  0]LogConfig: Setting CVar [[r.VolumetricFog.GridPixelSize:8]]
[2021.03.08-15.44.20:351][  0]LogConfig: Setting CVar [[r.VolumetricFog.GridSizeZ:128]]
[2021.03.08-15.44.20:351][  0]LogConfig: Setting CVar [[r.VolumetricFog.HistoryMissSupersampleCount:4]]
[2021.03.08-15.44.20:351][  0]LogConfig: Setting CVar [[r.LightMaxDrawDistanceScale:1]]
[2021.03.08-15.44.20:351][  0]LogConfig: Setting CVar [[r.CapsuleShadows:1]]
[2021.03.08-15.44.20:351][  0]LogConfig: Applying CVar settings from Section [PostProcessQuality@3] File [D:/Coding/Unreal_game_programming_BP/CHAPTER09/SideScrollGame/Saved/Config/Windows/Scalability.ini]
[2021.03.08-15.44.20:351][  0]LogConfig: Setting CVar [[r.MotionBlurQuality:4]]
[2021.03.08-15.44.20:351][  0]LogConfig: Setting CVar [[r.AmbientOcclusionMipLevelFactor:0.4]]
[2021.03.08-15.44.20:351][  0]LogConfig: Setting CVar [[r.AmbientOcclusionMaxQuality:100]]
[2021.03.08-15.44.20:351][  0]LogConfig: Setting CVar [[r.AmbientOcclusionLevels:-1]]
[2021.03.08-15.44.20:351][  0]LogConfig: Setting CVar [[r.AmbientOcclusionRadiusScale:1.0]]
[2021.03.08-15.44.20:351][  0]LogConfig: Setting CVar [[r.DepthOfFieldQuality:2]]
[2021.03.08-15.44.20:351][  0]LogConfig: Setting CVar [[r.RenderTargetPoolMin:400]]
[2021.03.08-15.44.20:351][  0]LogConfig: Setting CVar [[r.LensFlareQuality:2]]
[2021.03.08-15.44.20:351][  0]LogConfig: Setting CVar [[r.SceneColorFringeQuality:1]]
[2021.03.08-15.44.20:351][  0]LogConfig: Setting CVar [[r.EyeAdaptationQuality:2]]
[2021.03.08-15.44.20:351][  0]LogConfig: Setting CVar [[r.BloomQuality:5]]
[2021.03.08-15.44.20:351][  0]LogConfig: Setting CVar [[r.FastBlurThreshold:100]]
[2021.03.08-15.44.20:351][  0]LogConfig: Setting CVar [[r.Upscale.Quality:3]]
[2021.03.08-15.44.20:351][  0]LogConfig: Setting CVar [[r.Tonemapper.GrainQuantization:1]]
[2021.03.08-15.44.20:351][  0]LogConfig: Setting CVar [[r.LightShaftQuality:1]]
[2021.03.08-15.44.20:351][  0]LogConfig: Setting CVar [[r.Filter.SizeScale:1]]
[2021.03.08-15.44.20:351][  0]LogConfig: Setting CVar [[r.Tonemapper.Quality:5]]
[2021.03.08-15.44.20:351][  0]LogConfig: Setting CVar [[r.DOF.Gather.AccumulatorQuality:1        ; higher gathering accumulator quality]]
[2021.03.08-15.44.20:351][  0]LogConfig: Setting CVar [[r.DOF.Gather.PostfilterMethod:1          ; Median3x3 postfilering method]]
[2021.03.08-15.44.20:351][  0]LogConfig: Setting CVar [[r.DOF.Gather.EnableBokehSettings:0       ; no bokeh simulation when gathering]]
[2021.03.08-15.44.20:351][  0]LogConfig: Setting CVar [[r.DOF.Gather.RingCount:4                 ; medium number of samples when gathering]]
[2021.03.08-15.44.20:351][  0]LogConfig: Setting CVar [[r.DOF.Scatter.ForegroundCompositing:1    ; additive foreground scattering]]
[2021.03.08-15.44.20:352][  0]LogConfig: Setting CVar [[r.DOF.Scatter.BackgroundCompositing:2    ; additive background scattering]]
[2021.03.08-15.44.20:352][  0]LogConfig: Setting CVar [[r.DOF.Scatter.EnableBokehSettings:1      ; bokeh simulation when scattering]]
[2021.03.08-15.44.20:352][  0]LogConfig: Setting CVar [[r.DOF.Scatter.MaxSpriteRatio:0.1         ; only a maximum of 10% of scattered bokeh]]
[2021.03.08-15.44.20:352][  0]LogConfig: Setting CVar [[r.DOF.Recombine.Quality:1                ; cheap slight out of focus]]
[2021.03.08-15.44.20:352][  0]LogConfig: Setting CVar [[r.DOF.Recombine.EnableBokehSettings:0    ; no bokeh simulation on slight out of focus]]
[2021.03.08-15.44.20:352][  0]LogConfig: Setting CVar [[r.DOF.TemporalAAQuality:1                ; more stable temporal accumulation]]
[2021.03.08-15.44.20:352][  0]LogConfig: Setting CVar [[r.DOF.Kernel.MaxForegroundRadius:0.025]]
[2021.03.08-15.44.20:352][  0]LogConfig: Setting CVar [[r.DOF.Kernel.MaxBackgroundRadius:0.025]]
[2021.03.08-15.44.20:352][  0]LogConfig: Applying CVar settings from Section [TextureQuality@3] File [D:/Coding/Unreal_game_programming_BP/CHAPTER09/SideScrollGame/Saved/Config/Windows/Scalability.ini]
[2021.03.08-15.44.20:352][  0]LogConfig: Setting CVar [[r.Streaming.MipBias:0]]
[2021.03.08-15.44.20:352][  0]LogConfig: Setting CVar [[r.Streaming.AmortizeCPUToGPUCopy:0]]
[2021.03.08-15.44.20:352][  0]LogConfig: Setting CVar [[r.Streaming.MaxNumTexturesToStreamPerFrame:0]]
[2021.03.08-15.44.20:352][  0]LogConfig: Setting CVar [[r.Streaming.Boost:1]]
[2021.03.08-15.44.20:352][  0]LogConfig: Setting CVar [[r.MaxAnisotropy:8]]
[2021.03.08-15.44.20:352][  0]LogConfig: Setting CVar [[r.VT.MaxAnisotropy:8]]
[2021.03.08-15.44.20:352][  0]LogConfig: Setting CVar [[r.Streaming.LimitPoolSizeToVRAM:0]]
[2021.03.08-15.44.20:352][  0]LogConfig: Setting CVar [[r.Streaming.PoolSize:1000]]
[2021.03.08-15.44.20:352][  0]LogConfig: Setting CVar [[r.Streaming.MaxEffectiveScreenSize:0]]
[2021.03.08-15.44.20:352][  0]LogConfig: Applying CVar settings from Section [EffectsQuality@3] File [D:/Coding/Unreal_game_programming_BP/CHAPTER09/SideScrollGame/Saved/Config/Windows/Scalability.ini]
[2021.03.08-15.44.20:352][  0]LogConfig: Setting CVar [[r.TranslucencyLightingVolumeDim:64]]
[2021.03.08-15.44.20:352][  0]LogConfig: Setting CVar [[r.RefractionQuality:2]]
[2021.03.08-15.44.20:352][  0]LogConfig: Setting CVar [[r.SSR.Quality:3]]
[2021.03.08-15.44.20:352][  0]LogConfig: Setting CVar [[r.SSR.HalfResSceneColor:0]]
[2021.03.08-15.44.20:352][  0]LogConfig: Setting CVar [[r.SceneColorFormat:4]]
[2021.03.08-15.44.20:352][  0]LogConfig: Setting CVar [[r.DetailMode:2]]
[2021.03.08-15.44.20:352][  0]LogConfig: Setting CVar [[r.TranslucencyVolumeBlur:1]]
[2021.03.08-15.44.20:352][  0]LogConfig: Setting CVar [[r.MaterialQualityLevel:1 ; High quality]]
[2021.03.08-15.44.20:352][  0]LogConfig: Setting CVar [[r.SSS.Scale:1]]
[2021.03.08-15.44.20:352][  0]LogConfig: Setting CVar [[r.SSS.SampleSet:2]]
[2021.03.08-15.44.20:352][  0]LogConfig: Setting CVar [[r.SSS.Quality:1]]
[2021.03.08-15.44.20:352][  0]LogConfig: Setting CVar [[r.SSS.HalfRes:0]]
[2021.03.08-15.44.20:352][  0]LogConfig: Setting CVar [[r.SSGI.Quality:3]]
[2021.03.08-15.44.20:352][  0]LogConfig: Setting CVar [[r.EmitterSpawnRateScale:1.0]]
[2021.03.08-15.44.20:352][  0]LogConfig: Setting CVar [[r.ParticleLightQuality:2]]
[2021.03.08-15.44.20:352][  0]LogConfig: Setting CVar [[r.SkyAtmosphere.AerialPerspectiveLUT.FastApplyOnOpaque:1 ; Always have FastSkyLUT 1 in this case to avoid wrong sky]]
[2021.03.08-15.44.20:352][  0]LogConfig: Setting CVar [[r.SkyAtmosphere.AerialPerspectiveLUT.SampleCountPerSlice:1]]
[2021.03.08-15.44.20:352][  0]LogConfig: Setting CVar [[r.SkyAtmosphere.AerialPerspectiveLUT.DepthResolution:16.0]]
[2021.03.08-15.44.20:352][  0]LogConfig: Setting CVar [[r.SkyAtmosphere.FastSkyLUT:1]]
[2021.03.08-15.44.20:352][  0]LogConfig: Setting CVar [[r.SkyAtmosphere.FastSkyLUT.SampleCountMin:4.0]]
[2021.03.08-15.44.20:352][  0]LogConfig: Setting CVar [[r.SkyAtmosphere.FastSkyLUT.SampleCountMax:32.0]]
[2021.03.08-15.44.20:352][  0]LogConfig: Setting CVar [[r.SkyAtmosphere.SampleCountMin:4.0]]
[2021.03.08-15.44.20:352][  0]LogConfig: Setting CVar [[r.SkyAtmosphere.SampleCountMax:32.0]]
[2021.03.08-15.44.20:352][  0]LogConfig: Setting CVar [[r.SkyAtmosphere.TransmittanceLUT.UseSmallFormat:0]]
[2021.03.08-15.44.20:352][  0]LogConfig: Setting CVar [[r.SkyAtmosphere.TransmittanceLUT.SampleCount:10.0]]
[2021.03.08-15.44.20:352][  0]LogConfig: Setting CVar [[r.SkyAtmosphere.MultiScatteringLUT.SampleCount:15.0]]
[2021.03.08-15.44.20:352][  0]LogConfig: Applying CVar settings from Section [FoliageQuality@3] File [D:/Coding/Unreal_game_programming_BP/CHAPTER09/SideScrollGame/Saved/Config/Windows/Scalability.ini]
[2021.03.08-15.44.20:352][  0]LogConfig: Setting CVar [[foliage.DensityScale:1.0]]
[2021.03.08-15.44.20:352][  0]LogConfig: Setting CVar [[grass.DensityScale:1.0]]
[2021.03.08-15.44.20:352][  0]LogConfig: Applying CVar settings from Section [ShadingQuality@3] File [D:/Coding/Unreal_game_programming_BP/CHAPTER09/SideScrollGame/Saved/Config/Windows/Scalability.ini]
[2021.03.08-15.44.20:352][  0]LogConfig: Setting CVar [[r.HairStrands.SkyLighting.SampleCount:16]]
[2021.03.08-15.44.20:352][  0]LogConfig: Setting CVar [[r.HairStrands.SkyLighting.JitterIntegration:0]]
[2021.03.08-15.44.20:352][  0]LogConfig: Setting CVar [[r.HairStrands.SkyAO.SampleCount:16]]
[2021.03.08-15.44.20:352][  0]LogConfig: Setting CVar [[r.HairStrands.DeepShadow.SuperSampling:0]]
[2021.03.08-15.44.20:352][  0]LogConfig: Setting CVar [[r.HairStrands.VisibilityPPLL:0]]
[2021.03.08-15.44.20:352][  0]LogConfig: Setting CVar [[r.HairStrands.RasterizationScale:0.5]]
[2021.03.08-15.44.20:352][  0]LogConfig: Setting CVar [[r.HairStrands.VelocityRasterizationScale:1]]
[2021.03.08-15.44.20:352][  0]LogConfig: Applying CVar settings from Section [Startup] File [../../../Engine/Config/ConsoleVariables.ini]
[2021.03.08-15.44.20:369][  0]LogConfig: Setting CVar [[net.UseAdaptiveNetUpdateFrequency:0]]
[2021.03.08-15.44.20:370][  0]LogConfig: Setting CVar [[p.chaos.AllowCreatePhysxBodies:1]]
[2021.03.08-15.44.20:370][  0]LogConfig: Setting CVar [[fx.SkipVectorVMBackendOptimizations:1]]
[2021.03.08-15.44.20:370][  0]LogConfig: Applying CVar settings from Section [ConsoleVariables] File [D:/Coding/Unreal_game_programming_BP/CHAPTER09/SideScrollGame/Saved/Config/Windows/Engine.ini]
[2021.03.08-15.44.20:377][  0]LogInit: Computer: DESKTOP-SRPFT0I
[2021.03.08-15.44.20:377][  0]LogInit: User: demon
[2021.03.08-15.44.20:377][  0]LogInit: CPU Page size=4096, Cores=8
[2021.03.08-15.44.20:377][  0]LogInit: High frequency timer resolution =10.000000 MHz
[2021.03.08-15.44.20:377][  0]LogMemory: Memory total: Physical=31.9GB (32GB approx)
[2021.03.08-15.44.20:377][  0]LogMemory: Platform Memory Stats for Windows
[2021.03.08-15.44.20:377][  0]LogMemory: Process Physical Memory: 115.98 MB used, 115.98 MB peak
[2021.03.08-15.44.20:377][  0]LogMemory: Process Virtual Memory: 98.20 MB used, 98.20 MB peak
[2021.03.08-15.44.20:377][  0]LogMemory: Physical Memory: 10757.84 MB used,  21941.28 MB free, 32699.12 MB total
[2021.03.08-15.44.20:377][  0]LogMemory: Virtual Memory: 5186.73 MB used,  134212544.00 MB free, 134217728.00 MB total
[2021.03.08-15.44.20:383][  0]LogWindows: WindowsPlatformFeatures enabled
[2021.03.08-15.44.21:350][  0]LogInit: Physics initialised using underlying interface: PhysX
[2021.03.08-15.44.21:358][  0]LogInit: Using OS detected language (en-US).
[2021.03.08-15.44.21:358][  0]LogInit: Using OS detected locale (en-US).
[2021.03.08-15.44.21:420][  0]LogTextLocalizationManager: No specific localization for 'en-US' exists, so the 'en' localization will be used.
[2021.03.08-15.44.22:022][  0]LogInit: Setting process to per monitor DPI aware
[2021.03.08-15.44.22:479][  0]LogSlate: New Slate User Created.  User Index 0, Is Virtual User: 0
[2021.03.08-15.44.22:479][  0]LogSlate: Slate User Registered.  User Index 0, Is Virtual User: 0
[2021.03.08-15.44.24:709][  0]LogHMD: Failed to initialize OpenVR with code 110
[2021.03.08-15.44.24:710][  0]LogD3D11RHI: D3D11 min allowed feature level: 11_0
[2021.03.08-15.44.24:710][  0]LogD3D11RHI: D3D11 max allowed feature level: 11_0
[2021.03.08-15.44.24:710][  0]LogD3D11RHI: D3D11 adapters:
[2021.03.08-15.44.24:809][  0]LogD3D11RHI:    0. 'NVIDIA GeForce RTX 2070 SUPER' (Feature Level 11_0)
[2021.03.08-15.44.24:809][  0]LogD3D11RHI:       8011/0/16349 MB DedicatedVideo/DedicatedSystem/SharedSystem, Outputs:1, VendorId:0x10de
[2021.03.08-15.44.24:811][  0]LogD3D11RHI:    1. 'Microsoft Basic Render Driver' (Feature Level 11_0)
[2021.03.08-15.44.24:811][  0]LogD3D11RHI:       0/0/16349 MB DedicatedVideo/DedicatedSystem/SharedSystem, Outputs:0, VendorId:0x1414
[2021.03.08-15.44.24:811][  0]LogD3D11RHI: Chosen D3D11 Adapter: 0
[2021.03.08-15.44.24:853][  0]LogD3D11RHI: Creating new Direct3DDevice
[2021.03.08-15.44.24:853][  0]LogD3D11RHI:     GPU DeviceId: 0x1e84 (for the marketing name, search the web for "GPU Device Id")
[2021.03.08-15.44.24:853][  0]LogWindows: EnumDisplayDevices:
[2021.03.08-15.44.24:853][  0]LogWindows:    0. 'NVIDIA GeForce RTX 2070 SUPER' (P:1 D:1)
[2021.03.08-15.44.24:853][  0]LogWindows:    1. 'NVIDIA GeForce RTX 2070 SUPER' (P:0 D:0)
[2021.03.08-15.44.24:854][  0]LogWindows:    2. 'NVIDIA GeForce RTX 2070 SUPER' (P:0 D:0)
[2021.03.08-15.44.24:854][  0]LogWindows:    3. 'NVIDIA GeForce RTX 2070 SUPER' (P:0 D:0)
[2021.03.08-15.44.24:854][  0]LogWindows: DebugString: FoundDriverCount:4 
[2021.03.08-15.44.24:854][  0]LogD3D11RHI:     Adapter Name: NVIDIA GeForce RTX 2070 SUPER
[2021.03.08-15.44.24:854][  0]LogD3D11RHI:   Driver Version: 460.89 (internal:27.21.14.6089, unified:460.89)
[2021.03.08-15.44.24:854][  0]LogD3D11RHI:      Driver Date: 12-11-2020
[2021.03.08-15.44.24:854][  0]LogRHI: Texture pool is 5607 MB (70% of 8011 MB)
[2021.03.08-15.44.24:920][  0]LogD3D11RHI: RHI has support for 64 bit atomics
[2021.03.08-15.44.24:921][  0]LogD3D11RHI: Async texture creation enabled
[2021.03.08-15.44.24:921][  0]LogD3D11RHI: Array index from any shader is supported
[2021.03.08-15.44.25:213][  0]LogD3D11RHI: GPU Timing Frequency: 1000.000000 (Debug: 2 1)
[2021.03.08-15.44.25:819][  0]LogTargetPlatformManager: Display: Loaded TargetPlatform 'AllDesktop'
[2021.03.08-15.44.25:891][  0]LogTargetPlatformManager: Display: Loaded TargetPlatform 'Android'
[2021.03.08-15.44.25:891][  0]LogTargetPlatformManager: Display: Loaded TargetPlatform 'Android_ASTC'
[2021.03.08-15.44.25:891][  0]LogTargetPlatformManager: Display: Loaded TargetPlatform 'Android_DXT'
[2021.03.08-15.44.25:891][  0]LogTargetPlatformManager: Display: Loaded TargetPlatform 'Android_ETC2'
[2021.03.08-15.44.25:891][  0]LogTargetPlatformManager: Display: Loaded TargetPlatform 'AndroidClient'
[2021.03.08-15.44.25:891][  0]LogTargetPlatformManager: Display: Loaded TargetPlatform 'Android_ASTCClient'
[2021.03.08-15.44.25:891][  0]LogTargetPlatformManager: Display: Loaded TargetPlatform 'Android_DXTClient'
[2021.03.08-15.44.25:891][  0]LogTargetPlatformManager: Display: Loaded TargetPlatform 'Android_ETC2Client'
[2021.03.08-15.44.25:891][  0]LogTargetPlatformManager: Display: Loaded TargetPlatform 'Android_Multi'
[2021.03.08-15.44.25:891][  0]LogTargetPlatformManager: Display: Loaded TargetPlatform 'Android_MultiClient'
[2021.03.08-15.44.26:026][  0]LogTargetPlatformManager: Display: Loaded TargetPlatform 'IOSClient'
[2021.03.08-15.44.26:026][  0]LogTargetPlatformManager: Display: Loaded TargetPlatform 'IOS'
[2021.03.08-15.44.26:064][  0]LogTargetPlatformManager: Display: Loaded TargetPlatform 'Linux'
[2021.03.08-15.44.26:097][  0]LogTargetPlatformManager: Display: Loaded TargetPlatform 'LinuxNoEditor'
[2021.03.08-15.44.26:131][  0]LogTargetPlatformManager: Display: Loaded TargetPlatform 'LinuxClient'
[2021.03.08-15.44.26:151][  0]LogTargetPlatformManager: Display: Loaded TargetPlatform 'LinuxServer'
[2021.03.08-15.44.26:186][  0]LogTargetPlatformManager: Display: Loaded TargetPlatform 'LinuxAArch64NoEditor'
[2021.03.08-15.44.26:218][  0]LogTargetPlatformManager: Display: Loaded TargetPlatform 'LinuxAArch64Client'
[2021.03.08-15.44.26:247][  0]LogTargetPlatformManager: Display: Loaded TargetPlatform 'LinuxAArch64Server'
[2021.03.08-15.44.26:311][  0]LogTargetPlatformManager: Display: Loaded TargetPlatform 'Lumin'
[2021.03.08-15.44.26:311][  0]LogTargetPlatformManager: Display: Loaded TargetPlatform 'LuminClient'
[2021.03.08-15.44.26:336][  0]LogTargetPlatformManager: Display: Loaded TargetPlatform 'TVOSClient'
[2021.03.08-15.44.26:336][  0]LogTargetPlatformManager: Display: Loaded TargetPlatform 'TVOS'
[2021.03.08-15.44.26:368][  0]LogTargetPlatformManager: Display: Loaded TargetPlatform 'WindowsNoEditor'
[2021.03.08-15.44.26:420][  0]LogTargetPlatformManager: Display: Loaded TargetPlatform 'Windows'
[2021.03.08-15.44.26:445][  0]LogTargetPlatformManager: Display: Loaded TargetPlatform 'WindowsClient'
[2021.03.08-15.44.26:485][  0]LogTargetPlatformManager: Display: Loaded TargetPlatform 'WindowsServer'
[2021.03.08-15.44.26:485][  0]LogTargetPlatformManager: Display: Building Assets For Windows
[2021.03.08-15.44.26:633][  0]LogAudioDebug: Display: Lib vorbis DLL was dynamically loaded.
[2021.03.08-15.44.27:374][  0]LogShaderCompilers: Guid format shader working directory is -31 characters bigger than the processId version (../../../../../../Coding/Unreal_game_programming_BP/CHAPTER09/SideScrollGame/Intermediate/Shaders/WorkingDirectory/13348/).
[2021.03.08-15.44.27:374][  0]LogShaderCompilers: Cleaned the shader compiler working directory 'C:/Users/demon/AppData/Local/Temp/UnrealShaderWorkingDir/FF71CB9B4FBB7D4F582927B6E5F30D11/'.
[2021.03.08-15.44.27:374][  0]LogXGEController: Cleaning working directory: C:/Users/demon/AppData/Local/Temp/UnrealXGEWorkingDir/
[2021.03.08-15.44.27:374][  0]LogXGEController: Cannot use XGE Controller as Incredibuild is not installed on this machine.
[2021.03.08-15.44.27:374][  0]LogShaderCompilers: Cannot use XGE Shader Compiler as Incredibuild is not installed on this machine.
[2021.03.08-15.44.27:374][  0]LogShaderCompilers: Display: Using Local Shader Compiler.
[2021.03.08-15.44.30:445][  0]LogDerivedDataCache: Display: Max Cache Size: 512 MB
[2021.03.08-15.44.30:510][  0]LogDerivedDataCache: Loaded boot cache 0.06s 76MB C:/Users/demon/AppData/Local/UnrealEngine/4.25/DerivedDataCache/Boot.ddc.
[2021.03.08-15.44.30:510][  0]LogDerivedDataCache: Display: Loaded Boot cache: C:/Users/demon/AppData/Local/UnrealEngine/4.25/DerivedDataCache/Boot.ddc
[2021.03.08-15.44.30:510][  0]LogDerivedDataCache: FDerivedDataBackendGraph:  Pak pak cache file ../../../../../../Coding/Unreal_game_programming_BP/CHAPTER09/SideScrollGame/DerivedDataCache/DDC.ddp not found, will not use a pak cache.
[2021.03.08-15.44.30:510][  0]LogDerivedDataCache: Unable to find inner node Pak for hierarchical cache Hierarchy.
[2021.03.08-15.44.30:510][  0]LogDerivedDataCache: FDerivedDataBackendGraph:  CompressedPak pak cache file ../../../../../../Coding/Unreal_game_programming_BP/CHAPTER09/SideScrollGame/DerivedDataCache/Compressed.ddp not found, will not use a pak cache.
[2021.03.08-15.44.30:510][  0]LogDerivedDataCache: Unable to find inner node CompressedPak for hierarchical cache Hierarchy.
[2021.03.08-15.44.30:560][  0]LogDerivedDataCache: Display: Pak cache opened for reading ../../../Engine/DerivedDataCache/Compressed.ddp.
[2021.03.08-15.44.30:560][  0]LogDerivedDataCache: FDerivedDataBackendGraph:  EnterprisePak pak cache file ../../../Enterprise/DerivedDataCache/Compressed.ddp not found, will not use a pak cache.
[2021.03.08-15.44.30:560][  0]LogDerivedDataCache: Unable to find inner node EnterprisePak for hierarchical cache Hierarchy.
[2021.03.08-15.44.30:562][  0]LogDerivedDataCache: Using Local data cache path C:/Users/demon/AppData/Local/UnrealEngine/Common/DerivedDataCache: Writable
[2021.03.08-15.44.30:562][  0]LogDerivedDataCache: Shared data cache path not found in *engine.ini, will not use an Shared cache.
[2021.03.08-15.44.30:562][  0]LogDerivedDataCache: Unable to find inner node Shared for hierarchical cache Hierarchy.
[2021.03.08-15.44.30:705][  0]LogSlate: Using FreeType 2.10.0
[2021.03.08-15.44.30:769][  0]LogSlate: SlateFontServices - WITH_FREETYPE: 1, WITH_HARFBUZZ: 1
[2021.03.08-15.44.31:295][  0]LogAssetRegistry: FAssetRegistry took 0.0039 seconds to start up
[2021.03.08-15.44.33:125][  0]LogInit: Selected Device Profile: [Windows]
[2021.03.08-15.44.34:274][  0]LogMeshReduction: Using QuadricMeshReduction for automatic static mesh reduction
[2021.03.08-15.44.34:274][  0]LogMeshReduction: Using SimplygonMeshReduction for automatic skeletal mesh reduction
[2021.03.08-15.44.34:274][  0]LogMeshReduction: Using ProxyLODMeshReduction for automatic mesh merging
[2021.03.08-15.44.34:274][  0]LogMeshReduction: No distributed automatic mesh merging module available
[2021.03.08-15.44.34:274][  0]LogMeshMerging: No distributed automatic mesh merging module available
[2021.03.08-15.44.34:628][  0]LogNetVersion: SideScrollGame 1.0.0, NetCL: 13144385, EngineNetVer: 14, GameNetVer: 0 (Checksum: 2193710575)
[2021.03.08-15.44.41:880][  0]LogAISub: UAISubsystem::UAISubsystem AISubsystem (000001F4C5956F80), frame # 0
[2021.03.08-15.44.41:880][  0]LogAISub: UAISubsystem::UAISubsystem AIPerceptionSystem (000001F4C59051C0), frame # 0
[2021.03.08-15.44.41:883][  0]LogAISub: UAISubsystem::UAISubsystem EnvQueryManager (000001F4C5959C00), frame # 0
[2021.03.08-15.44.42:210][  0]LogPackageLocalizationCache: Processed 19 localized package path(s) for 1 prioritized culture(s) in 0.064965 seconds
[2021.03.08-15.44.42:229][  0]LogUObjectArray: 15917 objects as part of root set at end of initial load.
[2021.03.08-15.44.42:229][  0]LogUObjectAllocator: 3965568 out of 0 bytes used by permanent object pool.
[2021.03.08-15.44.42:229][  0]LogUObjectArray: CloseDisregardForGC: 0/0 objects in disregard for GC pool
[2021.03.08-15.44.46:802][  0]LogTcpMessaging: Initializing TcpMessaging bridge
[2021.03.08-15.44.46:847][  0]LogUdpMessaging: Initializing bridge on interface 0.0.0.0:0 to multicast group 230.0.0.1:6666.
[2021.03.08-15.44.47:627][  0]SourceControl: Source control is disabled
[2021.03.08-15.44.47:628][  0]SourceControl: Source control is disabled
[2021.03.08-15.44.47:723][  0]SourceControl: Source control is disabled
[2021.03.08-15.44.47:751][  0]SourceControl: Source control is disabled
[2021.03.08-15.44.47:981][  0]SourceControl: Source control is disabled
[2021.03.08-15.44.50:633][  0]LogAndroidPermission: UAndroidPermissionCallbackProxy::GetInstance
[2021.03.08-15.44.50:772][  0]LogAudioCaptureCore: Display: No Audio Capture implementations found. Audio input will be silent.
[2021.03.08-15.44.50:772][  0]LogAudioCaptureCore: Display: No Audio Capture implementations found. Audio input will be silent.
[2021.03.08-15.44.51:144][  0]LogOcInput: OculusInput pre-init called
[2021.03.08-15.44.51:224][  0]LogWindows: Failed to load 'OVRPlugin.dll' (GetLastError=126)
[2021.03.08-15.44.51:224][  0]LogWindows: File 'OVRPlugin.dll' does not exist
[2021.03.08-15.44.52:337][  0]LogEngine: Initializing Engine...
[2021.03.08-15.44.52:349][  0]LogHMD: Failed to initialize OpenVR with code 110
[2021.03.08-15.44.52:349][  0]LogMagicLeap: Warning: VR disabled because ZI is not enabled.  To enable, in the editor, Edit -> Project Settings -> Plugins -> Magic Leap Plugin -> Enable Zero Iteration
[2021.03.08-15.44.52:404][  0]LogStats: UGameplayTagsManager::InitializeManager -  0.010 s
[2021.03.08-15.44.52:840][  0]LogInit: Initializing FReadOnlyCVARCache
[2021.03.08-15.44.53:187][  0]LogAIModule: Creating AISystem for world Untitled
[2021.03.08-15.44.53:187][  0]LogAISub: UAISubsystem::UAISubsystem EnvQueryManager (000001F4CD40BC00), frame # 0
[2021.03.08-15.44.53:188][  0]LogAISub: UAISubsystem::UAISubsystem AIPerceptionSystem (000001F4CD471580), frame # 0
[2021.03.08-15.44.53:275][  0]LogAudioMixer: Display: Audio Mixer Platform Settings:
[2021.03.08-15.44.53:275][  0]LogAudioMixer: Display: 	Sample Rate:						  48000
[2021.03.08-15.44.53:275][  0]LogAudioMixer: Display: 	Callback Buffer Frame Size Requested: 1024
[2021.03.08-15.44.53:275][  0]LogAudioMixer: Display: 	Callback Buffer Frame Size To Use:	  1024
[2021.03.08-15.44.53:275][  0]LogAudioMixer: Display: 	Number of buffers to queue:			  2
[2021.03.08-15.44.53:275][  0]LogAudioMixer: Display: 	Max Channels (voices):				  32
[2021.03.08-15.44.53:275][  0]LogAudioMixer: Display: 	Number of Async Source Workers:		  0
[2021.03.08-15.44.53:275][  0]LogAudio: Display: AudioDevice MaxSources: 32
[2021.03.08-15.44.53:284][  0]LogAudio: Display: Using built-in audio occlusion.
[2021.03.08-15.44.53:284][  0]LogAudioMixer: Display: Initializing audio mixer.
[2021.03.08-15.44.53:430][  0]LogAudioMixer: Display: 0: FrontLeft
[2021.03.08-15.44.53:430][  0]LogAudioMixer: Display: 1: FrontRight
[2021.03.08-15.44.53:494][  0]LogAudioMixer: Display: Using Audio Device 스피커 (2- USB Audio Device)
[2021.03.08-15.44.53:516][  0]LogAudioMixer: Display: Initializing Sound Submixes...
[2021.03.08-15.44.53:551][  0]LogAudioMixer: Display: Creating Master Submix 'MasterSubmixDefault'
[2021.03.08-15.44.53:551][  0]LogAudioMixer: Display: Creating Master Submix 'MasterReverbSubmixDefault'
[2021.03.08-15.44.53:552][  0]LogAudioMixer: Display: Creating Master Submix 'MasterEQSubmixDefault'
[2021.03.08-15.44.53:553][  0]LogInit: FAudioDevice initialized.
[2021.03.08-15.44.53:553][  0]LogNetVersion: Set ProjectVersion to 1.0.0.0. Version Checksum will be recalculated on next use.
[2021.03.08-15.44.53:592][  0]LogDerivedDataCache: Saved boot cache 0.04s 76MB C:/Users/demon/AppData/Local/UnrealEngine/4.25/DerivedDataCache/Boot.ddc.
[2021.03.08-15.44.53:597][  0]LogInit: Texture streaming: Enabled
[2021.03.08-15.44.53:789][  0]LogEngineSessionManager: EngineSessionManager initialized
[2021.03.08-15.44.53:790][  0]LogEditorSessionSummary: Verbose: Initializing EditorSessionSummaryWriter for editor session tracking
[2021.03.08-15.44.53:809][  0]LogEditorSessionSummary: EditorSessionSummaryWriter initialized
[2021.03.08-15.44.54:056][  0]LogInit: Transaction tracking system initialized
[2021.03.08-15.44.54:380][  0]BlueprintLog: New page: Editor Load
[2021.03.08-15.44.55:554][  0]LocalizationService: Localization service is disabled
[2021.03.08-15.44.57:552][  0]LogFileCache: Scanning file cache for directory 'D:/Coding/Unreal_game_programming_BP/CHAPTER09/SideScrollGame/Content/' took 0.00s
[2021.03.08-15.44.57:552][  0]LogCook: Display: Max memory allowance for cook 16384mb min free memory 0mb
[2021.03.08-15.44.57:552][  0]LogCook: Display: Mobile HDR setting 1
[2021.03.08-15.44.59:762][  0]SourceControl: Source control is disabled
[2021.03.08-15.44.59:770][  0]LogUnrealEdMisc: Loading editor; pre map load, took 52.431
[2021.03.08-15.44.59:779][  0]Cmd: MAP LOAD FILE="../../../../../../Coding/Unreal_game_programming_BP/CHAPTER09/SideScrollGame/Content/SideScrollerBP/Maps/SideScrollerExampleMap.umap" TEMPLATE=0 SHOWPROGRESS=1 FEATURELEVEL=3
[2021.03.08-15.44.59:795][  0]LightingResults: New page: Lighting Build
[2021.03.08-15.44.59:867][  0]LogWorld: UWorld::CleanupWorld for Untitled, bSessionEnded=true, bCleanupResources=true
[2021.03.08-15.44.59:881][  0]LogSlate: InvalidateAllWidgets triggered.  All widgets were invalidated
[2021.03.08-15.44.59:894][  0]MapCheck: New page: Map Check
[2021.03.08-15.44.59:895][  0]LightingResults: New page: Lighting Build
[2021.03.08-15.45.00:146][  0]LogAISub: UAISubsystem::~UAISubsystem EnvQueryManager (000001F4CD40BC00), frame # 0
[2021.03.08-15.45.00:146][  0]LogAISub: UAISubsystem::~UAISubsystem AIPerceptionSystem (000001F4CD471580), frame # 0
[2021.03.08-15.45.00:147][  0]LogUObjectHash: Compacting FUObjectHashTables data took   0.67ms
[2021.03.08-15.45.02:290][  0]LogAIModule: Creating AISystem for world SideScrollerExampleMap
[2021.03.08-15.45.02:290][  0]LogAISub: UAISubsystem::UAISubsystem EnvQueryManager (000001F4B9D8D600), frame # 0
[2021.03.08-15.45.02:290][  0]LogAISub: UAISubsystem::UAISubsystem AIPerceptionSystem (000001F4B9DBA340), frame # 0
[2021.03.08-15.45.02:755][  0]LogEditorServer: Finished looking for orphan Actors (0.000 secs)
[2021.03.08-15.45.02:828][  0]LogUObjectHash: Compacting FUObjectHashTables data took   0.75ms
[2021.03.08-15.45.02:828][  0]Cmd: MAP CHECKDEP NOCLEARLOG
[2021.03.08-15.45.02:829][  0]MapCheck: Map check complete: 0 Error(s), 0 Warning(s), took 0.28ms to complete.
[2021.03.08-15.45.02:829][  0]LogFileHelpers: Loading map 'SideScrollerExampleMap' took 3.049
[2021.03.08-15.45.03:561][  0]LogUnrealEdMisc: Total Editor Startup Time, took 56.221
[2021.03.08-15.45.04:031][  0]LogSlate: Updating window title bar state: overlay mode, drag disabled, window buttons hidden, title bar hidden
[2021.03.08-15.45.04:037][  0]LogSlate: Updating window title bar state: overlay mode, drag disabled, window buttons hidden, title bar hidden
[2021.03.08-15.45.04:042][  0]LogSlate: Updating window title bar state: overlay mode, drag disabled, window buttons hidden, title bar hidden
[2021.03.08-15.45.04:047][  0]LogSlate: Updating window title bar state: overlay mode, drag disabled, window buttons hidden, title bar hidden
[2021.03.08-15.45.04:166][  0]LogCollectionManager: Loaded 0 collections in 0.000577 seconds
[2021.03.08-15.45.04:355][  0]LogFileCache: Scanning file cache for directory 'D:/Coding/Unreal_game_programming_BP/CHAPTER09/SideScrollGame/Saved/Collections/' took 0.00s
[2021.03.08-15.45.04:355][  0]LogFileCache: Scanning file cache for directory 'D:/Coding/Unreal_game_programming_BP/CHAPTER09/SideScrollGame/Content/Developers/demon/Collections/' took 0.00s
[2021.03.08-15.45.04:355][  0]LogFileCache: Scanning file cache for directory 'D:/Coding/Unreal_game_programming_BP/CHAPTER09/SideScrollGame/Content/Collections/' took 0.00s
[2021.03.08-15.45.04:355][  0]LogContentBrowser: Native class hierarchy populated in 0.0083 seconds. Added 3427 classes and 821 folders.
[2021.03.08-15.45.04:402][  0]LogContentBrowser: Native class hierarchy updated for 'WidgetCarousel' in 0.0003 seconds. Added 0 classes and 0 folders.
[2021.03.08-15.45.05:190][  0]LogContentBrowser: Native class hierarchy updated for 'AddContentDialog' in 0.0003 seconds. Added 0 classes and 0 folders.
[2021.03.08-15.45.05:270][  0]LogContentBrowser: Native class hierarchy updated for 'SceneOutliner' in 0.0003 seconds. Added 2 classes and 0 folders.
[2021.03.08-15.45.05:890][  0]LogSlate: Took 0.022582 seconds to synchronously load lazily loaded font '../../../Engine/Content/Slate/Fonts/Roboto-Regular.ttf' (155K)
[2021.03.08-15.45.05:906][  0]LogSlate: Took 0.009134 seconds to synchronously load lazily loaded font '../../../Engine/Content/Slate/Fonts/Roboto-Bold.ttf' (160K)
[2021.03.08-15.45.05:939][  0]LogSlate: Took 0.016228 seconds to synchronously load lazily loaded font '../../../Engine/Content/Editor/Slate/Fonts/FontAwesome.ttf' (139K)
[2021.03.08-15.45.06:235][  0]LogRenderer: Reallocating scene render targets to support 1156x592 Format 10 NumSamples 1 (Frame:1).
[2021.03.08-15.45.06:640][  0]LogContentBrowser: Native class hierarchy updated for 'HierarchicalLODOutliner' in 0.0003 seconds. Added 0 classes and 0 folders.
[2021.03.08-15.45.06:640][  0]LogLoad: (Engine Initialization) Total time: 59.30 seconds
[2021.03.08-15.45.06:640][  0]LogLoad: (Engine Initialization) Total Blueprint compile time: 0.00 seconds
[2021.03.08-15.45.06:756][  0]LogAssetRegistry: Asset discovery search completed in 35.4616 seconds
[2021.03.08-15.45.06:759][  0]LogCollectionManager: Fixed up redirectors for 0 collections in 0.000002 seconds (updated 0 objects)
[2021.03.08-15.45.06:827][  0]LogContentStreaming: Texture pool size now 1000 MB
[2021.03.08-15.45.06:989][  0]LogSlate: Took 0.023007 seconds to synchronously load lazily loaded font '../../../Engine/Content/Slate/Fonts/Roboto-Light.ttf' (167K)
[2021.03.08-15.45.08:230][  4]LogSlate: Took 0.000142 seconds to synchronously load lazily loaded font '../../../Engine/Content/Slate/Fonts/Roboto-Light.ttf' (167K)
[2021.03.08-15.45.55:382][856]LogSlate: Warning: Slate: Had to block on waiting for a draw buffer
[2021.03.08-15.45.57:514][856]LogSlate: Window 'Pick Parent Class' being destroyed
[2021.03.08-15.46.11:839][546]LogAssetEditorSubsystem: Opening Asset editor for Blueprint /Game/Blueprints/GameOverField_BP.GameOverField_BP
[2021.03.08-15.46.12:446][546]LogContentBrowser: Native class hierarchy updated for 'BlueprintGraph' in 0.0005 seconds. Added 125 classes and 0 folders.
[2021.03.08-15.46.15:445][736]LogSlate: Took 0.023338 seconds to synchronously load lazily loaded font '../../../Engine/Content/Slate/Fonts/Roboto-Italic.ttf' (157K)
[2021.03.08-15.46.16:183][812]LogRenderer: Reallocating scene render targets to support 1156x708 Format 10 NumSamples 1 (Frame:264).
[2021.03.08-15.46.16:517][852]LogSlate: Window 'GameOverField_BP' being destroyed
[2021.03.08-15.46.34:139][920]LogEditorTransaction: Undo Add Component
[2021.03.08-15.47.37:343][376]LogLinker: Warning: While loading '../../../../../../Coding/Unreal_game_programming_BP/CHAPTER09/SideScrollGame/Content/Shapes/DeathFieldMesh.uasset' failed to load '/Game/Materials/M_Field': Can't find file.
[2021.03.08-15.47.37:343][376]LogLinker: Warning: While loading '../../../../../../Coding/Unreal_game_programming_BP/CHAPTER09/SideScrollGame/Content/Shapes/DeathFieldMesh.uasset' failed to load '/Game/Materials/M_Field': Can't find file.
[2021.03.08-15.47.37:343][376]LogLinker: Warning: While loading '../../../../../../Coding/Unreal_game_programming_BP/CHAPTER09/SideScrollGame/Content/Shapes/DeathFieldMesh.uasset' failed to load '/Game/Materials/M_Field': Can't find file.
[2021.03.08-15.47.37:343][376]LogLinker: Warning: While loading '../../../../../../Coding/Unreal_game_programming_BP/CHAPTER09/SideScrollGame/Content/Shapes/DeathFieldMesh.uasset' failed to load '/Game/Materials/M_Field': Can't find file.
[2021.03.08-15.47.37:343][376]LogLinker: Warning: While loading '../../../../../../Coding/Unreal_game_programming_BP/CHAPTER09/SideScrollGame/Content/Shapes/DeathFieldMesh.uasset' failed to load '/Game/Materials/M_Field': Can't find file.
[2021.03.08-15.47.37:343][376]LoadErrors: Failed to load /Game/Materials/M_Field.M_Field Referenced by DeathFieldMesh
[2021.03.08-15.47.37:343][376]LogLinker: Warning: While loading '../../../../../../Coding/Unreal_game_programming_BP/CHAPTER09/SideScrollGame/Content/Shapes/DeathFieldMesh.uasset' failed to load '/Game/Materials/M_Field': Can't find file.
[2021.03.08-15.48.30:915][697]BlueprintLog: New page: Compile GameOverField_BP
[2021.03.08-15.48.30:991][697]LogUObjectHash: Compacting FUObjectHashTables data took   3.38ms
[2021.03.08-15.48.31:070][697]LogSlate: Took 0.063250 seconds to synchronously load lazily loaded font '../../../Engine/Content/Slate/Fonts/DroidSansMono.ttf' (77K)
[2021.03.08-15.48.31:456][740]LogSlate: Took 0.005151 seconds to synchronously load lazily loaded font '../../../Engine/Content/Slate/Fonts/Roboto-BoldCondensed.ttf' (158K)
[2021.03.08-15.50.10:730][938]LogLinker: Warning: While loading '../../../../../../Coding/Unreal_game_programming_BP/CHAPTER09/SideScrollGame/Content/Shapes/MovePlaner_Mesh.uasset' failed to load '/Game/Materials/M_Metal_Burnished_Steel': Can't find file.
[2021.03.08-15.50.10:730][938]LogLinker: Warning: While loading '../../../../../../Coding/Unreal_game_programming_BP/CHAPTER09/SideScrollGame/Content/Shapes/MovePlaner_Mesh.uasset' failed to load '/Game/Materials/M_Metal_Burnished_Steel': Can't find file.
[2021.03.08-15.50.10:730][938]LogLinker: Warning: While loading '../../../../../../Coding/Unreal_game_programming_BP/CHAPTER09/SideScrollGame/Content/Shapes/MovePlaner_Mesh.uasset' failed to load '/Game/Materials/M_Tech_Hex_Tile': Can't find file.
[2021.03.08-15.50.10:730][938]LogLinker: Warning: While loading '../../../../../../Coding/Unreal_game_programming_BP/CHAPTER09/SideScrollGame/Content/Shapes/MovePlaner_Mesh.uasset' failed to load '/Game/Materials/M_Tech_Hex_Tile': Can't find file.
[2021.03.08-15.50.10:730][938]LogLinker: Warning: While loading '../../../../../../Coding/Unreal_game_programming_BP/CHAPTER09/SideScrollGame/Content/Shapes/MovePlaner_Mesh.uasset' failed to load '/Game/Materials/M_Metal_Burnished_Steel': Can't find file.
[2021.03.08-15.50.10:730][938]LogLinker: Warning: While loading '../../../../../../Coding/Unreal_game_programming_BP/CHAPTER09/SideScrollGame/Content/Shapes/MovePlaner_Mesh.uasset' failed to load '/Game/Materials/M_Metal_Burnished_Steel': Can't find file.
[2021.03.08-15.50.10:730][938]LogLinker: Warning: While loading '../../../../../../Coding/Unreal_game_programming_BP/CHAPTER09/SideScrollGame/Content/Shapes/MovePlaner_Mesh.uasset' failed to load '/Game/Materials/M_Tech_Hex_Tile': Can't find file.
[2021.03.08-15.50.10:730][938]LogLinker: Warning: While loading '../../../../../../Coding/Unreal_game_programming_BP/CHAPTER09/SideScrollGame/Content/Shapes/MovePlaner_Mesh.uasset' failed to load '/Game/Materials/M_Tech_Hex_Tile': Can't find file.
[2021.03.08-15.50.10:735][938]LogLinker: Warning: While loading '../../../../../../Coding/Unreal_game_programming_BP/CHAPTER09/SideScrollGame/Content/Shapes/MovePlaner_Mesh.uasset' failed to load '/Game/Materials/M_Tech_Hex_Tile': Can't find file.
[2021.03.08-15.50.10:735][938]LoadErrors: Failed to load /Game/Materials/M_Tech_Hex_Tile.M_Tech_Hex_Tile Referenced by MovePlaner_Mesh
[2021.03.08-15.50.10:735][938]LogLinker: Warning: While loading '../../../../../../Coding/Unreal_game_programming_BP/CHAPTER09/SideScrollGame/Content/Shapes/MovePlaner_Mesh.uasset' failed to load '/Game/Materials/M_Tech_Hex_Tile': Can't find file.
[2021.03.08-15.50.10:735][938]LogLinker: Warning: While loading '../../../../../../Coding/Unreal_game_programming_BP/CHAPTER09/SideScrollGame/Content/Shapes/MovePlaner_Mesh.uasset' failed to load '/Game/Materials/M_Metal_Burnished_Steel': Can't find file.
[2021.03.08-15.50.10:735][938]LoadErrors: Failed to load /Game/Materials/M_Metal_Burnished_Steel.M_Metal_Burnished_Steel Referenced by MovePlaner_Mesh
[2021.03.08-15.50.10:735][938]LogLinker: Warning: While loading '../../../../../../Coding/Unreal_game_programming_BP/CHAPTER09/SideScrollGame/Content/Shapes/MovePlaner_Mesh.uasset' failed to load '/Game/Materials/M_Metal_Burnished_Steel': Can't find file.
[2021.03.08-15.50.10:769][938]LogAssetEditorSubsystem: Opening Asset editor for Blueprint /Game/Blueprints/MoveFloor_BP.MoveFloor_BP
[2021.03.08-15.50.20:162][  0]LogWorld: UWorld::CleanupWorld for World_3, bSessionEnded=true, bCleanupResources=true
[2021.03.08-15.50.20:162][  0]LogSlate: InvalidateAllWidgets triggered.  All widgets were invalidated
[2021.03.08-15.50.25:414][613]LogAssetEditorSubsystem: Opening Asset editor for Blueprint /Game/Blueprints/HighScore_BP.HighScore_BP
[2021.03.08-15.50.28:582][957]LogWorld: UWorld::CleanupWorld for World_5, bSessionEnded=true, bCleanupResources=true
[2021.03.08-15.50.28:582][957]LogSlate: InvalidateAllWidgets triggered.  All widgets were invalidated
[2021.03.08-15.50.43:652][706]LogBlueprint: Warning: Node '/Game/MechGirl/Animation/MechGirl_ABP.MechGirl_ABP:EdGraph_0.K2Node_FunctionResult_0' missing NodeGuid because of upgrade from old package version, this can cause deterministic cooking issues please resave package.
[2021.03.08-15.50.43:652][706]LogBlueprint: Warning: Node '/Game/MechGirl/Animation/MechGirl_ABP.MechGirl_ABP:EdGraph_0.K2Node_FunctionEntry_0' missing NodeGuid because of upgrade from old package version, this can cause deterministic cooking issues please resave package.
[2021.03.08-15.50.43:774][706]LogBlueprint: Warning: Node '/Game/Blueprints/Projectile_BP.Projectile_BP:EdGraph_0.K2Node_FunctionEntry_354' missing NodeGuid because of upgrade from old package version, this can cause deterministic cooking issues please resave package.
[2021.03.08-15.50.44:270][706]LogBlueprint: Warning: Node '/Game/MechGirl/Animation/MechGirl_ABP.MechGirl_ABP:AnimGraph.AnimGraphNode_BlendListByBool_37' missing NodeGuid because of upgrade from old package version, this can cause deterministic cooking issues please resave package.
[2021.03.08-15.50.44:270][706]LogBlueprint: Warning: Node '/Game/MechGirl/Animation/MechGirl_ABP.MechGirl_ABP:AnimGraph.AnimGraphNode_BlendSpacePlayer_23' missing NodeGuid because of upgrade from old package version, this can cause deterministic cooking issues please resave package.
[2021.03.08-15.50.44:270][706]LogBlueprint: Warning: Node '/Game/MechGirl/Animation/MechGirl_ABP.MechGirl_ABP:AnimGraph.AnimGraphNode_LayeredBoneBlend_1' missing NodeGuid because of upgrade from old package version, this can cause deterministic cooking issues please resave package.
[2021.03.08-15.50.44:270][706]LogBlueprint: Warning: Node '/Game/MechGirl/Animation/MechGirl_ABP.MechGirl_ABP:AnimGraph.AnimGraphNode_Root_0' missing NodeGuid because of upgrade from old package version, this can cause deterministic cooking issues please resave package.
[2021.03.08-15.50.44:270][706]LogBlueprint: Warning: Node '/Game/MechGirl/Animation/MechGirl_ABP.MechGirl_ABP:AnimGraph.AnimGraphNode_SaveCachedPose_55' missing NodeGuid because of upgrade from old package version, this can cause deterministic cooking issues please resave package.
[2021.03.08-15.50.44:270][706]LogBlueprint: Warning: Node '/Game/MechGirl/Animation/MechGirl_ABP.MechGirl_ABP:AnimGraph.AnimGraphNode_SequencePlayer_15' missing NodeGuid because of upgrade from old package version, this can cause deterministic cooking issues please resave package.
[2021.03.08-15.50.44:270][706]LogBlueprint: Warning: Node '/Game/MechGirl/Animation/MechGirl_ABP.MechGirl_ABP:AnimGraph.AnimGraphNode_Slot_130' missing NodeGuid because of upgrade from old package version, this can cause deterministic cooking issues please resave package.
[2021.03.08-15.50.44:270][706]LogBlueprint: Warning: Node '/Game/MechGirl/Animation/MechGirl_ABP.MechGirl_ABP:AnimGraph.AnimGraphNode_Slot_132' missing NodeGuid because of upgrade from old package version, this can cause deterministic cooking issues please resave package.
[2021.03.08-15.50.44:270][706]LogBlueprint: Warning: Node '/Game/MechGirl/Animation/MechGirl_ABP.MechGirl_ABP:AnimGraph.AnimGraphNode_UseCachedPose_1' missing NodeGuid because of upgrade from old package version, this can cause deterministic cooking issues please resave package.
[2021.03.08-15.50.44:270][706]LogBlueprint: Warning: Node '/Game/MechGirl/Animation/MechGirl_ABP.MechGirl_ABP:AnimGraph.AnimGraphNode_UseCachedPose_119' missing NodeGuid because of upgrade from old package version, this can cause deterministic cooking issues please resave package.
[2021.03.08-15.50.44:270][706]LogBlueprint: Warning: Node '/Game/MechGirl/Animation/MechGirl_ABP.MechGirl_ABP:AnimGraph.AnimGraphNode_UseCachedPose_123' missing NodeGuid because of upgrade from old package version, this can cause deterministic cooking issues please resave package.
[2021.03.08-15.50.44:271][706]LogBlueprint: Warning: Node '/Game/MechGirl/Animation/MechGirl_ABP.MechGirl_ABP:AnimGraph.AnimGraphNode_UseCachedPose_5' missing NodeGuid because of upgrade from old package version, this can cause deterministic cooking issues please resave package.
[2021.03.08-15.50.44:271][706]LogBlueprint: Warning: Node '/Game/MechGirl/Animation/MechGirl_ABP.MechGirl_ABP:EventGraph.EdGraphNode_Comment_29' missing NodeGuid because of upgrade from old package version, this can cause deterministic cooking issues please resave package.
[2021.03.08-15.50.44:271][706]LogBlueprint: Warning: Node '/Game/MechGirl/Animation/MechGirl_ABP.MechGirl_ABP:EventGraph.EdGraphNode_Comment_37' missing NodeGuid because of upgrade from old package version, this can cause deterministic cooking issues please resave package.
[2021.03.08-15.50.44:271][706]LogBlueprint: Warning: Node '/Game/MechGirl/Animation/MechGirl_ABP.MechGirl_ABP:EventGraph.EdGraphNode_Comment_41' missing NodeGuid because of upgrade from old package version, this can cause deterministic cooking issues please resave package.
[2021.03.08-15.50.44:271][706]LogBlueprint: Warning: Node '/Game/MechGirl/Animation/MechGirl_ABP.MechGirl_ABP:EventGraph.EdGraphNode_Comment_73' missing NodeGuid because of upgrade from old package version, this can cause deterministic cooking issues please resave package.
[2021.03.08-15.50.44:271][706]LogBlueprint: Warning: Node '/Game/MechGirl/Animation/MechGirl_ABP.MechGirl_ABP:EventGraph.K2Node_CallFunction_14890' missing NodeGuid because of upgrade from old package version, this can cause deterministic cooking issues please resave package.
[2021.03.08-15.50.44:271][706]LogBlueprint: Warning: Node '/Game/MechGirl/Animation/MechGirl_ABP.MechGirl_ABP:EventGraph.K2Node_CallFunction_15849' missing NodeGuid because of upgrade from old package version, this can cause deterministic cooking issues please resave package.
[2021.03.08-15.50.44:271][706]LogBlueprint: Warning: Node '/Game/MechGirl/Animation/MechGirl_ABP.MechGirl_ABP:EventGraph.K2Node_CallFunction_15881' missing NodeGuid because of upgrade from old package version, this can cause deterministic cooking issues please resave package.
[2021.03.08-15.50.44:271][706]LogBlueprint: Warning: Node '/Game/MechGirl/Animation/MechGirl_ABP.MechGirl_ABP:EventGraph.K2Node_CallFunction_2377' missing NodeGuid because of upgrade from old package version, this can cause deterministic cooking issues please resave package.
[2021.03.08-15.50.44:271][706]LogBlueprint: Warning: Node '/Game/MechGirl/Animation/MechGirl_ABP.MechGirl_ABP:EventGraph.K2Node_CallFunction_2400' missing NodeGuid because of upgrade from old package version, this can cause deterministic cooking issues please resave package.
[2021.03.08-15.50.44:271][706]LogBlueprint: Warning: Node '/Game/MechGirl/Animation/MechGirl_ABP.MechGirl_ABP:EventGraph.K2Node_CallFunction_2507' missing NodeGuid because of upgrade from old package version, this can cause deterministic cooking issues please resave package.
[2021.03.08-15.50.44:271][706]LogBlueprint: Warning: Node '/Game/MechGirl/Animation/MechGirl_ABP.MechGirl_ABP:EventGraph.K2Node_CallFunction_30436' missing NodeGuid because of upgrade from old package version, this can cause deterministic cooking issues please resave package.
[2021.03.08-15.50.44:271][706]LogBlueprint: Warning: Node '/Game/MechGirl/Animation/MechGirl_ABP.MechGirl_ABP:EventGraph.K2Node_CallFunction_3582' missing NodeGuid because of upgrade from old package version, this can cause deterministic cooking issues please resave package.
[2021.03.08-15.50.44:271][706]LogBlueprint: Warning: Node '/Game/MechGirl/Animation/MechGirl_ABP.MechGirl_ABP:EventGraph.K2Node_CallFunction_6177' missing NodeGuid because of upgrade from old package version, this can cause deterministic cooking issues please resave package.
[2021.03.08-15.50.44:271][706]LogBlueprint: Warning: Node '/Game/MechGirl/Animation/MechGirl_ABP.MechGirl_ABP:EventGraph.K2Node_DynamicCast_48' missing NodeGuid because of upgrade from old package version, this can cause deterministic cooking issues please resave package.
[2021.03.08-15.50.44:271][706]LogBlueprint: Warning: Node '/Game/MechGirl/Animation/MechGirl_ABP.MechGirl_ABP:EventGraph.K2Node_Event_14' missing NodeGuid because of upgrade from old package version, this can cause deterministic cooking issues please resave package.
[2021.03.08-15.50.44:271][706]LogBlueprint: Warning: Node '/Game/MechGirl/Animation/MechGirl_ABP.MechGirl_ABP:EventGraph.K2Node_IfThenElse_17' missing NodeGuid because of upgrade from old package version, this can cause deterministic cooking issues please resave package.
[2021.03.08-15.50.44:271][706]LogBlueprint: Warning: Node '/Game/MechGirl/Animation/MechGirl_ABP.MechGirl_ABP:AnimGraph.K2Node_VariableGet_380' missing NodeGuid because of upgrade from old package version, this can cause deterministic cooking issues please resave package.
[2021.03.08-15.50.44:271][706]LogBlueprint: Warning: Node '/Game/MechGirl/Animation/MechGirl_ABP.MechGirl_ABP:AnimGraph.K2Node_VariableGet_382' missing NodeGuid because of upgrade from old package version, this can cause deterministic cooking issues please resave package.
[2021.03.08-15.50.44:271][706]LogBlueprint: Warning: Node '/Game/MechGirl/Animation/MechGirl_ABP.MechGirl_ABP:AnimGraph.K2Node_VariableGet_430' missing NodeGuid because of upgrade from old package version, this can cause deterministic cooking issues please resave package.
[2021.03.08-15.50.44:271][706]LogBlueprint: Warning: Node '/Game/MechGirl/Animation/MechGirl_ABP.MechGirl_ABP:EventGraph.K2Node_VariableGet_85' missing NodeGuid because of upgrade from old package version, this can cause deterministic cooking issues please resave package.
[2021.03.08-15.50.44:271][706]LogBlueprint: Warning: Node '/Game/MechGirl/Animation/MechGirl_ABP.MechGirl_ABP:EventGraph.K2Node_VariableSet_100' missing NodeGuid because of upgrade from old package version, this can cause deterministic cooking issues please resave package.
[2021.03.08-15.50.44:271][706]LogBlueprint: Warning: Node '/Game/MechGirl/Animation/MechGirl_ABP.MechGirl_ABP:EventGraph.K2Node_VariableSet_101' missing NodeGuid because of upgrade from old package version, this can cause deterministic cooking issues please resave package.
[2021.03.08-15.50.44:271][706]LogBlueprint: Warning: Node '/Game/MechGirl/Animation/MechGirl_ABP.MechGirl_ABP:EventGraph.K2Node_VariableSet_93' missing NodeGuid because of upgrade from old package version, this can cause deterministic cooking issues please resave package.
[2021.03.08-15.50.44:271][706]LogBlueprint: Warning: Node '/Game/MechGirl/Animation/MechGirl_ABP.MechGirl_ABP:EventGraph.K2Node_VariableSet_95' missing NodeGuid because of upgrade from old package version, this can cause deterministic cooking issues please resave package.
[2021.03.08-15.50.44:335][706]LogBlueprint: Warning: Node '/Game/Blueprints/Projectile_BP.Projectile_BP:EventGraph.K2Node_CallFunction_58128' missing NodeGuid because of upgrade from old package version, this can cause deterministic cooking issues please resave package.
[2021.03.08-15.50.44:335][706]LogBlueprint: Warning: Node '/Game/Blueprints/Projectile_BP.Projectile_BP:EventGraph.K2Node_CallFunction_92606' missing NodeGuid because of upgrade from old package version, this can cause deterministic cooking issues please resave package.
[2021.03.08-15.50.44:335][706]LogBlueprint: Warning: Node '/Game/Blueprints/Projectile_BP.Projectile_BP:EventGraph.K2Node_CallFunction_92607' missing NodeGuid because of upgrade from old package version, this can cause deterministic cooking issues please resave package.
[2021.03.08-15.50.44:335][706]LogBlueprint: Warning: Node '/Game/Blueprints/Projectile_BP.Projectile_BP:EventGraph.K2Node_Event_1026' missing NodeGuid because of upgrade from old package version, this can cause deterministic cooking issues please resave package.
[2021.03.08-15.50.44:335][706]LogBlueprint: Warning: Node '/Game/Blueprints/Projectile_BP.Projectile_BP:EventGraph.K2Node_Event_1576' missing NodeGuid because of upgrade from old package version, this can cause deterministic cooking issues please resave package.
[2021.03.08-15.50.44:335][706]LogBlueprint: Warning: Node '/Game/Blueprints/Projectile_BP.Projectile_BP:UserConstructionScript.K2Node_FunctionEntry_354' missing NodeGuid because of upgrade from old package version, this can cause deterministic cooking issues please resave package.
[2021.03.08-15.50.44:335][706]LogBlueprint: Warning: Node '/Game/Blueprints/Projectile_BP.Projectile_BP:EventGraph.K2Node_VariableGet_599' missing NodeGuid because of upgrade from old package version, this can cause deterministic cooking issues please resave package.
[2021.03.08-15.50.44:373][706]LogAssetEditorSubsystem: Opening Asset editor for Blueprint /Game/Blueprints/GoalPoint_BP.GoalPoint_BP
[2021.03.08-15.51.47:578][968]BlueprintLog: New page: Compile GameOverField_BP
[2021.03.08-15.51.47:622][968]LogUObjectHash: Compacting FUObjectHashTables data took   3.36ms
[2021.03.08-15.51.49:315][165]Cmd: OBJ SAVEPACKAGE PACKAGE="/Game/Blueprints/GameOverField_BP" FILE="../../../../../../Coding/Unreal_game_programming_BP/CHAPTER09/SideScrollGame/Content/Blueprints/GameOverField_BP.uasset" SILENT=true
[2021.03.08-15.51.49:373][165]LogSavePackage: Moving '../../../../../../Coding/Unreal_game_programming_BP/CHAPTER09/SideScrollGame/Saved/GameOverField_BP48A2330447D31C0C9F0279B9FDDE1AA3.tmp' to '../../../../../../Coding/Unreal_game_programming_BP/CHAPTER09/SideScrollGame/Content/Blueprints/GameOverField_BP.uasset'
[2021.03.08-15.51.49:404][165]AssetCheck: New page: Asset Save: GameOverField_BP
[2021.03.08-15.51.49:404][165]LogContentValidation: Display: Validating Blueprint /Game/Blueprints/GameOverField_BP.GameOverField_BP
[2021.03.08-15.52.03:556][857]LogWorld: UWorld::CleanupWorld for World_0, bSessionEnded=true, bCleanupResources=true
[2021.03.08-15.52.03:556][857]LogSlate: InvalidateAllWidgets triggered.  All widgets were invalidated
[2021.03.08-15.52.03:975][894]LogActorComponent: UnregisterComponent: (/Engine/Transient.EditorFloorComp) Not registered. Aborting.
[2021.03.08-15.52.03:975][894]LogWorld: UWorld::CleanupWorld for World_6, bSessionEnded=true, bCleanupResources=true
[2021.03.08-15.52.03:975][894]LogSlate: InvalidateAllWidgets triggered.  All widgets were invalidated
[2021.03.08-15.52.11:431][759]LogSlate: Warning: Slate: Had to block on waiting for a draw buffer
[2021.03.08-15.52.12:364][759]LogSlate: Window 'Pick Parent Class' being destroyed
[2021.03.08-15.52.21:551][843]LogAssetEditorSubsystem: Opening Asset editor for Blueprint /Game/Blueprints/HealthItem_BP.HealthItem_BP
[2021.03.08-15.52.25:112][211]LogSlate: Window 'HealthItem_BP' being destroyed
[2021.03.08-15.53.45:634][755]LogLinker: Warning: While loading '../../../../../../Coding/Unreal_game_programming_BP/CHAPTER09/SideScrollGame/Content/Shapes/EnergyCube_Mesh.uasset' failed to load '/Game/Materials/M_Glow': Can't find file.
[2021.03.08-15.53.45:634][755]LogLinker: Warning: While loading '../../../../../../Coding/Unreal_game_programming_BP/CHAPTER09/SideScrollGame/Content/Shapes/EnergyCube_Mesh.uasset' failed to load '/Game/Materials/M_Glow': Can't find file.
[2021.03.08-15.53.45:634][755]LogLinker: Warning: While loading '../../../../../../Coding/Unreal_game_programming_BP/CHAPTER09/SideScrollGame/Content/Shapes/EnergyCube_Mesh.uasset' failed to load '/Game/Materials/M_Metal_Burnished_Steel': Can't find file.
[2021.03.08-15.53.45:634][755]LogLinker: Warning: While loading '../../../../../../Coding/Unreal_game_programming_BP/CHAPTER09/SideScrollGame/Content/Shapes/EnergyCube_Mesh.uasset' failed to load '/Game/Materials/M_Metal_Burnished_Steel': Can't find file.
[2021.03.08-15.53.45:634][755]LogLinker: Warning: While loading '../../../../../../Coding/Unreal_game_programming_BP/CHAPTER09/SideScrollGame/Content/Shapes/EnergyCube_Mesh.uasset' failed to load '/Game/Materials/M_Tech_Hex_Tile': Can't find file.
[2021.03.08-15.53.45:634][755]LogLinker: Warning: While loading '../../../../../../Coding/Unreal_game_programming_BP/CHAPTER09/SideScrollGame/Content/Shapes/EnergyCube_Mesh.uasset' failed to load '/Game/Materials/M_Tech_Hex_Tile': Can't find file.
[2021.03.08-15.53.45:634][755]LogLinker: Warning: While loading '../../../../../../Coding/Unreal_game_programming_BP/CHAPTER09/SideScrollGame/Content/Shapes/EnergyCube_Mesh.uasset' failed to load '/Game/Materials/M_Glow': Can't find file.
[2021.03.08-15.53.45:634][755]LogLinker: Warning: While loading '../../../../../../Coding/Unreal_game_programming_BP/CHAPTER09/SideScrollGame/Content/Shapes/EnergyCube_Mesh.uasset' failed to load '/Game/Materials/M_Glow': Can't find file.
[2021.03.08-15.53.45:634][755]LogLinker: Warning: While loading '../../../../../../Coding/Unreal_game_programming_BP/CHAPTER09/SideScrollGame/Content/Shapes/EnergyCube_Mesh.uasset' failed to load '/Game/Materials/M_Metal_Burnished_Steel': Can't find file.
[2021.03.08-15.53.45:635][755]LogLinker: Warning: While loading '../../../../../../Coding/Unreal_game_programming_BP/CHAPTER09/SideScrollGame/Content/Shapes/EnergyCube_Mesh.uasset' failed to load '/Game/Materials/M_Metal_Burnished_Steel': Can't find file.
[2021.03.08-15.53.45:635][755]LogLinker: Warning: While loading '../../../../../../Coding/Unreal_game_programming_BP/CHAPTER09/SideScrollGame/Content/Shapes/EnergyCube_Mesh.uasset' failed to load '/Game/Materials/M_Tech_Hex_Tile': Can't find file.
[2021.03.08-15.53.45:635][755]LogLinker: Warning: While loading '../../../../../../Coding/Unreal_game_programming_BP/CHAPTER09/SideScrollGame/Content/Shapes/EnergyCube_Mesh.uasset' failed to load '/Game/Materials/M_Tech_Hex_Tile': Can't find file.
[2021.03.08-15.53.45:635][755]LogLinker: Warning: While loading '../../../../../../Coding/Unreal_game_programming_BP/CHAPTER09/SideScrollGame/Content/Shapes/EnergyCube_Mesh.uasset' failed to load '/Game/Materials/M_Glow': Can't find file.
[2021.03.08-15.53.45:635][755]LoadErrors: Failed to load /Game/Materials/M_Glow.M_Glow Referenced by EnergyCube_Mesh
[2021.03.08-15.53.45:635][755]LogLinker: Warning: While loading '../../../../../../Coding/Unreal_game_programming_BP/CHAPTER09/SideScrollGame/Content/Shapes/EnergyCube_Mesh.uasset' failed to load '/Game/Materials/M_Glow': Can't find file.
[2021.03.08-15.53.45:635][755]LogLinker: Warning: While loading '../../../../../../Coding/Unreal_game_programming_BP/CHAPTER09/SideScrollGame/Content/Shapes/EnergyCube_Mesh.uasset' failed to load '/Game/Materials/M_Metal_Burnished_Steel': Can't find file.
[2021.03.08-15.53.45:635][755]LoadErrors: Failed to load /Game/Materials/M_Metal_Burnished_Steel.M_Metal_Burnished_Steel Referenced by EnergyCube_Mesh
[2021.03.08-15.53.45:635][755]LogLinker: Warning: While loading '../../../../../../Coding/Unreal_game_programming_BP/CHAPTER09/SideScrollGame/Content/Shapes/EnergyCube_Mesh.uasset' failed to load '/Game/Materials/M_Metal_Burnished_Steel': Can't find file.
[2021.03.08-15.53.45:635][755]LogLinker: Warning: While loading '../../../../../../Coding/Unreal_game_programming_BP/CHAPTER09/SideScrollGame/Content/Shapes/EnergyCube_Mesh.uasset' failed to load '/Game/Materials/M_Tech_Hex_Tile': Can't find file.
[2021.03.08-15.53.45:635][755]LoadErrors: Failed to load /Game/Materials/M_Tech_Hex_Tile.M_Tech_Hex_Tile Referenced by EnergyCube_Mesh
[2021.03.08-15.53.45:635][755]LogLinker: Warning: While loading '../../../../../../Coding/Unreal_game_programming_BP/CHAPTER09/SideScrollGame/Content/Shapes/EnergyCube_Mesh.uasset' failed to load '/Game/Materials/M_Tech_Hex_Tile': Can't find file.
[2021.03.08-15.53.46:037][755]LogStaticMesh: Building static mesh EnergyCube_Mesh...
[2021.03.08-15.53.46:087][755]LogStaticMesh: Built static mesh [0.05s] /Game/Shapes/EnergyCube_Mesh.EnergyCube_Mesh
[2021.03.08-15.55.06:930][907]LogUObjectHash: Compacting FUObjectHashTables data took   4.12ms
[2021.03.08-15.55.06:938][907]LogFileHelpers: Editor autosave (incl. sublevels) for '/Game/SideScrollerBP/Maps/SideScrollerExampleMap' took 0.055
[2021.03.08-15.55.06:938][907]OBJ SavePackage: Generating thumbnails for [1] asset(s) in package [/Game/Blueprints/HealthItem_BP] ([1] browsable assets)...
[2021.03.08-15.55.06:953][907]OBJ SavePackage:     Rendered thumbnail for [Blueprint /Game/Blueprints/HealthItem_BP.HealthItem_BP]
[2021.03.08-15.55.06:953][907]OBJ SavePackage: Finished generating thumbnails for package [/Game/Blueprints/HealthItem_BP]
[2021.03.08-15.55.06:966][907]LogSavePackage: Moving '../../../../../../Coding/Unreal_game_programming_BP/CHAPTER09/SideScrollGame/Saved/HealthItem_BP_Auto1DC06AB1445876FFFDEEEFE986B3D4BDB.tmp' to '../../../../../../Coding/Unreal_game_programming_BP/CHAPTER09/SideScrollGame/Saved/Autosaves/Game/Blueprints/HealthItem_BP_Auto1.uasset'
[2021.03.08-15.55.06:966][907]LogFileHelpers: Auto-saving content packages took 0.028
[2021.03.08-15.55.40:469][839]LogSlate: Took 0.009652 seconds to synchronously load lazily loaded font '../../../Engine/Content/Slate/Fonts/Roboto-BoldCondensedItalic.ttf' (160K)
[2021.03.08-15.55.46:509][557]BlueprintLog: New page: Compile HealthItem_BP
[2021.03.08-15.55.46:562][557]LogUObjectHash: Compacting FUObjectHashTables data took   2.52ms
[2021.03.08-15.55.49:802][936]BlueprintLog: New page: Compile HealthItem_BP
[2021.03.08-15.55.49:828][936]LogUObjectHash: Compacting FUObjectHashTables data took   2.10ms
[2021.03.08-15.59.40:381][137]BlueprintLog: New page: Compile HealthItem_BP
[2021.03.08-15.59.40:409][137]LogUObjectHash: Compacting FUObjectHashTables data took   2.42ms
[2021.03.08-15.59.49:588][229]Cmd: OBJ SAVEPACKAGE PACKAGE="/Game/Blueprints/HealthItem_BP" FILE="../../../../../../Coding/Unreal_game_programming_BP/CHAPTER09/SideScrollGame/Content/Blueprints/HealthItem_BP.uasset" SILENT=true
[2021.03.08-15.59.49:619][229]LogSavePackage: Moving '../../../../../../Coding/Unreal_game_programming_BP/CHAPTER09/SideScrollGame/Saved/HealthItem_BP39A16D0848AF6F3A0553C7803AE2CC42.tmp' to '../../../../../../Coding/Unreal_game_programming_BP/CHAPTER09/SideScrollGame/Content/Blueprints/HealthItem_BP.uasset'
[2021.03.08-15.59.49:635][229]AssetCheck: New page: Asset Save: HealthItem_BP
[2021.03.08-15.59.49:635][229]LogContentValidation: Display: Validating Blueprint /Game/Blueprints/HealthItem_BP.HealthItem_BP
[2021.03.08-15.59.51:318][429]LogWorld: UWorld::CleanupWorld for World_9, bSessionEnded=true, bCleanupResources=true
[2021.03.08-15.59.51:318][429]LogSlate: InvalidateAllWidgets triggered.  All widgets were invalidated
[2021.03.08-16.01.39:386][368]LogSlate: Warning: Slate: Had to block on waiting for a draw buffer
[2021.03.08-16.01.47:013][368]LogSlate: Window 'Pick Parent Class' being destroyed
[2021.03.08-16.01.55:338][335]LogAssetEditorSubsystem: Opening Asset editor for Blueprint /Game/Blueprints/MyHUD.MyHUD
[2021.03.08-16.02.02:007][ 69]LogSlate: Window 'MyHUD' being destroyed
[2021.03.08-16.03.00:775][ 74]BlueprintLog: New page: Compile MyHUD
[2021.03.08-16.03.00:801][ 74]LogUObjectHash: Compacting FUObjectHashTables data took   2.19ms
[2021.03.08-16.03.03:843][416]LogSlate: Window 'Color Picker' being destroyed
[2021.03.08-16.03.24:892][933]BlueprintLog: New page: Compile MyHUD
[2021.03.08-16.03.24:917][933]LogUObjectHash: Compacting FUObjectHashTables data took   2.11ms
[2021.03.08-16.04.47:166][602]BlueprintLog: New page: Compile MyHUD
[2021.03.08-16.04.47:194][602]LogUObjectHash: Compacting FUObjectHashTables data took   2.60ms
[2021.03.08-16.08.56:050][ 44]BlueprintLog: New page: Compile MyHUD
[2021.03.08-16.08.56:078][ 44]LogUObjectHash: Compacting FUObjectHashTables data took   2.23ms
[2021.03.08-16.09.15:190][299]LogSlate: Prevented a slow task dialog from being summoned while a context menu was open
[2021.03.08-16.09.20:150][891]LogSlate: Prevented a slow task dialog from being summoned while a context menu was open
[2021.03.08-16.09.20:257][891]LogBlueprint: Warning: Node '/Game/Spartol/Animation/Spartol_AnimBP.Spartol_AnimBP:ExecuteUbergraph_Spartol_AnimBP.AnimationStateGraph_0.K2Node_VariableGet_184' missing NodeGuid because of upgrade from old package version, this can cause deterministic cooking issues please resave package.
[2021.03.08-16.09.20:258][891]LogBlueprint: Warning: Node '/Game/Spartol/Animation/Spartol_AnimBP.Spartol_AnimBP:ExecuteUbergraph_Spartol_AnimBP.AnimationStateGraph_0.AnimGraphNode_BlendSpacePlayer_17' missing NodeGuid because of upgrade from old package version, this can cause deterministic cooking issues please resave package.
[2021.03.08-16.09.20:258][891]LogBlueprint: Warning: Node '/Game/Spartol/Animation/Spartol_AnimBP.Spartol_AnimBP:ExecuteUbergraph_Spartol_AnimBP.AnimationStateGraph_0.AnimGraphNode_StateResult_0' missing NodeGuid because of upgrade from old package version, this can cause deterministic cooking issues please resave package.
[2021.03.08-16.09.20:258][891]LogBlueprint: Warning: Node '/Game/Spartol/Animation/Spartol_AnimBP.Spartol_AnimBP:EdGraph_0.K2Node_FunctionResult_0' missing NodeGuid because of upgrade from old package version, this can cause deterministic cooking issues please resave package.
[2021.03.08-16.09.20:258][891]LogBlueprint: Warning: Node '/Game/Spartol/Animation/Spartol_AnimBP.Spartol_AnimBP:EdGraph_0.K2Node_FunctionEntry_0' missing NodeGuid because of upgrade from old package version, this can cause deterministic cooking issues please resave package.
[2021.03.08-16.09.20:719][891]LogBlueprint: Warning: Node '/Game/Spartol/Animation/Spartol_AnimBP.Spartol_AnimBP:AnimGraph.AnimGraphNode_StateMachine_4.Default.AnimStateNode_1.State.AnimGraphNode_BlendSpacePlayer_17' missing NodeGuid because of upgrade from old package version, this can cause deterministic cooking issues please resave package.
[2021.03.08-16.09.20:719][891]LogBlueprint: Warning: Node '/Game/Spartol/Animation/Spartol_AnimBP.Spartol_AnimBP:AnimGraph.AnimGraphNode_Root_28' missing NodeGuid because of upgrade from old package version, this can cause deterministic cooking issues please resave package.
[2021.03.08-16.09.20:719][891]LogBlueprint: Warning: Node '/Game/Spartol/Animation/Spartol_AnimBP.Spartol_AnimBP:AnimGraph.AnimGraphNode_StateMachine_4' missing NodeGuid because of upgrade from old package version, this can cause deterministic cooking issues please resave package.
[2021.03.08-16.09.20:719][891]LogBlueprint: Warning: Node '/Game/Spartol/Animation/Spartol_AnimBP.Spartol_AnimBP:AnimGraph.AnimGraphNode_StateMachine_4.Default.AnimStateNode_1.State.AnimGraphNode_StateResult_0' missing NodeGuid because of upgrade from old package version, this can cause deterministic cooking issues please resave package.
[2021.03.08-16.09.20:719][891]LogBlueprint: Warning: Node '/Game/Spartol/Animation/Spartol_AnimBP.Spartol_AnimBP:AnimGraph.AnimGraphNode_StateMachine_4.Default.AnimStateEntryNode_0' missing NodeGuid because of upgrade from old package version, this can cause deterministic cooking issues please resave package.
[2021.03.08-16.09.20:719][891]LogBlueprint: Warning: Node '/Game/Spartol/Animation/Spartol_AnimBP.Spartol_AnimBP:AnimGraph.AnimGraphNode_StateMachine_4.Default.AnimStateNode_1' missing NodeGuid because of upgrade from old package version, this can cause deterministic cooking issues please resave package.
[2021.03.08-16.09.20:719][891]LogBlueprint: Warning: Node '/Game/Spartol/Animation/Spartol_AnimBP.Spartol_AnimBP:EventGraph.K2Node_CallFunction_22394' missing NodeGuid because of upgrade from old package version, this can cause deterministic cooking issues please resave package.
[2021.03.08-16.09.20:719][891]LogBlueprint: Warning: Node '/Game/Spartol/Animation/Spartol_AnimBP.Spartol_AnimBP:EventGraph.K2Node_CallFunction_22569' missing NodeGuid because of upgrade from old package version, this can cause deterministic cooking issues please resave package.
[2021.03.08-16.09.20:719][891]LogBlueprint: Warning: Node '/Game/Spartol/Animation/Spartol_AnimBP.Spartol_AnimBP:EventGraph.K2Node_CallFunction_24983' missing NodeGuid because of upgrade from old package version, this can cause deterministic cooking issues please resave package.
[2021.03.08-16.09.20:719][891]LogBlueprint: Warning: Node '/Game/Spartol/Animation/Spartol_AnimBP.Spartol_AnimBP:EventGraph.K2Node_Event_80' missing NodeGuid because of upgrade from old package version, this can cause deterministic cooking issues please resave package.
[2021.03.08-16.09.20:719][891]LogBlueprint: Warning: Node '/Game/Spartol/Animation/Spartol_AnimBP.Spartol_AnimBP:EventGraph.K2Node_MacroInstance_307' missing NodeGuid because of upgrade from old package version, this can cause deterministic cooking issues please resave package.
[2021.03.08-16.09.20:719][891]LogBlueprint: Warning: Node '/Game/Spartol/Animation/Spartol_AnimBP.Spartol_AnimBP:AnimGraph.AnimGraphNode_StateMachine_4.Default.AnimStateNode_1.State.K2Node_VariableGet_184' missing NodeGuid because of upgrade from old package version, this can cause deterministic cooking issues please resave package.
[2021.03.08-16.09.20:719][891]LogBlueprint: Warning: Node '/Game/Spartol/Animation/Spartol_AnimBP.Spartol_AnimBP:EventGraph.K2Node_VariableGet_177' missing NodeGuid because of upgrade from old package version, this can cause deterministic cooking issues please resave package.
[2021.03.08-16.09.20:719][891]LogBlueprint: Warning: Node '/Game/Spartol/Animation/Spartol_AnimBP.Spartol_AnimBP:EventGraph.K2Node_VariableSet_207' missing NodeGuid because of upgrade from old package version, this can cause deterministic cooking issues please resave package.
[2021.03.08-16.11.36:106][900]LogUObjectHash: Compacting FUObjectHashTables data took   3.12ms
[2021.03.08-16.11.36:108][900]LogFileHelpers: Editor autosave (incl. sublevels) for '/Game/SideScrollerBP/Maps/SideScrollerExampleMap' took 0.022
[2021.03.08-16.11.36:108][900]OBJ SavePackage: Generating thumbnails for [0] asset(s) in package [/Game/Blueprints/MyHUD] ([1] browsable assets)...
[2021.03.08-16.11.36:108][900]OBJ SavePackage: Finished generating thumbnails for package [/Game/Blueprints/MyHUD]
[2021.03.08-16.11.36:503][900]LogSavePackage: Moving '../../../../../../Coding/Unreal_game_programming_BP/CHAPTER09/SideScrollGame/Saved/MyHUD_Auto2CF1DE1EF4DC8725855A086AC79B30A35.tmp' to '../../../../../../Coding/Unreal_game_programming_BP/CHAPTER09/SideScrollGame/Saved/Autosaves/Game/Blueprints/MyHUD_Auto2.uasset'
[2021.03.08-16.11.36:503][900]LogFileHelpers: Auto-saving content packages took 0.396
[2021.03.08-16.12.10:243][940]BlueprintLog: New page: Compile MyHUD
[2021.03.08-16.12.10:274][940]LogUObjectHash: Compacting FUObjectHashTables data took   1.85ms
[2021.03.08-16.12.10:934][ 14]Cmd: OBJ SAVEPACKAGE PACKAGE="/Game/Blueprints/MyHUD" FILE="../../../../../../Coding/Unreal_game_programming_BP/CHAPTER09/SideScrollGame/Content/Blueprints/MyHUD.uasset" SILENT=true
[2021.03.08-16.12.10:953][ 14]LogSavePackage: Moving '../../../../../../Coding/Unreal_game_programming_BP/CHAPTER09/SideScrollGame/Saved/MyHUDD0DC636344E6D443E86F12B609CC26FB.tmp' to '../../../../../../Coding/Unreal_game_programming_BP/CHAPTER09/SideScrollGame/Content/Blueprints/MyHUD.uasset'
[2021.03.08-16.12.10:964][ 14]AssetCheck: New page: Asset Save: MyHUD
[2021.03.08-16.12.10:964][ 14]LogContentValidation: Display: Validating Blueprint /Game/Blueprints/MyHUD.MyHUD
[2021.03.08-16.14.09:434][ 53]BlueprintLog: New page: Compile MyHUD
[2021.03.08-16.14.09:464][ 53]LogUObjectHash: Compacting FUObjectHashTables data took   2.20ms
[2021.03.08-16.15.54:264][444]LogEditorTransaction: Undo Add Node
[2021.03.08-16.16.33:449][ 87]BlueprintLog: New page: Compile MyHUD
[2021.03.08-16.16.33:483][ 87]LogUObjectHash: Compacting FUObjectHashTables data took   2.60ms
[2021.03.08-16.21.36:503][810]LogUObjectHash: Compacting FUObjectHashTables data took   2.78ms
[2021.03.08-16.21.36:505][810]LogFileHelpers: Editor autosave (incl. sublevels) for '/Game/SideScrollerBP/Maps/SideScrollerExampleMap' took 0.020
[2021.03.08-16.21.36:505][810]OBJ SavePackage: Generating thumbnails for [0] asset(s) in package [/Game/Blueprints/MyHUD] ([1] browsable assets)...
[2021.03.08-16.21.36:505][810]OBJ SavePackage: Finished generating thumbnails for package [/Game/Blueprints/MyHUD]
[2021.03.08-16.21.36:529][810]LogSavePackage: Moving '../../../../../../Coding/Unreal_game_programming_BP/CHAPTER09/SideScrollGame/Saved/MyHUD_Auto351995055469B8A1C4F29C39DB64D0AB6.tmp' to '../../../../../../Coding/Unreal_game_programming_BP/CHAPTER09/SideScrollGame/Saved/Autosaves/Game/Blueprints/MyHUD_Auto3.uasset'
[2021.03.08-16.21.36:530][810]LogFileHelpers: Auto-saving content packages took 0.025
[2021.03.08-16.24.29:808][978]Cmd: OBJ SAVEPACKAGE PACKAGE="/Game/Blueprints/MyHUD" FILE="../../../../../../Coding/Unreal_game_programming_BP/CHAPTER09/SideScrollGame/Content/Blueprints/MyHUD.uasset" SILENT=true
[2021.03.08-16.24.29:828][978]LogSavePackage: Moving '../../../../../../Coding/Unreal_game_programming_BP/CHAPTER09/SideScrollGame/Saved/MyHUD864903F346F3083326F865BFA6A631BD.tmp' to '../../../../../../Coding/Unreal_game_programming_BP/CHAPTER09/SideScrollGame/Content/Blueprints/MyHUD.uasset'
[2021.03.08-16.24.29:842][978]AssetCheck: New page: Asset Save: MyHUD
[2021.03.08-16.24.29:842][978]LogContentValidation: Display: Validating Blueprint /Game/Blueprints/MyHUD.MyHUD
